<?xml version="1.0" encoding="UTF-8"?>
<coverage generated="1787509769858" clover="3.2.0">
  <project timestamp="1787509769858" name="All files">
    <metrics statements="2194" coveredstatements="1664" conditionals="1957" coveredconditionals="1132" methods="435" coveredmethods="333" elements="4586" coveredelements="3129" complexity="0" loc="2194" ncloc="2194" packages="3" files="16" classes="16"/>
    <package name="finance-app-native">
      <metrics statements="38" coveredstatements="32" conditionals="16" coveredconditionals="9" methods="9" coveredmethods="3"/>
      <file name="constants.ts" path="/Users/d246810g2000/Documents/app/finance-app-native/constants.ts">
        <metrics statements="17" coveredstatements="13" conditionals="6" coveredconditionals="3" methods="4" coveredmethods="1"/>
        <line num="1" count="13" type="stmt"/>
        <line num="9" count="13" type="stmt"/>
        <line num="18" count="13" type="stmt"/>
        <line num="25" count="13" type="stmt"/>
        <line num="26" count="13" type="stmt"/>
        <line num="28" count="13" type="stmt"/>
        <line num="29" count="78" type="stmt"/>
        <line num="35" count="13" type="stmt"/>
        <line num="36" count="13" type="stmt"/>
        <line num="37" count="13" type="stmt"/>
        <line num="39" count="13" type="stmt"/>
        <line num="48" count="13" type="stmt"/>
        <line num="50" count="13" type="stmt"/>
        <line num="51" count="0" type="stmt"/>
        <line num="52" count="0" type="cond" truecount="0" falsecount="2"/>
        <line num="53" count="0" type="stmt"/>
        <line num="56" count="0" type="stmt"/>
      </file>
      <file name="theme.ts" path="/Users/d246810g2000/Documents/app/finance-app-native/theme.ts">
        <metrics statements="21" coveredstatements="19" conditionals="10" coveredconditionals="6" methods="5" coveredmethods="2"/>
        <line num="8" count="13" type="stmt"/>
        <line num="64" count="13" type="stmt"/>
        <line num="66" count="13" type="stmt"/>
        <line num="98" count="13" type="stmt"/>
        <line num="131" count="26" type="stmt"/>
        <line num="182" count="13" type="stmt"/>
        <line num="183" count="13" type="stmt"/>
        <line num="186" count="13" type="stmt"/>
        <line num="187" count="0" type="cond" truecount="0" falsecount="2"/>
        <line num="194" count="13" type="stmt"/>
        <line num="197" count="13" type="stmt"/>
        <line num="200" count="13" type="stmt"/>
        <line num="212" count="13" type="stmt"/>
        <line num="217" count="13" type="stmt"/>
        <line num="224" count="13" type="stmt"/>
        <line num="232" count="13" type="stmt"/>
        <line num="240" count="13" type="stmt"/>
        <line num="241" count="0" type="cond" truecount="0" falsecount="2"/>
        <line num="245" count="13" type="stmt"/>
        <line num="283" count="13" type="stmt"/>
        <line num="303" count="13" type="stmt"/>
      </file>
    </package>
    <package name="finance-app-native.services">
      <metrics statements="2111" coveredstatements="1604" conditionals="1920" coveredconditionals="1106" methods="418" coveredmethods="328"/>
      <file name="budgetService.ts" path="/Users/d246810g2000/Documents/app/finance-app-native/services/budgetService.ts">
        <metrics statements="176" coveredstatements="119" conditionals="143" coveredconditionals="80" methods="23" coveredmethods="16"/>
        <line num="2" count="2" type="stmt"/>
        <line num="4" count="2" type="stmt"/>
        <line num="7" count="2" type="cond" truecount="1" falsecount="0"/>
        <line num="8" count="1" type="cond" truecount="1" falsecount="1"/>
        <line num="9" count="1" type="stmt"/>
        <line num="10" count="1" type="cond" truecount="1" falsecount="1"/>
        <line num="11" count="1" type="cond" truecount="1" falsecount="1"/>
        <line num="12" count="1" type="stmt"/>
        <line num="15" count="2" type="stmt"/>
        <line num="16" count="2" type="stmt"/>
        <line num="17" count="2" type="cond" truecount="1" falsecount="1"/>
        <line num="18" count="2" type="cond" truecount="1" falsecount="1"/>
        <line num="21" count="2" type="stmt"/>
        <line num="27" count="2" type="stmt"/>
        <line num="28" count="0" type="stmt"/>
        <line num="29" count="0" type="stmt"/>
        <line num="30" count="0" type="cond" truecount="0" falsecount="2"/>
        <line num="31" count="0" type="stmt"/>
        <line num="32" count="0" type="stmt"/>
        <line num="34" count="0" type="stmt"/>
        <line num="40" count="0" type="stmt"/>
        <line num="41" count="0" type="stmt"/>
        <line num="45" count="2" type="stmt"/>
        <line num="46" count="0" type="stmt"/>
        <line num="47" count="0" type="stmt"/>
        <line num="49" count="0" type="stmt"/>
        <line num="53" count="2" type="stmt"/>
        <line num="54" count="0" type="stmt"/>
        <line num="55" count="0" type="stmt"/>
        <line num="56" count="0" type="cond" truecount="0" falsecount="2"/>
        <line num="57" count="0" type="stmt"/>
        <line num="58" count="0" type="stmt"/>
        <line num="60" count="0" type="stmt"/>
        <line num="61" count="0" type="stmt"/>
        <line num="66" count="0" type="stmt"/>
        <line num="67" count="0" type="stmt"/>
        <line num="71" count="2" type="stmt"/>
        <line num="72" count="0" type="stmt"/>
        <line num="73" count="0" type="stmt"/>
        <line num="75" count="0" type="stmt"/>
        <line num="82" count="2" type="stmt"/>
        <line num="83" count="58" type="cond" truecount="2" falsecount="0"/>
        <line num="89" count="2" type="stmt"/>
        <line num="91" count="3" type="cond" truecount="4" falsecount="0"/>
        <line num="92" count="1" type="stmt"/>
        <line num="93" count="1" type="cond" truecount="3" falsecount="1"/>
        <line num="94" count="1" type="stmt"/>
        <line num="95" count="1" type="cond" truecount="1" falsecount="1"/>
        <line num="100" count="2" type="stmt"/>
        <line num="101" count="2" type="cond" truecount="1" falsecount="1"/>
        <line num="103" count="2" type="cond" truecount="3" falsecount="1"/>
        <line num="104" count="0" type="cond" truecount="0" falsecount="2"/>
        <line num="105" count="0" type="cond" truecount="0" falsecount="2"/>
        <line num="106" count="0" type="stmt"/>
        <line num="108" count="2" type="cond" truecount="1" falsecount="1"/>
        <line num="109" count="2" type="stmt"/>
        <line num="112" count="0" type="stmt"/>
        <line num="115" count="2" type="stmt"/>
        <line num="121" count="3" type="stmt"/>
        <line num="122" count="3" type="stmt"/>
        <line num="124" count="3" type="stmt"/>
        <line num="125" count="3" type="cond" truecount="2" falsecount="0"/>
        <line num="128" count="3" type="stmt"/>
        <line num="130" count="5" type="cond" truecount="1" falsecount="1"/>
        <line num="131" count="0" type="stmt"/>
        <line num="132" count="0" type="stmt"/>
        <line num="133" count="5" type="cond" truecount="3" falsecount="1"/>
        <line num="134" count="5" type="stmt"/>
        <line num="135" count="5" type="cond" truecount="3" falsecount="1"/>
        <line num="136" count="0" type="cond" truecount="0" falsecount="2"/>
        <line num="137" count="0" type="cond" truecount="0" falsecount="2"/>
        <line num="138" count="0" type="stmt"/>
        <line num="139" count="0" type="stmt"/>
        <line num="141" count="0" type="stmt"/>
        <line num="143" count="5" type="cond" truecount="1" falsecount="1"/>
        <line num="144" count="5" type="stmt"/>
        <line num="145" count="5" type="stmt"/>
        <line num="147" count="0" type="stmt"/>
        <line num="150" count="0" type="stmt"/>
        <line num="152" count="5" type="cond" truecount="2" falsecount="0"/>
        <line num="156" count="3" type="stmt"/>
        <line num="157" count="3" type="stmt"/>
        <line num="158" count="3" type="stmt"/>
        <line num="159" count="3" type="stmt"/>
        <line num="160" count="3" type="stmt"/>
        <line num="161" count="3" type="stmt"/>
        <line num="164" count="3" type="stmt"/>
        <line num="166" count="3" type="stmt"/>
        <line num="167" count="1" type="stmt"/>
        <line num="168" count="1" type="stmt"/>
        <line num="170" count="1" type="cond" truecount="5" falsecount="1"/>
        <line num="171" count="1" type="cond" truecount="1" falsecount="1"/>
        <line num="173" count="1" type="cond" truecount="1" falsecount="1"/>
        <line num="174" count="0" type="stmt"/>
        <line num="177" count="1" type="stmt"/>
        <line num="178" count="1" type="cond" truecount="1" falsecount="1"/>
        <line num="179" count="1" type="cond" truecount="1" falsecount="1"/>
        <line num="181" count="1" type="stmt"/>
        <line num="182" count="1" type="cond" truecount="2" falsecount="0"/>
        <line num="183" count="1" type="stmt"/>
        <line num="185" count="1" type="cond" truecount="1" falsecount="1"/>
        <line num="186" count="0" type="stmt"/>
        <line num="187" count="1" type="cond" truecount="2" falsecount="2"/>
        <line num="188" count="0" type="stmt"/>
        <line num="191" count="1" type="stmt"/>
        <line num="193" count="1" type="stmt"/>
        <line num="194" count="1" type="cond" truecount="1" falsecount="1"/>
        <line num="195" count="1" type="cond" truecount="2" falsecount="0"/>
        <line num="196" count="1" type="cond" truecount="2" falsecount="0"/>
        <line num="197" count="1" type="stmt"/>
        <line num="198" count="1" type="stmt"/>
        <line num="200" count="0" type="cond" truecount="0" falsecount="2"/>
        <line num="201" count="0" type="stmt"/>
        <line num="207" count="3" type="stmt"/>
        <line num="208" count="3" type="stmt"/>
        <line num="210" count="3" type="stmt"/>
        <line num="211" count="6" type="cond" truecount="2" falsecount="0"/>
        <line num="212" count="6" type="cond" truecount="2" falsecount="0"/>
        <line num="216" count="7" type="cond" truecount="2" falsecount="0"/>
        <line num="217" count="6" type="cond" truecount="2" falsecount="0"/>
        <line num="218" count="2" type="stmt"/>
        <line num="219" count="2" type="stmt"/>
        <line num="222" count="6" type="stmt"/>
        <line num="223" count="6" type="stmt"/>
        <line num="224" count="6" type="cond" truecount="1" falsecount="3"/>
        <line num="226" count="6" type="stmt"/>
        <line num="227" count="6" type="cond" truecount="1" falsecount="1"/>
        <line num="228" count="6" type="cond" truecount="1" falsecount="1"/>
        <line num="229" count="6" type="cond" truecount="1" falsecount="1"/>
        <line num="232" count="6" type="cond" truecount="1" falsecount="1"/>
        <line num="233" count="0" type="stmt"/>
        <line num="234" count="0" type="stmt"/>
        <line num="235" count="0" type="stmt"/>
        <line num="237" count="0" type="cond" truecount="0" falsecount="2"/>
        <line num="238" count="0" type="stmt"/>
        <line num="240" count="0" type="stmt"/>
        <line num="244" count="6" type="stmt"/>
        <line num="256" count="15" type="stmt"/>
        <line num="257" count="9" type="stmt"/>
        <line num="263" count="3" type="stmt"/>
        <line num="264" count="3" type="stmt"/>
        <line num="265" count="3" type="stmt"/>
        <line num="267" count="3" type="stmt"/>
        <line num="268" count="9" type="cond" truecount="2" falsecount="0"/>
        <line num="270" count="12" type="stmt"/>
        <line num="271" count="0" type="cond" truecount="0" falsecount="2"/>
        <line num="272" count="0" type="cond" truecount="0" falsecount="2"/>
        <line num="273" count="0" type="stmt"/>
        <line num="276" count="8" type="cond" truecount="2" falsecount="0"/>
        <line num="278" count="3" type="stmt"/>
        <line num="279" count="3" type="stmt"/>
        <line num="280" count="3" type="cond" truecount="1" falsecount="1"/>
        <line num="282" count="3" type="cond" truecount="1" falsecount="1"/>
        <line num="283" count="3" type="cond" truecount="1" falsecount="1"/>
        <line num="284" count="3" type="cond" truecount="2" falsecount="0"/>
        <line num="285" count="3" type="stmt"/>
        <line num="286" count="3" type="cond" truecount="1" falsecount="1"/>
        <line num="288" count="3" type="stmt"/>
        <line num="295" count="3" type="cond" truecount="2" falsecount="0"/>
        <line num="296" count="2" type="cond" truecount="1" falsecount="1"/>
        <line num="298" count="0" type="stmt"/>
        <line num="299" count="0" type="stmt"/>
        <line num="300" count="0" type="cond" truecount="0" falsecount="2"/>
        <line num="301" count="0" type="cond" truecount="0" falsecount="2"/>
        <line num="302" count="0" type="stmt"/>
        <line num="306" count="2" type="stmt"/>
        <line num="309" count="2" type="stmt"/>
        <line num="310" count="2" type="stmt"/>
        <line num="318" count="6" type="stmt"/>
        <line num="319" count="3" type="stmt"/>
        <line num="320" count="3" type="stmt"/>
        <line num="321" count="0" type="cond" truecount="0" falsecount="2"/>
        <line num="322" count="0" type="stmt"/>
        <line num="326" count="6" type="stmt"/>
        <line num="328" count="3" type="stmt"/>
        <line num="329" count="3" type="stmt"/>
      </file>
      <file name="creditCardSettingsService.ts" path="/Users/d246810g2000/Documents/app/finance-app-native/services/creditCardSettingsService.ts">
        <metrics statements="68" coveredstatements="54" conditionals="35" coveredconditionals="15" methods="19" coveredmethods="17"/>
        <line num="1" count="2" type="stmt"/>
        <line num="4" count="2" type="stmt"/>
        <line num="5" count="2" type="cond" truecount="1" falsecount="1"/>
        <line num="7" count="2" type="stmt"/>
        <line num="9" count="2" type="stmt"/>
        <line num="10" count="24" type="cond" truecount="1" falsecount="1"/>
        <line num="11" count="24" type="stmt"/>
        <line num="14" count="2" type="stmt"/>
        <line num="18" count="18" type="stmt"/>
        <line num="19" count="18" type="cond" truecount="2" falsecount="0"/>
        <line num="20" count="4" type="stmt"/>
        <line num="22" count="14" type="stmt"/>
        <line num="29" count="2" type="stmt"/>
        <line num="34" count="2" type="stmt"/>
        <line num="35" count="2" type="cond" truecount="2" falsecount="0"/>
        <line num="37" count="1" type="stmt"/>
        <line num="38" count="1" type="stmt"/>
        <line num="39" count="4" type="stmt"/>
        <line num="41" count="1" type="cond" truecount="1" falsecount="1"/>
        <line num="44" count="2" type="stmt"/>
        <line num="49" count="1" type="stmt"/>
        <line num="50" count="1" type="cond" truecount="1" falsecount="1"/>
        <line num="51" count="1" type="stmt"/>
        <line num="52" count="1" type="stmt"/>
        <line num="53" count="4" type="stmt"/>
        <line num="54" count="4" type="stmt"/>
        <line num="57" count="2" type="stmt"/>
        <line num="58" count="1" type="stmt"/>
        <line num="61" count="4" type="stmt"/>
        <line num="62" count="4" type="stmt"/>
        <line num="64" count="1" type="stmt"/>
        <line num="67" count="2" type="stmt"/>
        <line num="71" count="2" type="stmt"/>
        <line num="72" count="1" type="cond" truecount="1" falsecount="1"/>
        <line num="73" count="0" type="stmt"/>
        <line num="75" count="1" type="stmt"/>
        <line num="76" count="1" type="stmt"/>
        <line num="84" count="2" type="stmt"/>
        <line num="91" count="1" type="stmt"/>
        <line num="92" count="1" type="stmt"/>
        <line num="93" count="1" type="stmt"/>
        <line num="94" count="1" type="stmt"/>
        <line num="96" count="1" type="stmt"/>
        <line num="101" count="1" type="stmt"/>
        <line num="102" count="2" type="stmt"/>
        <line num="103" count="2" type="cond" truecount="1" falsecount="1"/>
        <line num="104" count="2" type="stmt"/>
        <line num="108" count="0" type="cond" truecount="0" falsecount="4"/>
        <line num="109" count="0" type="stmt"/>
        <line num="116" count="1" type="stmt"/>
        <line num="119" count="2" type="stmt"/>
        <line num="124" count="1" type="stmt"/>
        <line num="125" count="1" type="stmt"/>
        <line num="126" count="3" type="stmt"/>
        <line num="131" count="1" type="stmt"/>
        <line num="134" count="2" type="stmt"/>
        <line num="135" count="0" type="stmt"/>
        <line num="136" count="0" type="stmt"/>
        <line num="137" count="0" type="cond" truecount="0" falsecount="2"/>
        <line num="138" count="0" type="stmt"/>
        <line num="139" count="0" type="stmt"/>
        <line num="140" count="0" type="cond" truecount="0" falsecount="4"/>
        <line num="142" count="0" type="stmt"/>
        <line num="143" count="0" type="stmt"/>
        <line num="147" count="2" type="stmt"/>
        <line num="148" count="0" type="stmt"/>
        <line num="149" count="0" type="stmt"/>
        <line num="151" count="0" type="stmt"/>
      </file>
      <file name="financeService.ts" path="/Users/d246810g2000/Documents/app/finance-app-native/services/financeService.ts">
        <metrics statements="794" coveredstatements="456" conditionals="791" coveredconditionals="391" methods="101" coveredmethods="58"/>
        <line num="3" count="10" type="stmt"/>
        <line num="4" count="10" type="stmt"/>
        <line num="5" count="10" type="stmt"/>
        <line num="6" count="10" type="stmt"/>
        <line num="7" count="10" type="stmt"/>
        <line num="10" count="10" type="cond" truecount="0" falsecount="1"/>
        <line num="11" count="0" type="cond" truecount="0" falsecount="4"/>
        <line num="12" count="0" type="stmt"/>
        <line num="14" count="0" type="stmt"/>
        <line num="15" count="0" type="cond" truecount="0" falsecount="2"/>
        <line num="16" count="0" type="stmt"/>
        <line num="19" count="0" type="stmt"/>
        <line num="23" count="10" type="stmt"/>
        <line num="24" count="0" type="stmt"/>
        <line num="25" count="0" type="stmt"/>
        <line num="26" count="0" type="stmt"/>
        <line num="27" count="0" type="stmt"/>
        <line num="31" count="10" type="stmt"/>
        <line num="32" count="0" type="stmt"/>
        <line num="34" count="0" type="cond" truecount="0" falsecount="5"/>
        <line num="35" count="0" type="stmt"/>
        <line num="36" count="0" type="stmt"/>
        <line num="37" count="0" type="stmt"/>
        <line num="38" count="0" type="stmt"/>
        <line num="39" count="0" type="cond" truecount="0" falsecount="2"/>
        <line num="42" count="0" type="stmt"/>
        <line num="43" count="0" type="stmt"/>
        <line num="46" count="0" type="cond" truecount="0" falsecount="2"/>
        <line num="47" count="0" type="stmt"/>
        <line num="48" count="0" type="stmt"/>
        <line num="50" count="0" type="stmt"/>
        <line num="54" count="0" type="stmt"/>
        <line num="56" count="0" type="cond" truecount="0" falsecount="2"/>
        <line num="57" count="0" type="stmt"/>
        <line num="59" count="0" type="stmt"/>
        <line num="65" count="0" type="cond" truecount="0" falsecount="2"/>
        <line num="66" count="0" type="cond" truecount="0" falsecount="2"/>
        <line num="67" count="0" type="stmt"/>
        <line num="70" count="0" type="stmt"/>
        <line num="71" count="0" type="stmt"/>
        <line num="74" count="0" type="stmt"/>
        <line num="77" count="0" type="stmt"/>
        <line num="79" count="0" type="cond" truecount="0" falsecount="2"/>
        <line num="84" count="10" type="stmt"/>
        <line num="85" count="40045" type="stmt"/>
        <line num="87" count="7" type="cond" truecount="1" falsecount="1"/>
        <line num="88" count="0" type="stmt"/>
        <line num="92" count="7" type="stmt"/>
        <line num="93" count="40032" type="stmt"/>
        <line num="94" count="40032" type="stmt"/>
        <line num="95" count="40032" type="stmt"/>
        <line num="97" count="40032" type="stmt"/>
        <line num="98" count="5538687" type="stmt"/>
        <line num="99" count="5538687" type="cond" truecount="2" falsecount="0"/>
        <line num="100" count="1120896" type="cond" truecount="3" falsecount="1"/>
        <line num="101" count="0" type="stmt"/>
        <line num="102" count="0" type="stmt"/>
        <line num="104" count="1120896" type="stmt"/>
        <line num="106" count="4417791" type="cond" truecount="4" falsecount="0"/>
        <line num="107" count="520416" type="stmt"/>
        <line num="108" count="520416" type="stmt"/>
        <line num="110" count="3897375" type="stmt"/>
        <line num="113" count="40032" type="stmt"/>
        <line num="114" count="40032" type="stmt"/>
        <line num="117" count="7" type="stmt"/>
        <line num="119" count="7" type="stmt"/>
        <line num="120" count="40025" type="stmt"/>
        <line num="121" count="40025" type="stmt"/>
        <line num="122" count="40025" type="stmt"/>
        <line num="124" count="560350" type="stmt"/>
        <line num="125" count="560350" type="cond" truecount="2" falsecount="0"/>
        <line num="126" count="560350" type="stmt"/>
        <line num="130" count="40025" type="cond" truecount="2" falsecount="2"/>
        <line num="131" count="0" type="stmt"/>
        <line num="135" count="40025" type="cond" truecount="1" falsecount="3"/>
        <line num="136" count="40025" type="cond" truecount="1" falsecount="1"/>
        <line num="137" count="40025" type="stmt"/>
        <line num="140" count="7" type="stmt"/>
        <line num="144" count="10" type="stmt"/>
        <line num="145" count="62005" type="cond" truecount="2" falsecount="0"/>
        <line num="146" count="40174" type="stmt"/>
        <line num="151" count="130003" type="stmt"/>
        <line num="170" count="10" type="stmt"/>
        <line num="174" count="1" type="stmt"/>
        <line num="175" count="1" type="stmt"/>
        <line num="176" count="1" type="stmt"/>
        <line num="177" count="1" type="stmt"/>
        <line num="178" count="1" type="stmt"/>
        <line num="179" count="1" type="stmt"/>
        <line num="180" count="1" type="stmt"/>
        <line num="181" count="1" type="stmt"/>
        <line num="183" count="1" type="stmt"/>
        <line num="184" count="6648" type="cond" truecount="4" falsecount="0"/>
        <line num="185" count="38" type="stmt"/>
        <line num="186" count="38" type="stmt"/>
        <line num="188" count="6610" type="cond" truecount="1" falsecount="1"/>
        <line num="189" count="6610" type="cond" truecount="1" falsecount="1"/>
        <line num="190" count="6610" type="cond" truecount="4" falsecount="0"/>
        <line num="191" count="6610" type="cond" truecount="4" falsecount="0"/>
        <line num="193" count="6610" type="cond" truecount="2" falsecount="0"/>
        <line num="195" count="6610" type="cond" truecount="2" falsecount="0"/>
        <line num="196" count="6610" type="cond" truecount="1" falsecount="1"/>
        <line num="197" count="0" type="stmt"/>
        <line num="198" count="0" type="stmt"/>
        <line num="200" count="6610" type="cond" truecount="2" falsecount="0"/>
        <line num="201" count="6610" type="stmt"/>
        <line num="202" count="6610" type="cond" truecount="2" falsecount="0"/>
        <line num="203" count="6610" type="cond" truecount="4" falsecount="0"/>
        <line num="204" count="2079" type="stmt"/>
        <line num="205" count="2079" type="stmt"/>
        <line num="207" count="4531" type="stmt"/>
        <line num="208" count="4531" type="cond" truecount="1" falsecount="1"/>
        <line num="209" count="4531" type="stmt"/>
        <line num="212" count="1" type="stmt"/>
        <line num="238" count="10" type="stmt"/>
        <line num="243" count="7" type="cond" truecount="1" falsecount="0"/>
        <line num="244" count="7" type="stmt"/>
        <line num="245" count="7" type="stmt"/>
        <line num="246" count="57" type="cond" truecount="1" falsecount="1"/>
        <line num="247" count="57" type="cond" truecount="1" falsecount="1"/>
        <line num="250" count="7" type="stmt"/>
        <line num="251" count="7" type="stmt"/>
        <line num="252" count="7" type="stmt"/>
        <line num="253" count="7" type="stmt"/>
        <line num="254" count="23" type="cond" truecount="1" falsecount="1"/>
        <line num="255" count="23" type="cond" truecount="1" falsecount="1"/>
        <line num="256" count="0" type="stmt"/>
        <line num="257" count="0" type="stmt"/>
        <line num="258" count="0" type="stmt"/>
        <line num="259" count="0" type="stmt"/>
        <line num="260" count="0" type="stmt"/>
        <line num="262" count="23" type="stmt"/>
        <line num="263" count="23" type="cond" truecount="2" falsecount="0"/>
        <line num="264" count="21" type="stmt"/>
        <line num="265" count="21" type="stmt"/>
        <line num="267" count="21" type="cond" truecount="4" falsecount="0"/>
        <line num="268" count="2" type="stmt"/>
        <line num="271" count="21" type="stmt"/>
        <line num="272" count="21" type="stmt"/>
        <line num="273" count="21" type="stmt"/>
        <line num="275" count="2" type="stmt"/>
        <line num="276" count="2" type="stmt"/>
        <line num="280" count="7" type="stmt"/>
        <line num="281" count="7" type="cond" truecount="2" falsecount="0"/>
        <line num="282" count="2" type="stmt"/>
        <line num="283" count="32" type="cond" truecount="2" falsecount="0"/>
        <line num="284" count="16" type="stmt"/>
        <line num="285" count="16" type="stmt"/>
        <line num="290" count="7" type="stmt"/>
        <line num="291" count="7" type="cond" truecount="2" falsecount="0"/>
        <line num="292" count="7" type="stmt"/>
        <line num="296" count="10" type="cond" truecount="1" falsecount="0"/>
        <line num="297" count="1189" type="cond" truecount="1" falsecount="1"/>
        <line num="298" count="1189" type="stmt"/>
        <line num="299" count="1189" type="stmt"/>
        <line num="307" count="1189" type="stmt"/>
        <line num="308" count="1189" type="cond" truecount="4" falsecount="0"/>
        <line num="309" count="12" type="stmt"/>
        <line num="310" count="1177" type="cond" truecount="2" falsecount="0"/>
        <line num="311" count="39" type="stmt"/>
        <line num="312" count="39" type="cond" truecount="2" falsecount="0"/>
        <line num="313" count="1138" type="cond" truecount="2" falsecount="0"/>
        <line num="314" count="26" type="stmt"/>
        <line num="315" count="26" type="cond" truecount="2" falsecount="0"/>
        <line num="318" count="1189" type="cond" truecount="2" falsecount="0"/>
        <line num="319" count="1189" type="cond" truecount="1" falsecount="1"/>
        <line num="330" count="10" type="stmt"/>
        <line num="335" count="1" type="stmt"/>
        <line num="336" count="1" type="stmt"/>
        <line num="338" count="1" type="stmt"/>
        <line num="339" count="6602" type="stmt"/>
        <line num="340" count="6602" type="stmt"/>
        <line num="341" count="6602" type="cond" truecount="1" falsecount="2"/>
        <line num="342" count="6602" type="cond" truecount="4" falsecount="0"/>
        <line num="343" count="5186" type="cond" truecount="4" falsecount="1"/>
        <line num="345" count="5186" type="stmt"/>
        <line num="346" count="5186" type="cond" truecount="3" falsecount="1"/>
        <line num="348" count="5186" type="cond" truecount="2" falsecount="0"/>
        <line num="350" count="3083" type="cond" truecount="3" falsecount="1"/>
        <line num="351" count="3083" type="stmt"/>
        <line num="352" count="3083" type="cond" truecount="1" falsecount="1"/>
        <line num="354" count="3083" type="cond" truecount="2" falsecount="0"/>
        <line num="355" count="3083" type="stmt"/>
        <line num="356" count="3083" type="stmt"/>
        <line num="359" count="1" type="stmt"/>
        <line num="360" count="1188" type="stmt"/>
        <line num="367" count="10567" type="stmt"/>
        <line num="377" count="10" type="stmt"/>
        <line num="378" count="5187" type="cond" truecount="2" falsecount="0"/>
        <line num="379" count="3085" type="stmt"/>
        <line num="380" count="3085" type="stmt"/>
        <line num="381" count="3085" type="stmt"/>
        <line num="382" count="3085" type="stmt"/>
        <line num="383" count="9836" type="cond" truecount="4" falsecount="0"/>
        <line num="384" count="2076" type="stmt"/>
        <line num="385" count="2076" type="stmt"/>
        <line num="387" count="7760" type="cond" truecount="4" falsecount="0"/>
        <line num="388" count="2076" type="stmt"/>
        <line num="389" count="2076" type="stmt"/>
        <line num="391" count="5684" type="cond" truecount="5" falsecount="0"/>
        <line num="392" count="4625" type="stmt"/>
        <line num="393" count="4625" type="stmt"/>
        <line num="394" count="4625" type="cond" truecount="2" falsecount="0"/>
        <line num="395" count="4617" type="stmt"/>
        <line num="396" count="4617" type="cond" truecount="4" falsecount="0"/>
        <line num="397" count="4615" type="cond" truecount="2" falsecount="0"/>
        <line num="398" count="4615" type="cond" truecount="2" falsecount="0"/>
        <line num="399" count="4615" type="stmt"/>
        <line num="400" count="4615" type="cond" truecount="4" falsecount="0"/>
        <line num="401" count="4343" type="stmt"/>
        <line num="403" count="3085" type="stmt"/>
        <line num="413" count="10" type="stmt"/>
        <line num="418" count="1" type="stmt"/>
        <line num="419" count="1" type="stmt"/>
        <line num="421" count="1" type="stmt"/>
        <line num="422" count="6602" type="stmt"/>
        <line num="423" count="6602" type="stmt"/>
        <line num="424" count="6602" type="cond" truecount="4" falsecount="0"/>
        <line num="425" count="5186" type="cond" truecount="1" falsecount="1"/>
        <line num="426" count="5186" type="cond" truecount="4" falsecount="1"/>
        <line num="428" count="5186" type="cond" truecount="2" falsecount="0"/>
        <line num="429" count="5186" type="stmt"/>
        <line num="432" count="4342" type="stmt"/>
        <line num="433" count="4342" type="stmt"/>
        <line num="434" count="4342" type="cond" truecount="3" falsecount="2"/>
        <line num="435" count="0" type="stmt"/>
        <line num="437" count="4342" type="cond" truecount="2" falsecount="0"/>
        <line num="438" count="4342" type="stmt"/>
        <line num="439" count="4342" type="stmt"/>
        <line num="443" count="1" type="stmt"/>
        <line num="444" count="1968" type="stmt"/>
        <line num="450" count="18473" type="stmt"/>
        <line num="454" count="10" type="stmt"/>
        <line num="458" count="3386" type="cond" truecount="1" falsecount="1"/>
        <line num="459" count="3386" type="stmt"/>
        <line num="460" count="3386" type="cond" truecount="1" falsecount="1"/>
        <line num="461" count="3386" type="cond" truecount="1" falsecount="1"/>
        <line num="462" count="3386" type="stmt"/>
        <line num="469" count="10" type="stmt"/>
        <line num="478" count="33" type="cond" truecount="1" falsecount="2"/>
        <line num="479" count="33" type="cond" truecount="4" falsecount="0"/>
        <line num="480" count="26" type="cond" truecount="5" falsecount="0"/>
        <line num="481" count="25" type="stmt"/>
        <line num="493" count="10" type="stmt"/>
        <line num="502" count="2" type="cond" truecount="1" falsecount="1"/>
        <line num="503" count="2" type="stmt"/>
        <line num="504" count="2" type="stmt"/>
        <line num="505" count="2" type="stmt"/>
        <line num="506" count="2" type="stmt"/>
        <line num="507" count="2" type="stmt"/>
        <line num="508" count="2" type="stmt"/>
        <line num="510" count="2" type="stmt"/>
        <line num="511" count="6497" type="stmt"/>
        <line num="512" count="6497" type="stmt"/>
        <line num="513" count="6497" type="cond" truecount="1" falsecount="2"/>
        <line num="514" count="6497" type="cond" truecount="4" falsecount="0"/>
        <line num="515" count="5040" type="cond" truecount="4" falsecount="1"/>
        <line num="516" count="5040" type="cond" truecount="4" falsecount="0"/>
        <line num="518" count="4893" type="cond" truecount="3" falsecount="1"/>
        <line num="519" count="4893" type="stmt"/>
        <line num="520" count="4893" type="cond" truecount="1" falsecount="1"/>
        <line num="522" count="4893" type="cond" truecount="2" falsecount="0"/>
        <line num="524" count="4893" type="cond" truecount="2" falsecount="0"/>
        <line num="526" count="4893" type="cond" truecount="2" falsecount="0"/>
        <line num="527" count="2341" type="stmt"/>
        <line num="528" count="2341" type="stmt"/>
        <line num="529" count="2341" type="stmt"/>
        <line num="531" count="2552" type="stmt"/>
        <line num="532" count="2552" type="stmt"/>
        <line num="536" count="2" type="stmt"/>
        <line num="555" count="10" type="stmt"/>
        <line num="556" count="28" type="cond" truecount="3" falsecount="1"/>
        <line num="557" count="28" type="stmt"/>
        <line num="561" count="10" type="stmt"/>
        <line num="567" count="2" type="stmt"/>
        <line num="569" count="2" type="stmt"/>
        <line num="571" count="2" type="stmt"/>
        <line num="573" count="2" type="stmt"/>
        <line num="574" count="13296" type="cond" truecount="1" falsecount="2"/>
        <line num="575" count="13296" type="cond" truecount="5" falsecount="0"/>
        <line num="576" count="11292" type="stmt"/>
        <line num="577" count="11292" type="stmt"/>
        <line num="578" count="11292" type="cond" truecount="4" falsecount="0"/>
        <line num="579" count="10388" type="cond" truecount="2" falsecount="0"/>
        <line num="580" count="10388" type="cond" truecount="2" falsecount="0"/>
        <line num="581" count="9548" type="cond" truecount="4" falsecount="0"/>
        <line num="583" count="8088" type="cond" truecount="1" falsecount="1"/>
        <line num="584" count="8088" type="stmt"/>
        <line num="586" count="8088" type="cond" truecount="4" falsecount="0"/>
        <line num="588" count="8072" type="cond" truecount="3" falsecount="1"/>
        <line num="589" count="8072" type="stmt"/>
        <line num="590" count="8072" type="cond" truecount="1" falsecount="1"/>
        <line num="592" count="8072" type="cond" truecount="2" falsecount="0"/>
        <line num="593" count="8072" type="stmt"/>
        <line num="594" count="8072" type="stmt"/>
        <line num="595" count="8072" type="cond" truecount="1" falsecount="1"/>
        <line num="596" count="8072" type="stmt"/>
        <line num="597" count="8072" type="stmt"/>
        <line num="598" count="8072" type="cond" truecount="2" falsecount="0"/>
        <line num="602" count="2" type="stmt"/>
        <line num="604" count="14" type="stmt"/>
        <line num="605" count="14" type="cond" truecount="1" falsecount="1"/>
        <line num="606" count="14" type="cond" truecount="1" falsecount="1"/>
        <line num="607" count="14" type="stmt"/>
        <line num="608" count="14" type="cond" truecount="3" falsecount="1"/>
        <line num="609" count="14" type="stmt"/>
        <line num="610" count="14" type="stmt"/>
        <line num="611" count="14" type="stmt"/>
        <line num="612" count="14" type="stmt"/>
        <line num="613" count="14" type="stmt"/>
        <line num="615" count="14" type="stmt"/>
        <line num="616" count="372" type="stmt"/>
        <line num="617" count="386" type="stmt"/>
        <line num="618" count="14" type="stmt"/>
        <line num="619" count="14" type="stmt"/>
        <line num="629" count="28" type="stmt"/>
        <line num="633" count="10" type="cond" truecount="0" falsecount="3"/>
        <line num="634" count="0" type="stmt"/>
        <line num="635" count="0" type="stmt"/>
        <line num="636" count="0" type="stmt"/>
        <line num="638" count="0" type="cond" truecount="0" falsecount="2"/>
        <line num="639" count="0" type="stmt"/>
        <line num="641" count="0" type="stmt"/>
        <line num="642" count="0" type="stmt"/>
        <line num="643" count="0" type="stmt"/>
        <line num="644" count="0" type="cond" truecount="0" falsecount="2"/>
        <line num="645" count="0" type="cond" truecount="0" falsecount="2"/>
        <line num="649" count="0" type="stmt"/>
        <line num="651" count="0" type="cond" truecount="0" falsecount="2"/>
        <line num="652" count="0" type="stmt"/>
        <line num="653" count="0" type="stmt"/>
        <line num="662" count="0" type="stmt"/>
        <line num="666" count="10" type="cond" truecount="0" falsecount="2"/>
        <line num="667" count="16" type="stmt"/>
        <line num="669" count="26644" type="cond" truecount="2" falsecount="0"/>
        <line num="670" count="26492" type="cond" truecount="1" falsecount="1"/>
        <line num="671" count="26492" type="stmt"/>
        <line num="674" count="26492" type="cond" truecount="1" falsecount="1"/>
        <line num="676" count="26492" type="stmt"/>
        <line num="679" count="26492" type="cond" truecount="1" falsecount="2"/>
        <line num="681" count="26492" type="stmt"/>
        <line num="683" count="26476" type="cond" truecount="2" falsecount="2"/>
        <line num="685" count="16" type="cond" truecount="4" falsecount="0"/>
        <line num="686" count="14" type="stmt"/>
        <line num="687" count="14" type="stmt"/>
        <line num="688" count="14" type="stmt"/>
        <line num="689" count="14" type="stmt"/>
        <line num="690" count="13272" type="cond" truecount="4" falsecount="0"/>
        <line num="691" count="2" type="cond" truecount="1" falsecount="1"/>
        <line num="692" count="0" type="stmt"/>
        <line num="693" count="0" type="stmt"/>
        <line num="694" count="0" type="cond" truecount="0" falsecount="3"/>
        <line num="696" count="2" type="stmt"/>
        <line num="697" count="2" type="stmt"/>
        <line num="698" count="13220" type="cond" truecount="3" falsecount="0"/>
        <line num="703" count="10" type="cond" truecount="0" falsecount="1"/>
        <line num="704" count="0" type="stmt"/>
        <line num="705" count="0" type="stmt"/>
        <line num="706" count="0" type="cond" truecount="0" falsecount="2"/>
        <line num="707" count="0" type="cond" truecount="0" falsecount="2"/>
        <line num="709" count="0" type="stmt"/>
        <line num="710" count="0" type="cond" truecount="0" falsecount="2"/>
        <line num="711" count="0" type="cond" truecount="0" falsecount="5"/>
        <line num="712" count="0" type="stmt"/>
        <line num="715" count="0" type="stmt"/>
        <line num="716" count="0" type="stmt"/>
        <line num="718" count="0" type="cond" truecount="0" falsecount="4"/>
        <line num="719" count="0" type="cond" truecount="0" falsecount="4"/>
        <line num="720" count="0" type="stmt"/>
        <line num="722" count="0" type="cond" truecount="0" falsecount="4"/>
        <line num="723" count="0" type="cond" truecount="0" falsecount="4"/>
        <line num="724" count="0" type="stmt"/>
        <line num="729" count="10" type="cond" truecount="0" falsecount="3"/>
        <line num="730" count="0" type="stmt"/>
        <line num="732" count="0" type="stmt"/>
        <line num="734" count="0" type="cond" truecount="0" falsecount="2"/>
        <line num="735" count="0" type="cond" truecount="0" falsecount="2"/>
        <line num="736" count="0" type="stmt"/>
        <line num="739" count="0" type="cond" truecount="0" falsecount="2"/>
        <line num="740" count="0" type="stmt"/>
        <line num="741" count="0" type="cond" truecount="0" falsecount="3"/>
        <line num="742" count="0" type="stmt"/>
        <line num="744" count="0" type="cond" truecount="0" falsecount="4"/>
        <line num="746" count="0" type="cond" truecount="0" falsecount="2"/>
        <line num="747" count="0" type="stmt"/>
        <line num="750" count="0" type="stmt"/>
        <line num="751" count="0" type="stmt"/>
        <line num="753" count="0" type="stmt"/>
        <line num="755" count="0" type="stmt"/>
        <line num="756" count="0" type="stmt"/>
        <line num="758" count="0" type="stmt"/>
        <line num="759" count="0" type="stmt"/>
        <line num="760" count="0" type="cond" truecount="0" falsecount="2"/>
        <line num="762" count="0" type="stmt"/>
        <line num="763" count="0" type="stmt"/>
        <line num="764" count="0" type="stmt"/>
        <line num="765" count="0" type="stmt"/>
        <line num="766" count="0" type="stmt"/>
        <line num="767" count="0" type="stmt"/>
        <line num="768" count="0" type="stmt"/>
        <line num="770" count="0" type="cond" truecount="0" falsecount="2"/>
        <line num="771" count="0" type="cond" truecount="0" falsecount="2"/>
        <line num="772" count="0" type="stmt"/>
        <line num="773" count="0" type="cond" truecount="0" falsecount="4"/>
        <line num="775" count="0" type="cond" truecount="0" falsecount="2"/>
        <line num="776" count="0" type="cond" truecount="0" falsecount="2"/>
        <line num="779" count="0" type="cond" truecount="0" falsecount="2"/>
        <line num="780" count="0" type="cond" truecount="0" falsecount="4"/>
        <line num="781" count="0" type="stmt"/>
        <line num="783" count="0" type="cond" truecount="0" falsecount="2"/>
        <line num="784" count="0" type="cond" truecount="0" falsecount="4"/>
        <line num="785" count="0" type="stmt"/>
        <line num="789" count="0" type="cond" truecount="0" falsecount="2"/>
        <line num="790" count="0" type="cond" truecount="0" falsecount="2"/>
        <line num="793" count="0" type="cond" truecount="0" falsecount="5"/>
        <line num="794" count="0" type="stmt"/>
        <line num="795" count="0" type="stmt"/>
        <line num="796" count="0" type="cond" truecount="0" falsecount="2"/>
        <line num="798" count="0" type="cond" truecount="0" falsecount="4"/>
        <line num="799" count="0" type="stmt"/>
        <line num="800" count="0" type="stmt"/>
        <line num="804" count="0" type="cond" truecount="0" falsecount="2"/>
        <line num="805" count="0" type="cond" truecount="0" falsecount="4"/>
        <line num="806" count="0" type="stmt"/>
        <line num="807" count="0" type="cond" truecount="0" falsecount="2"/>
        <line num="808" count="0" type="cond" truecount="0" falsecount="4"/>
        <line num="809" count="0" type="stmt"/>
        <line num="812" count="0" type="stmt"/>
        <line num="816" count="0" type="stmt"/>
        <line num="817" count="0" type="stmt"/>
        <line num="818" count="0" type="stmt"/>
        <line num="821" count="0" type="stmt"/>
        <line num="822" count="0" type="stmt"/>
        <line num="823" count="0" type="stmt"/>
        <line num="824" count="0" type="stmt"/>
        <line num="826" count="0" type="stmt"/>
        <line num="827" count="0" type="stmt"/>
        <line num="828" count="0" type="stmt"/>
        <line num="829" count="0" type="cond" truecount="0" falsecount="2"/>
        <line num="831" count="0" type="stmt"/>
        <line num="832" count="0" type="stmt"/>
        <line num="833" count="0" type="stmt"/>
        <line num="834" count="0" type="stmt"/>
        <line num="835" count="0" type="stmt"/>
        <line num="837" count="0" type="cond" truecount="0" falsecount="2"/>
        <line num="838" count="0" type="stmt"/>
        <line num="839" count="0" type="cond" truecount="0" falsecount="2"/>
        <line num="840" count="0" type="stmt"/>
        <line num="841" count="0" type="stmt"/>
        <line num="843" count="0" type="cond" truecount="0" falsecount="2"/>
        <line num="844" count="0" type="stmt"/>
        <line num="847" count="0" type="stmt"/>
        <line num="848" count="0" type="stmt"/>
        <line num="849" count="0" type="stmt"/>
        <line num="850" count="0" type="stmt"/>
        <line num="851" count="0" type="stmt"/>
        <line num="852" count="0" type="cond" truecount="0" falsecount="2"/>
        <line num="854" count="0" type="stmt"/>
        <line num="855" count="0" type="stmt"/>
        <line num="856" count="0" type="stmt"/>
        <line num="857" count="0" type="cond" truecount="0" falsecount="2"/>
        <line num="858" count="0" type="stmt"/>
        <line num="859" count="0" type="stmt"/>
        <line num="861" count="0" type="cond" truecount="0" falsecount="2"/>
        <line num="862" count="0" type="stmt"/>
        <line num="864" count="0" type="stmt"/>
        <line num="865" count="0" type="stmt"/>
        <line num="866" count="0" type="cond" truecount="0" falsecount="2"/>
        <line num="867" count="0" type="stmt"/>
        <line num="871" count="0" type="stmt"/>
        <line num="873" count="0" type="stmt"/>
        <line num="880" count="0" type="cond" truecount="0" falsecount="2"/>
        <line num="881" count="0" type="stmt"/>
        <line num="883" count="0" type="stmt"/>
        <line num="884" count="0" type="stmt"/>
        <line num="888" count="0" type="stmt"/>
        <line num="891" count="10" type="cond" truecount="0" falsecount="4"/>
        <line num="892" count="0" type="cond" truecount="0" falsecount="4"/>
        <line num="893" count="0" type="stmt"/>
        <line num="896" count="0" type="stmt"/>
        <line num="897" count="0" type="stmt"/>
        <line num="898" count="0" type="stmt"/>
        <line num="899" count="0" type="stmt"/>
        <line num="901" count="0" type="stmt"/>
        <line num="902" count="0" type="stmt"/>
        <line num="903" count="0" type="stmt"/>
        <line num="911" count="0" type="stmt"/>
        <line num="912" count="0" type="stmt"/>
        <line num="914" count="0" type="stmt"/>
        <line num="915" count="0" type="stmt"/>
        <line num="916" count="0" type="cond" truecount="0" falsecount="2"/>
        <line num="917" count="0" type="stmt"/>
        <line num="920" count="0" type="stmt"/>
        <line num="921" count="0" type="stmt"/>
        <line num="922" count="0" type="cond" truecount="0" falsecount="4"/>
        <line num="923" count="0" type="cond" truecount="0" falsecount="4"/>
        <line num="924" count="0" type="cond" truecount="0" falsecount="4"/>
        <line num="926" count="0" type="cond" truecount="0" falsecount="2"/>
        <line num="927" count="0" type="cond" truecount="0" falsecount="2"/>
        <line num="929" count="0" type="cond" truecount="0" falsecount="5"/>
        <line num="930" count="0" type="stmt"/>
        <line num="931" count="0" type="stmt"/>
        <line num="932" count="0" type="cond" truecount="0" falsecount="2"/>
        <line num="933" count="0" type="cond" truecount="0" falsecount="4"/>
        <line num="934" count="0" type="stmt"/>
        <line num="935" count="0" type="stmt"/>
        <line num="939" count="0" type="cond" truecount="0" falsecount="2"/>
        <line num="940" count="0" type="cond" truecount="0" falsecount="4"/>
        <line num="941" count="0" type="stmt"/>
        <line num="942" count="0" type="cond" truecount="0" falsecount="2"/>
        <line num="943" count="0" type="cond" truecount="0" falsecount="4"/>
        <line num="944" count="0" type="stmt"/>
        <line num="948" count="0" type="stmt"/>
        <line num="949" count="0" type="stmt"/>
        <line num="950" count="0" type="stmt"/>
        <line num="951" count="0" type="stmt"/>
        <line num="952" count="0" type="stmt"/>
        <line num="953" count="0" type="stmt"/>
        <line num="954" count="0" type="cond" truecount="0" falsecount="2"/>
        <line num="955" count="0" type="stmt"/>
        <line num="957" count="0" type="stmt"/>
        <line num="958" count="0" type="stmt"/>
        <line num="959" count="0" type="cond" truecount="0" falsecount="4"/>
        <line num="960" count="0" type="cond" truecount="0" falsecount="4"/>
        <line num="961" count="0" type="cond" truecount="0" falsecount="4"/>
        <line num="963" count="0" type="cond" truecount="0" falsecount="2"/>
        <line num="964" count="0" type="cond" truecount="0" falsecount="2"/>
        <line num="966" count="0" type="cond" truecount="0" falsecount="5"/>
        <line num="967" count="0" type="stmt"/>
        <line num="968" count="0" type="stmt"/>
        <line num="969" count="0" type="cond" truecount="0" falsecount="2"/>
        <line num="970" count="0" type="cond" truecount="0" falsecount="4"/>
        <line num="971" count="0" type="stmt"/>
        <line num="972" count="0" type="stmt"/>
        <line num="976" count="0" type="cond" truecount="0" falsecount="2"/>
        <line num="977" count="0" type="cond" truecount="0" falsecount="4"/>
        <line num="978" count="0" type="stmt"/>
        <line num="979" count="0" type="cond" truecount="0" falsecount="2"/>
        <line num="980" count="0" type="cond" truecount="0" falsecount="4"/>
        <line num="981" count="0" type="stmt"/>
        <line num="985" count="0" type="stmt"/>
        <line num="988" count="10" type="stmt"/>
        <line num="989" count="9256" type="stmt"/>
        <line num="990" count="9256" type="stmt"/>
        <line num="991" count="9256" type="cond" truecount="2" falsecount="0"/>
        <line num="992" count="9240" type="stmt"/>
        <line num="993" count="9240" type="cond" truecount="2" falsecount="0"/>
        <line num="994" count="9240" type="cond" truecount="2" falsecount="0"/>
        <line num="995" count="9240" type="stmt"/>
        <line num="996" count="9240" type="stmt"/>
        <line num="998" count="16" type="stmt"/>
        <line num="1002" count="10" type="stmt"/>
        <line num="1003" count="45412" type="stmt"/>
        <line num="1004" count="45412" type="cond" truecount="2" falsecount="0"/>
        <line num="1007" count="45412" type="cond" truecount="4" falsecount="0"/>
        <line num="1008" count="37" type="stmt"/>
        <line num="1012" count="45375" type="stmt"/>
        <line num="1013" count="45375" type="stmt"/>
        <line num="1014" count="46204" type="cond" truecount="2" falsecount="0"/>
        <line num="1015" count="18517" type="stmt"/>
        <line num="1017" count="27687" type="cond" truecount="1" falsecount="1"/>
        <line num="1018" count="0" type="stmt"/>
        <line num="1022" count="26858" type="stmt"/>
        <line num="1023" count="26858" type="cond" truecount="1" falsecount="1"/>
        <line num="1024" count="0" type="stmt"/>
        <line num="1028" count="26858" type="cond" truecount="2" falsecount="0"/>
        <line num="1029" count="8171" type="cond" truecount="1" falsecount="1"/>
        <line num="1032" count="8171" type="stmt"/>
        <line num="1033" count="8171" type="stmt"/>
        <line num="1034" count="65353" type="stmt"/>
        <line num="1035" count="65353" type="stmt"/>
        <line num="1036" count="65353" type="cond" truecount="5" falsecount="0"/>
        <line num="1037" count="3" type="stmt"/>
        <line num="1042" count="8168" type="stmt"/>
        <line num="1043" count="8168" type="cond" truecount="6" falsecount="0"/>
        <line num="1044" count="7920" type="stmt"/>
        <line num="1046" count="248" type="cond" truecount="5" falsecount="0"/>
        <line num="1047" count="242" type="stmt"/>
        <line num="1052" count="18693" type="cond" truecount="1" falsecount="1"/>
        <line num="1053" count="18693" type="stmt"/>
        <line num="1054" count="18693" type="cond" truecount="4" falsecount="1"/>
        <line num="1055" count="18693" type="cond" truecount="3" falsecount="1"/>
        <line num="1056" count="18693" type="stmt"/>
        <line num="1058" count="0" type="stmt"/>
        <line num="1061" count="0" type="stmt"/>
        <line num="1064" count="10" type="stmt"/>
        <line num="1065" count="13370" type="cond" truecount="2" falsecount="0"/>
        <line num="1067" count="13294" type="cond" truecount="2" falsecount="2"/>
        <line num="1068" count="13294" type="stmt"/>
        <line num="1069" count="13294" type="stmt"/>
        <line num="1070" count="13294" type="cond" truecount="1" falsecount="1"/>
        <line num="1071" count="13294" type="cond" truecount="2" falsecount="0"/>
        <line num="1072" count="13294" type="cond" truecount="2" falsecount="0"/>
        <line num="1073" count="13294" type="stmt"/>
        <line num="1076" count="13294" type="stmt"/>
        <line num="1078" count="13294" type="stmt"/>
        <line num="1079" count="13294" type="stmt"/>
        <line num="1081" count="13294" type="cond" truecount="3" falsecount="0"/>
        <line num="1082" count="13294" type="cond" truecount="2" falsecount="0"/>
        <line num="1083" count="4158" type="stmt"/>
        <line num="1084" count="4158" type="stmt"/>
        <line num="1085" count="4158" type="stmt"/>
        <line num="1086" count="17572" type="cond" truecount="4" falsecount="0"/>
        <line num="1087" count="4158" type="stmt"/>
        <line num="1088" count="13414" type="cond" truecount="5" falsecount="0"/>
        <line num="1089" count="9256" type="stmt"/>
        <line num="1090" count="4158" type="cond" truecount="2" falsecount="2"/>
        <line num="1091" count="0" type="stmt"/>
        <line num="1094" count="9136" type="cond" truecount="2" falsecount="0"/>
        <line num="1095" count="2774" type="stmt"/>
        <line num="1098" count="13294" type="stmt"/>
        <line num="1099" count="13294" type="stmt"/>
        <line num="1100" count="13294" type="cond" truecount="2" falsecount="0"/>
        <line num="1101" count="4156" type="cond" truecount="1" falsecount="1"/>
        <line num="1104" count="13294" type="stmt"/>
        <line num="1105" count="13294" type="stmt"/>
        <line num="1106" count="13294" type="cond" truecount="4" falsecount="0"/>
        <line num="1107" count="12085" type="cond" truecount="4" falsecount="0"/>
        <line num="1108" count="1646" type="cond" truecount="3" falsecount="1"/>
        <line num="1110" count="13294" type="stmt"/>
        <line num="1118" count="13294" type="cond" truecount="2" falsecount="0"/>
        <line num="1119" count="12085" type="cond" truecount="2" falsecount="0"/>
        <line num="1120" count="1646" type="cond" truecount="1" falsecount="1"/>
        <line num="1121" count="1646" type="stmt"/>
        <line num="1126" count="0" type="stmt"/>
        <line num="1129" count="10" type="stmt"/>
        <line num="1130" count="19" type="stmt"/>
        <line num="1131" count="6717" type="stmt"/>
        <line num="1132" count="6717" type="cond" truecount="4" falsecount="0"/>
        <line num="1136" count="10" type="stmt"/>
        <line num="1137" count="0" type="stmt"/>
        <line num="1140" count="0" type="stmt"/>
        <line num="1141" count="0" type="stmt"/>
        <line num="1142" count="0" type="stmt"/>
        <line num="1143" count="0" type="stmt"/>
        <line num="1144" count="0" type="stmt"/>
        <line num="1145" count="0" type="cond" truecount="0" falsecount="4"/>
        <line num="1146" count="0" type="cond" truecount="0" falsecount="6"/>
        <line num="1147" count="0" type="stmt"/>
        <line num="1149" count="0" type="stmt"/>
        <line num="1152" count="0" type="stmt"/>
        <line num="1154" count="0" type="stmt"/>
        <line num="1155" count="0" type="stmt"/>
        <line num="1156" count="0" type="cond" truecount="0" falsecount="2"/>
        <line num="1158" count="0" type="stmt"/>
        <line num="1163" count="0" type="cond" truecount="0" falsecount="2"/>
        <line num="1164" count="0" type="stmt"/>
        <line num="1169" count="0" type="stmt"/>
        <line num="1172" count="0" type="stmt"/>
        <line num="1173" count="0" type="stmt"/>
        <line num="1178" count="10" type="stmt"/>
        <line num="1179" count="0" type="cond" truecount="0" falsecount="2"/>
        <line num="1181" count="0" type="stmt"/>
        <line num="1182" count="0" type="stmt"/>
        <line num="1183" count="0" type="stmt"/>
        <line num="1184" count="0" type="stmt"/>
        <line num="1185" count="0" type="stmt"/>
        <line num="1186" count="0" type="stmt"/>
        <line num="1187" count="0" type="stmt"/>
        <line num="1188" count="0" type="stmt"/>
        <line num="1190" count="0" type="stmt"/>
        <line num="1191" count="0" type="cond" truecount="0" falsecount="2"/>
        <line num="1192" count="0" type="cond" truecount="0" falsecount="2"/>
        <line num="1195" count="0" type="stmt"/>
        <line num="1196" count="0" type="cond" truecount="0" falsecount="2"/>
        <line num="1198" count="0" type="cond" truecount="0" falsecount="2"/>
        <line num="1199" count="0" type="stmt"/>
        <line num="1200" count="0" type="stmt"/>
        <line num="1201" count="0" type="cond" truecount="0" falsecount="2"/>
        <line num="1202" count="0" type="stmt"/>
        <line num="1203" count="0" type="stmt"/>
        <line num="1204" count="0" type="stmt"/>
        <line num="1207" count="0" type="stmt"/>
        <line num="1208" count="0" type="cond" truecount="0" falsecount="2"/>
        <line num="1211" count="0" type="cond" truecount="0" falsecount="2"/>
        <line num="1212" count="0" type="cond" truecount="0" falsecount="2"/>
        <line num="1216" count="0" type="stmt"/>
        <line num="1217" count="0" type="stmt"/>
        <line num="1219" count="0" type="stmt"/>
        <line num="1222" count="0" type="stmt"/>
        <line num="1223" count="0" type="stmt"/>
        <line num="1225" count="0" type="stmt"/>
        <line num="1229" count="0" type="stmt"/>
        <line num="1230" count="0" type="stmt"/>
        <line num="1231" count="0" type="stmt"/>
        <line num="1234" count="0" type="stmt"/>
        <line num="1252" count="10" type="stmt"/>
        <line num="1257" count="0" type="stmt"/>
        <line num="1258" count="0" type="stmt"/>
        <line num="1259" count="0" type="stmt"/>
        <line num="1263" count="0" type="stmt"/>
        <line num="1264" count="0" type="stmt"/>
        <line num="1266" count="0" type="stmt"/>
        <line num="1269" count="0" type="stmt"/>
        <line num="1270" count="0" type="stmt"/>
        <line num="1271" count="0" type="stmt"/>
        <line num="1272" count="0" type="stmt"/>
        <line num="1273" count="0" type="stmt"/>
        <line num="1276" count="0" type="stmt"/>
        <line num="1277" count="0" type="stmt"/>
        <line num="1279" count="0" type="stmt"/>
        <line num="1281" count="0" type="cond" truecount="0" falsecount="5"/>
        <line num="1284" count="0" type="cond" truecount="0" falsecount="2"/>
        <line num="1287" count="0" type="cond" truecount="0" falsecount="8"/>
        <line num="1290" count="0" type="stmt"/>
        <line num="1292" count="0" type="cond" truecount="0" falsecount="4"/>
        <line num="1295" count="0" type="cond" truecount="0" falsecount="4"/>
        <line num="1296" count="0" type="stmt"/>
        <line num="1298" count="0" type="stmt"/>
        <line num="1299" count="0" type="cond" truecount="0" falsecount="2"/>
        <line num="1300" count="0" type="stmt"/>
        <line num="1304" count="0" type="stmt"/>
        <line num="1310" count="0" type="stmt"/>
        <line num="1313" count="0" type="stmt"/>
        <line num="1317" count="10" type="stmt"/>
        <line num="1321" count="1" type="stmt"/>
        <line num="1322" count="1" type="stmt"/>
        <line num="1323" count="6648" type="cond" truecount="2" falsecount="0"/>
        <line num="1324" count="6648" type="cond" truecount="2" falsecount="0"/>
        <line num="1328" count="1" type="stmt"/>
        <line num="1329" count="1" type="stmt"/>
        <line num="1330" count="1" type="stmt"/>
        <line num="1332" count="1" type="stmt"/>
        <line num="1333" count="1" type="stmt"/>
        <line num="1334" count="37" type="cond" truecount="2" falsecount="0"/>
        <line num="1335" count="37" type="stmt"/>
        <line num="1336" count="37" type="cond" truecount="2" falsecount="2"/>
        <line num="1337" count="0" type="stmt"/>
        <line num="1341" count="1" type="stmt"/>
        <line num="1345" count="10" type="stmt"/>
        <line num="1356" count="6" type="stmt"/>
        <line num="1357" count="6" type="stmt"/>
        <line num="1360" count="6" type="stmt"/>
        <line num="1361" count="6" type="stmt"/>
        <line num="1362" count="6" type="stmt"/>
        <line num="1363" count="6" type="stmt"/>
        <line num="1364" count="6" type="stmt"/>
        <line num="1367" count="6" type="stmt"/>
        <line num="1368" count="6" type="stmt"/>
        <line num="1369" count="6" type="stmt"/>
        <line num="1371" count="6" type="stmt"/>
        <line num="1373" count="26" type="cond" truecount="6" falsecount="2"/>
        <line num="1374" count="26" type="cond" truecount="2" falsecount="2"/>
        <line num="1376" count="26" type="cond" truecount="1" falsecount="1"/>
        <line num="1377" count="26" type="cond" truecount="4" falsecount="0"/>
        <line num="1379" count="25" type="cond" truecount="1" falsecount="1"/>
        <line num="1380" count="25" type="cond" truecount="2" falsecount="2"/>
        <line num="1381" count="25" type="stmt"/>
        <line num="1383" count="25" type="stmt"/>
        <line num="1384" count="25" type="cond" truecount="1" falsecount="1"/>
        <line num="1385" count="25" type="stmt"/>
        <line num="1388" count="25" type="stmt"/>
        <line num="1393" count="25" type="cond" truecount="2" falsecount="0"/>
        <line num="1394" count="25" type="cond" truecount="2" falsecount="0"/>
        <line num="1395" count="7" type="cond" truecount="1" falsecount="1"/>
        <line num="1396" count="7" type="stmt"/>
        <line num="1400" count="8" type="stmt"/>
        <line num="1403" count="6" type="stmt"/>
        <line num="1404" count="6" type="stmt"/>
        <line num="1405" count="18" type="stmt"/>
        <line num="1408" count="6" type="stmt"/>
        <line num="1410" count="6" type="stmt"/>
        <line num="1411" count="7" type="cond" truecount="2" falsecount="0"/>
        <line num="1412" count="7" type="stmt"/>
        <line num="1414" count="7" type="stmt"/>
        <line num="1415" count="7" type="stmt"/>
        <line num="1416" count="7" type="stmt"/>
        <line num="1418" count="7" type="cond" truecount="2" falsecount="0"/>
        <line num="1419" count="5" type="stmt"/>
        <line num="1420" count="5" type="stmt"/>
        <line num="1421" count="5" type="cond" truecount="2" falsecount="0"/>
        <line num="1422" count="2" type="stmt"/>
        <line num="1423" count="3" type="cond" truecount="2" falsecount="0"/>
        <line num="1424" count="1" type="stmt"/>
        <line num="1426" count="2" type="cond" truecount="1" falsecount="1"/>
        <line num="1428" count="2" type="stmt"/>
        <line num="1429" count="2" type="stmt"/>
        <line num="1430" count="2" type="stmt"/>
        <line num="1433" count="7" type="cond" truecount="2" falsecount="0"/>
        <line num="1435" count="5" type="cond" truecount="1" falsecount="1"/>
        <line num="1436" count="5" type="stmt"/>
        <line num="1437" count="5" type="stmt"/>
        <line num="1438" count="5" type="cond" truecount="1" falsecount="1"/>
        <line num="1439" count="5" type="cond" truecount="1" falsecount="1"/>
        <line num="1440" count="5" type="stmt"/>
        <line num="1441" count="5" type="cond" truecount="1" falsecount="1"/>
        <line num="1442" count="5" type="stmt"/>
        <line num="1446" count="5" type="cond" truecount="2" falsecount="0"/>
        <line num="1447" count="1" type="stmt"/>
        <line num="1453" count="4" type="stmt"/>
        <line num="1458" count="5" type="stmt"/>
        <line num="1459" count="0" type="stmt"/>
        <line num="1462" count="5" type="stmt"/>
        <line num="1475" count="6" type="stmt"/>
      </file>
      <file name="financialHealthService.ts" path="/Users/d246810g2000/Documents/app/finance-app-native/services/financialHealthService.ts">
        <metrics statements="442" coveredstatements="376" conditionals="361" coveredconditionals="236" methods="98" coveredmethods="70"/>
        <line num="6" count="1" type="stmt"/>
        <line num="7" count="1" type="stmt"/>
        <line num="8" count="1" type="stmt"/>
        <line num="11" count="1" type="stmt"/>
        <line num="134" count="1" type="stmt"/>
        <line num="171" count="1" type="stmt"/>
        <line num="172" count="45" type="stmt"/>
        <line num="175" count="1" type="stmt"/>
        <line num="176" count="55" type="stmt"/>
        <line num="179" count="1" type="stmt"/>
        <line num="180" count="0" type="stmt"/>
        <line num="183" count="1" type="stmt"/>
        <line num="184" count="4" type="stmt"/>
        <line num="188" count="246" type="cond" truecount="1" falsecount="2"/>
        <line num="189" count="246" type="stmt"/>
        <line num="193" count="228" type="cond" truecount="2" falsecount="0"/>
        <line num="197" count="9" type="cond" truecount="3" falsecount="1"/>
        <line num="198" count="4" type="stmt"/>
        <line num="202" count="322" type="stmt"/>
        <line num="206" count="1" type="stmt"/>
        <line num="210" count="19" type="cond" truecount="2" falsecount="0"/>
        <line num="211" count="4" type="stmt"/>
        <line num="212" count="4" type="cond" truecount="2" falsecount="0"/>
        <line num="216" count="4" type="cond" truecount="4" falsecount="0"/>
        <line num="220" count="4" type="stmt"/>
        <line num="221" count="4" type="stmt"/>
        <line num="222" count="13" type="cond" truecount="1" falsecount="1"/>
        <line num="223" count="13" type="cond" truecount="2" falsecount="0"/>
        <line num="224" count="13" type="cond" truecount="4" falsecount="0"/>
        <line num="225" count="10" type="cond" truecount="2" falsecount="0"/>
        <line num="226" count="9" type="cond" truecount="4" falsecount="0"/>
        <line num="227" count="8" type="cond" truecount="4" falsecount="0"/>
        <line num="228" count="1" type="cond" truecount="1" falsecount="1"/>
        <line num="230" count="7" type="stmt"/>
        <line num="233" count="4" type="stmt"/>
        <line num="237" count="1" type="stmt"/>
        <line num="241" count="23" type="cond" truecount="4" falsecount="0"/>
        <line num="242" count="18" type="cond" truecount="2" falsecount="0"/>
        <line num="243" count="69" type="cond" truecount="2" falsecount="0"/>
        <line num="245" count="18" type="stmt"/>
        <line num="249" count="76" type="cond" truecount="1" falsecount="1"/>
        <line num="253" count="57" type="stmt"/>
        <line num="257" count="66" type="stmt"/>
        <line num="261" count="40" type="cond" truecount="1" falsecount="1"/>
        <line num="264" count="1" type="stmt"/>
        <line num="270" count="69" type="stmt"/>
        <line num="271" count="69" type="cond" truecount="2" falsecount="0"/>
        <line num="272" count="64" type="stmt"/>
        <line num="273" count="64" type="stmt"/>
        <line num="274" count="64" type="stmt"/>
        <line num="275" count="64" type="stmt"/>
        <line num="276" count="64" type="stmt"/>
        <line num="277" count="64" type="stmt"/>
        <line num="279" count="64" type="stmt"/>
        <line num="280" count="222" type="stmt"/>
        <line num="281" count="222" type="cond" truecount="4" falsecount="0"/>
        <line num="283" count="60" type="cond" truecount="2" falsecount="0"/>
        <line num="284" count="24" type="stmt"/>
        <line num="285" count="36" type="cond" truecount="1" falsecount="1"/>
        <line num="286" count="36" type="stmt"/>
        <line num="287" count="36" type="stmt"/>
        <line num="288" count="36" type="stmt"/>
        <line num="289" count="36" type="cond" truecount="1" falsecount="1"/>
        <line num="290" count="36" type="cond" truecount="2" falsecount="0"/>
        <line num="291" count="36" type="cond" truecount="2" falsecount="0"/>
        <line num="292" count="35" type="stmt"/>
        <line num="296" count="64" type="stmt"/>
        <line num="306" count="1" type="stmt"/>
        <line num="310" count="2" type="stmt"/>
        <line num="312" count="2" type="stmt"/>
        <line num="313" count="6" type="stmt"/>
        <line num="314" count="6" type="cond" truecount="1" falsecount="1"/>
        <line num="315" count="6" type="stmt"/>
        <line num="316" count="6" type="stmt"/>
        <line num="317" count="6" type="cond" truecount="2" falsecount="0"/>
        <line num="318" count="3" type="stmt"/>
        <line num="326" count="3" type="stmt"/>
        <line num="329" count="6" type="cond" truecount="2" falsecount="0"/>
        <line num="330" count="2" type="stmt"/>
        <line num="331" count="4" type="cond" truecount="1" falsecount="1"/>
        <line num="332" count="4" type="stmt"/>
        <line num="333" count="4" type="stmt"/>
        <line num="334" count="4" type="stmt"/>
        <line num="335" count="4" type="cond" truecount="1" falsecount="1"/>
        <line num="336" count="4" type="cond" truecount="2" falsecount="0"/>
        <line num="337" count="4" type="cond" truecount="2" falsecount="0"/>
        <line num="338" count="3" type="stmt"/>
        <line num="342" count="2" type="stmt"/>
        <line num="343" count="3" type="stmt"/>
        <line num="344" count="3" type="stmt"/>
        <line num="345" count="3" type="stmt"/>
        <line num="346" count="3" type="stmt"/>
        <line num="348" count="2" type="stmt"/>
        <line num="352" count="27" type="cond" truecount="2" falsecount="0"/>
        <line num="353" count="16" type="stmt"/>
        <line num="357" count="9" type="stmt"/>
        <line num="358" count="9" type="stmt"/>
        <line num="359" count="9" type="stmt"/>
        <line num="360" count="9" type="cond" truecount="2" falsecount="0"/>
        <line num="361" count="8" type="stmt"/>
        <line num="362" count="8" type="stmt"/>
        <line num="365" count="9" type="stmt"/>
        <line num="371" count="7" type="cond" truecount="2" falsecount="0"/>
        <line num="372" count="5" type="cond" truecount="1" falsecount="1"/>
        <line num="373" count="0" type="cond" truecount="0" falsecount="2"/>
        <line num="374" count="0" type="cond" truecount="0" falsecount="2"/>
        <line num="375" count="0" type="cond" truecount="0" falsecount="2"/>
        <line num="376" count="0" type="stmt"/>
        <line num="380" count="7" type="cond" truecount="2" falsecount="0"/>
        <line num="381" count="2" type="cond" truecount="2" falsecount="0"/>
        <line num="382" count="1" type="stmt"/>
        <line num="386" count="7" type="cond" truecount="1" falsecount="1"/>
        <line num="387" count="21" type="stmt"/>
        <line num="388" count="7" type="cond" truecount="2" falsecount="0"/>
        <line num="390" count="18" type="stmt"/>
        <line num="391" count="6" type="stmt"/>
        <line num="392" count="6" type="cond" truecount="1" falsecount="1"/>
        <line num="393" count="6" type="cond" truecount="1" falsecount="1"/>
        <line num="394" count="6" type="cond" truecount="1" falsecount="1"/>
        <line num="395" count="6" type="stmt"/>
        <line num="399" count="7" type="cond" truecount="2" falsecount="0"/>
        <line num="400" count="5" type="stmt"/>
        <line num="401" count="5" type="cond" truecount="1" falsecount="1"/>
        <line num="402" count="0" type="cond" truecount="0" falsecount="2"/>
        <line num="403" count="0" type="cond" truecount="0" falsecount="2"/>
        <line num="404" count="0" type="stmt"/>
        <line num="411" count="7" type="cond" truecount="2" falsecount="0"/>
        <line num="412" count="1" type="stmt"/>
        <line num="413" count="1" type="stmt"/>
        <line num="414" count="1" type="cond" truecount="1" falsecount="1"/>
        <line num="415" count="1" type="cond" truecount="1" falsecount="1"/>
        <line num="416" count="1" type="stmt"/>
        <line num="417" count="1" type="cond" truecount="1" falsecount="1"/>
        <line num="418" count="0" type="cond" truecount="0" falsecount="4"/>
        <line num="420" count="1" type="cond" truecount="1" falsecount="1"/>
        <line num="421" count="0" type="cond" truecount="0" falsecount="2"/>
        <line num="422" count="0" type="stmt"/>
        <line num="425" count="1" type="stmt"/>
        <line num="432" count="7" type="stmt"/>
        <line num="433" count="7" type="stmt"/>
        <line num="434" count="7" type="stmt"/>
        <line num="435" count="7" type="stmt"/>
        <line num="436" count="7" type="stmt"/>
        <line num="437" count="7" type="stmt"/>
        <line num="439" count="7" type="stmt"/>
        <line num="440" count="7" type="stmt"/>
        <line num="441" count="21" type="stmt"/>
        <line num="444" count="7" type="stmt"/>
        <line num="452" count="7" type="cond" truecount="2" falsecount="0"/>
        <line num="453" count="7" type="cond" truecount="2" falsecount="0"/>
        <line num="461" count="7" type="stmt"/>
        <line num="480" count="1" type="stmt"/>
        <line num="486" count="2" type="stmt"/>
        <line num="487" count="2" type="stmt"/>
        <line num="488" count="2" type="stmt"/>
        <line num="497" count="1" type="stmt"/>
        <line num="504" count="0" type="stmt"/>
        <line num="505" count="0" type="stmt"/>
        <line num="506" count="0" type="stmt"/>
        <line num="507" count="0" type="stmt"/>
        <line num="508" count="0" type="stmt"/>
        <line num="509" count="0" type="stmt"/>
        <line num="517" count="0" type="stmt"/>
        <line num="520" count="1" type="stmt"/>
        <line num="525" count="2" type="stmt"/>
        <line num="526" count="2" type="stmt"/>
        <line num="527" count="2" type="stmt"/>
        <line num="528" count="2" type="cond" truecount="1" falsecount="1"/>
        <line num="530" count="2" type="stmt"/>
        <line num="532" count="3" type="cond" truecount="2" falsecount="0"/>
        <line num="533" count="3" type="stmt"/>
        <line num="541" count="1" type="stmt"/>
        <line num="546" count="1" type="stmt"/>
        <line num="552" count="2" type="stmt"/>
        <line num="553" count="2" type="stmt"/>
        <line num="554" count="2" type="stmt"/>
        <line num="555" count="15" type="stmt"/>
        <line num="556" count="15" type="stmt"/>
        <line num="557" count="15" type="stmt"/>
        <line num="566" count="15" type="stmt"/>
        <line num="568" count="2" type="cond" truecount="1" falsecount="1"/>
        <line num="570" count="6" type="stmt"/>
        <line num="572" count="2" type="stmt"/>
        <line num="573" count="2" type="stmt"/>
        <line num="574" count="2" type="stmt"/>
        <line num="575" count="6" type="cond" truecount="4" falsecount="0"/>
        <line num="576" count="6" type="cond" truecount="4" falsecount="0"/>
        <line num="579" count="2" type="stmt"/>
        <line num="582" count="1" type="stmt"/>
        <line num="589" count="0" type="stmt"/>
        <line num="590" count="0" type="stmt"/>
        <line num="591" count="0" type="stmt"/>
        <line num="592" count="0" type="stmt"/>
        <line num="593" count="0" type="stmt"/>
        <line num="594" count="0" type="stmt"/>
        <line num="599" count="0" type="stmt"/>
        <line num="602" count="1" type="stmt"/>
        <line num="608" count="0" type="stmt"/>
        <line num="609" count="0" type="stmt"/>
        <line num="610" count="0" type="stmt"/>
        <line num="611" count="0" type="stmt"/>
        <line num="612" count="0" type="stmt"/>
        <line num="613" count="0" type="stmt"/>
        <line num="614" count="0" type="stmt"/>
        <line num="616" count="0" type="stmt"/>
        <line num="619" count="1" type="cond" truecount="0" falsecount="1"/>
        <line num="620" count="0" type="stmt"/>
        <line num="621" count="0" type="stmt"/>
        <line num="622" count="0" type="stmt"/>
        <line num="623" count="0" type="stmt"/>
        <line num="624" count="0" type="stmt"/>
        <line num="625" count="0" type="cond" truecount="0" falsecount="2"/>
        <line num="628" count="0" type="stmt"/>
        <line num="629" count="0" type="stmt"/>
        <line num="630" count="0" type="stmt"/>
        <line num="636" count="1" type="stmt"/>
        <line num="643" count="2" type="stmt"/>
        <line num="644" count="2" type="stmt"/>
        <line num="645" count="2" type="stmt"/>
        <line num="646" count="2" type="stmt"/>
        <line num="647" count="2" type="stmt"/>
        <line num="648" count="2" type="stmt"/>
        <line num="649" count="2" type="stmt"/>
        <line num="650" count="2" type="stmt"/>
        <line num="653" count="2" type="stmt"/>
        <line num="658" count="2" type="stmt"/>
        <line num="659" count="2" type="cond" truecount="2" falsecount="0"/>
        <line num="660" count="2" type="cond" truecount="2" falsecount="0"/>
        <line num="661" count="2" type="cond" truecount="1" falsecount="1"/>
        <line num="662" count="2" type="cond" truecount="5" falsecount="0"/>
        <line num="663" count="1" type="stmt"/>
        <line num="673" count="2" type="stmt"/>
        <line num="674" count="0" type="cond" truecount="0" falsecount="2"/>
        <line num="675" count="0" type="cond" truecount="0" falsecount="4"/>
        <line num="676" count="0" type="stmt"/>
        <line num="686" count="2" type="cond" truecount="4" falsecount="0"/>
        <line num="687" count="1" type="stmt"/>
        <line num="696" count="2" type="cond" truecount="4" falsecount="0"/>
        <line num="697" count="1" type="stmt"/>
        <line num="703" count="1" type="cond" truecount="2" falsecount="2"/>
        <line num="704" count="0" type="stmt"/>
        <line num="713" count="2" type="cond" truecount="3" falsecount="1"/>
        <line num="714" count="0" type="stmt"/>
        <line num="723" count="2" type="stmt"/>
        <line num="724" count="2" type="stmt"/>
        <line num="725" count="2" type="stmt"/>
        <line num="726" count="2" type="stmt"/>
        <line num="727" count="2" type="stmt"/>
        <line num="728" count="2" type="stmt"/>
        <line num="729" count="6" type="cond" truecount="2" falsecount="0"/>
        <line num="730" count="4" type="stmt"/>
        <line num="731" count="4" type="cond" truecount="3" falsecount="2"/>
        <line num="732" count="0" type="cond" truecount="0" falsecount="4"/>
        <line num="733" count="0" type="cond" truecount="0" falsecount="4"/>
        <line num="734" count="0" type="cond" truecount="0" falsecount="2"/>
        <line num="736" count="2" type="stmt"/>
        <line num="737" count="0" type="cond" truecount="0" falsecount="2"/>
        <line num="738" count="0" type="stmt"/>
[...]
        <line num="94" count="19" type="stmt"/>
        <line num="95" count="730" type="cond" truecount="4" falsecount="0"/>
        <line num="98" count="19" type="stmt"/>
        <line num="110" count="1" type="stmt"/>
        <line num="111" count="1" type="stmt"/>
        <line num="113" count="1" type="stmt"/>
        <line num="114" count="19" type="stmt"/>
        <line num="115" count="19" type="stmt"/>
        <line num="116" count="19" type="cond" truecount="1" falsecount="1"/>
        <line num="117" count="19" type="stmt"/>
        <line num="118" count="0" type="cond" truecount="0" falsecount="2"/>
        <line num="119" count="0" type="stmt"/>
        <line num="120" count="0" type="cond" truecount="0" falsecount="2"/>
        <line num="122" count="19" type="cond" truecount="1" falsecount="1"/>
        <line num="123" count="19" type="cond" truecount="2" falsecount="0"/>
        <line num="124" count="19" type="stmt"/>
        <line num="127" count="1" type="stmt"/>
        <line num="129" count="4" type="stmt"/>
        <line num="130" count="19" type="stmt"/>
        <line num="131" count="4" type="stmt"/>
        <line num="135" count="27" type="stmt"/>
        <line num="138" count="3" type="stmt"/>
      </file>
      <file name="stockInfoService.ts" path="/Users/d246810g2000/Documents/app/finance-app-native/services/stockInfoService.ts">
        <metrics statements="54" coveredstatements="52" conditionals="59" coveredconditionals="36" methods="13" coveredmethods="13"/>
        <line num="1" count="1" type="stmt"/>
        <line num="23" count="1" type="stmt"/>
        <line num="24" count="1" type="stmt"/>
        <line num="26" count="1" type="stmt"/>
        <line num="27" count="3" type="stmt"/>
        <line num="31" count="6" type="cond" truecount="1" falsecount="1"/>
        <line num="32" count="6" type="cond" truecount="1" falsecount="1"/>
        <line num="36" count="2" type="stmt"/>
        <line num="40" count="1" type="cond" truecount="4" falsecount="0"/>
        <line num="47" count="1" type="stmt"/>
        <line num="48" count="2" type="stmt"/>
        <line num="50" count="2" type="stmt"/>
        <line num="51" count="5" type="cond" truecount="3" falsecount="1"/>
        <line num="52" count="5" type="stmt"/>
        <line num="53" count="5" type="cond" truecount="5" falsecount="3"/>
        <line num="54" count="5" type="stmt"/>
        <line num="58" count="2" type="stmt"/>
        <line num="59" count="2" type="stmt"/>
        <line num="60" count="4" type="stmt"/>
        <line num="62" count="2" type="stmt"/>
        <line num="65" count="1" type="stmt"/>
        <line num="66" count="3" type="stmt"/>
        <line num="67" count="3" type="stmt"/>
        <line num="68" count="3" type="cond" truecount="2" falsecount="0"/>
        <line num="70" count="2" type="stmt"/>
        <line num="73" count="2" type="stmt"/>
        <line num="74" count="1" type="cond" truecount="1" falsecount="1"/>
        <line num="76" count="1" type="stmt"/>
        <line num="77" count="1" type="stmt"/>
        <line num="82" count="1" type="stmt"/>
        <line num="88" count="2" type="stmt"/>
        <line num="89" count="2" type="stmt"/>
        <line num="90" count="1" type="cond" truecount="1" falsecount="1"/>
        <line num="92" count="1" type="stmt"/>
        <line num="93" count="1" type="cond" truecount="4" falsecount="1"/>
        <line num="94" count="0" type="cond" truecount="0" falsecount="2"/>
        <line num="97" count="1" type="stmt"/>
        <line num="98" count="2" type="stmt"/>
        <line num="104" count="2" type="cond" truecount="2" falsecount="0"/>
        <line num="108" count="1" type="stmt"/>
        <line num="111" count="2" type="cond" truecount="1" falsecount="1"/>
        <line num="112" count="2" type="stmt"/>
        <line num="113" count="2" type="cond" truecount="2" falsecount="0"/>
        <line num="114" count="2" type="stmt"/>
        <line num="116" count="2" type="cond" truecount="2" falsecount="3"/>
        <line num="117" count="0" type="stmt"/>
        <line num="120" count="2" type="stmt"/>
        <line num="121" count="2" type="stmt"/>
        <line num="122" count="2" type="stmt"/>
        <line num="123" count="1" type="stmt"/>
        <line num="128" count="1" type="stmt"/>
        <line num="129" count="1" type="stmt"/>
        <line num="131" count="1" type="cond" truecount="1" falsecount="1"/>
        <line num="132" count="1" type="stmt"/>
      </file>
      <file name="stockPriceService.ts" path="/Users/d246810g2000/Documents/app/finance-app-native/services/stockPriceService.ts">
        <metrics statements="79" coveredstatements="76" conditionals="67" coveredconditionals="40" methods="20" coveredmethods="19"/>
        <line num="1" count="1" type="stmt"/>
        <line num="21" count="1" type="stmt"/>
        <line num="22" count="1" type="stmt"/>
        <line num="24" count="1" type="stmt"/>
        <line num="25" count="7" type="stmt"/>
        <line num="29" count="7" type="cond" truecount="1" falsecount="1"/>
        <line num="30" count="7" type="cond" truecount="1" falsecount="1"/>
        <line num="33" count="1" type="stmt"/>
        <line num="34" count="4" type="stmt"/>
        <line num="38" count="2" type="stmt"/>
        <line num="42" count="1" type="cond" truecount="4" falsecount="0"/>
        <line num="48" count="1" type="stmt"/>
        <line num="53" count="7" type="stmt"/>
        <line num="55" count="7" type="stmt"/>
        <line num="56" count="10" type="cond" truecount="5" falsecount="1"/>
        <line num="57" count="10" type="stmt"/>
        <line num="63" count="7" type="stmt"/>
        <line num="70" count="1" type="stmt"/>
        <line num="71" count="3" type="stmt"/>
        <line num="72" count="3" type="stmt"/>
        <line num="73" count="3" type="cond" truecount="2" falsecount="0"/>
        <line num="75" count="2" type="stmt"/>
        <line num="78" count="2" type="stmt"/>
        <line num="79" count="1" type="cond" truecount="1" falsecount="1"/>
        <line num="81" count="1" type="stmt"/>
        <line num="82" count="1" type="stmt"/>
        <line num="87" count="2" type="stmt"/>
        <line num="92" count="1" type="stmt"/>
        <line num="97" count="1" type="stmt"/>
        <line num="98" count="1" type="stmt"/>
        <line num="100" count="1" type="stmt"/>
        <line num="101" count="1" type="cond" truecount="1" falsecount="1"/>
        <line num="102" count="3" type="stmt"/>
        <line num="104" count="1" type="stmt"/>
        <line num="105" count="1" type="cond" truecount="1" falsecount="1"/>
        <line num="107" count="1" type="stmt"/>
        <line num="114" count="1" type="stmt"/>
        <line num="117" count="1" type="stmt"/>
        <line num="122" count="1" type="stmt"/>
        <line num="123" count="1" type="stmt"/>
        <line num="125" count="1" type="stmt"/>
        <line num="126" count="1" type="cond" truecount="1" falsecount="1"/>
        <line num="127" count="3" type="stmt"/>
        <line num="129" count="1" type="stmt"/>
        <line num="130" count="1" type="cond" truecount="1" falsecount="1"/>
        <line num="132" count="1" type="stmt"/>
        <line num="139" count="1" type="stmt"/>
        <line num="143" count="2" type="stmt"/>
        <line num="144" count="2" type="stmt"/>
        <line num="145" count="1" type="cond" truecount="1" falsecount="1"/>
        <line num="147" count="1" type="stmt"/>
        <line num="148" count="1" type="cond" truecount="4" falsecount="1"/>
        <line num="149" count="0" type="cond" truecount="0" falsecount="2"/>
        <line num="152" count="1" type="stmt"/>
        <line num="153" count="2" type="stmt"/>
        <line num="159" count="2" type="cond" truecount="3" falsecount="0"/>
        <line num="164" count="1" type="stmt"/>
        <line num="168" count="2" type="cond" truecount="1" falsecount="1"/>
        <line num="169" count="2" type="stmt"/>
        <line num="170" count="2" type="stmt"/>
        <line num="171" count="2" type="cond" truecount="2" falsecount="0"/>
        <line num="173" count="2" type="cond" truecount="2" falsecount="5"/>
        <line num="174" count="0" type="stmt"/>
        <line num="177" count="2" type="stmt"/>
        <line num="178" count="2" type="cond" truecount="2" falsecount="0"/>
        <line num="179" count="2" type="stmt"/>
        <line num="180" count="2" type="stmt"/>
        <line num="181" count="2" type="stmt"/>
        <line num="183" count="2" type="stmt"/>
        <line num="184" count="2" type="stmt"/>
        <line num="185" count="2" type="stmt"/>
        <line num="186" count="1" type="stmt"/>
        <line num="187" count="1" type="cond" truecount="1" falsecount="1"/>
        <line num="189" count="1" type="cond" truecount="1" falsecount="1"/>
        <line num="193" count="2" type="stmt"/>
        <line num="194" count="2" type="stmt"/>
        <line num="195" count="2" type="stmt"/>
        <line num="197" count="0" type="cond" truecount="0" falsecount="2"/>
        <line num="200" count="2" type="stmt"/>
      </file>
      <file name="stockTradeService.ts" path="/Users/d246810g2000/Documents/app/finance-app-native/services/stockTradeService.ts">
        <metrics statements="125" coveredstatements="115" conditionals="187" coveredconditionals="130" methods="26" coveredmethods="26"/>
        <line num="2" count="3" type="stmt"/>
        <line num="58" count="3" type="cond" truecount="1" falsecount="1"/>
        <line num="61" count="3" type="stmt"/>
        <line num="63" count="3" type="stmt"/>
        <line num="76" count="3" type="stmt"/>
        <line num="95" count="3" type="stmt"/>
        <line num="99" count="246" type="cond" truecount="1" falsecount="1"/>
        <line num="100" count="246" type="cond" truecount="1" falsecount="1"/>
        <line num="101" count="246" type="cond" truecount="3" falsecount="0"/>
        <line num="105" count="3" type="stmt"/>
        <line num="109" count="1" type="stmt"/>
        <line num="115" count="3" type="stmt"/>
        <line num="116" count="3" type="stmt"/>
        <line num="138" count="3" type="stmt"/>
        <line num="152" count="3" type="stmt"/>
        <line num="155" count="2" type="cond" truecount="1" falsecount="1"/>
        <line num="157" count="2" type="stmt"/>
        <line num="158" count="2" type="stmt"/>
        <line num="160" count="2" type="stmt"/>
        <line num="161" count="3" type="cond" truecount="2" falsecount="0"/>
        <line num="162" count="2" type="stmt"/>
        <line num="163" count="2" type="stmt"/>
        <line num="165" count="1" type="cond" truecount="1" falsecount="1"/>
        <line num="166" count="1" type="cond" truecount="1" falsecount="1"/>
        <line num="167" count="1" type="stmt"/>
        <line num="168" count="1" type="stmt"/>
        <line num="170" count="0" type="cond" truecount="0" falsecount="2"/>
        <line num="171" count="0" type="cond" truecount="0" falsecount="2"/>
        <line num="172" count="0" type="stmt"/>
        <line num="173" count="0" type="stmt"/>
        <line num="175" count="0" type="cond" truecount="0" falsecount="2"/>
        <line num="176" count="0" type="cond" truecount="0" falsecount="2"/>
        <line num="177" count="0" type="stmt"/>
        <line num="178" count="0" type="stmt"/>
        <line num="180" count="0" type="stmt"/>
        <line num="183" count="2" type="stmt"/>
        <line num="186" count="3" type="stmt"/>
        <line num="187" count="6992" type="cond" truecount="2" falsecount="0"/>
        <line num="192" count="14255" type="stmt"/>
        <line num="194" count="11058" type="cond" truecount="2" falsecount="0"/>
        <line num="198" count="246" type="stmt"/>
        <line num="199" count="246" type="cond" truecount="1" falsecount="1"/>
        <line num="201" count="246" type="stmt"/>
        <line num="202" count="246" type="cond" truecount="2" falsecount="0"/>
        <line num="203" count="2" type="stmt"/>
        <line num="204" count="2" type="cond" truecount="3" falsecount="1"/>
        <line num="207" count="244" type="stmt"/>
        <line num="208" count="244" type="cond" truecount="3" falsecount="1"/>
        <line num="212" count="440" type="stmt"/>
        <line num="216" count="246" type="cond" truecount="1" falsecount="1"/>
        <line num="217" count="246" type="stmt"/>
        <line num="221" count="52" type="stmt"/>
        <line num="222" count="52" type="cond" truecount="2" falsecount="0"/>
        <line num="224" count="51" type="stmt"/>
        <line num="225" count="51" type="stmt"/>
        <line num="226" count="51" type="cond" truecount="3" falsecount="1"/>
        <line num="227" count="51" type="stmt"/>
        <line num="231" count="194" type="stmt"/>
        <line num="234" count="194" type="cond" truecount="1" falsecount="1"/>
        <line num="235" count="194" type="cond" truecount="1" falsecount="1"/>
        <line num="237" count="194" type="stmt"/>
        <line num="238" count="194" type="cond" truecount="1" falsecount="1"/>
        <line num="242" count="164" type="stmt"/>
        <line num="246" count="240" type="cond" truecount="2" falsecount="0"/>
        <line num="250" count="177" type="cond" truecount="1" falsecount="2"/>
        <line num="255" count="9567" type="stmt"/>
        <line num="259" count="6731" type="stmt"/>
        <line num="263" count="6758" type="cond" truecount="2" falsecount="0"/>
        <line num="264" count="6758" type="cond" truecount="2" falsecount="0"/>
        <line num="265" count="6758" type="cond" truecount="4" falsecount="0"/>
        <line num="266" count="6684" type="cond" truecount="4" falsecount="0"/>
        <line num="267" count="6562" type="cond" truecount="4" falsecount="0"/>
        <line num="268" count="6517" type="stmt"/>
        <line num="272" count="167" type="cond" truecount="3" falsecount="1"/>
        <line num="281" count="6" type="stmt"/>
        <line num="301" count="165" type="stmt"/>
        <line num="302" count="165" type="stmt"/>
        <line num="303" count="165" type="stmt"/>
        <line num="305" count="165" type="stmt"/>
        <line num="306" count="246" type="stmt"/>
        <line num="307" count="246" type="stmt"/>
        <line num="308" count="246" type="cond" truecount="2" falsecount="0"/>
        <line num="310" count="246" type="cond" truecount="3" falsecount="1"/>
        <line num="311" count="246" type="cond" truecount="1" falsecount="1"/>
        <line num="312" count="246" type="cond" truecount="3" falsecount="1"/>
        <line num="313" count="246" type="cond" truecount="5" falsecount="0"/>
        <line num="315" count="246" type="cond" truecount="3" falsecount="1"/>
        <line num="316" count="246" type="cond" truecount="3" falsecount="1"/>
        <line num="317" count="246" type="cond" truecount="5" falsecount="0"/>
        <line num="319" count="245" type="stmt"/>
        <line num="329" count="165" type="cond" truecount="4" falsecount="0"/>
        <line num="330" count="1" type="stmt"/>
        <line num="331" count="1" type="stmt"/>
        <line num="334" count="164" type="stmt"/>
        <line num="335" count="245" type="cond" truecount="2" falsecount="0"/>
        <line num="336" count="245" type="cond" truecount="1" falsecount="1"/>
        <line num="338" count="164" type="cond" truecount="2" falsecount="2"/>
        <line num="339" count="164" type="cond" truecount="2" falsecount="0"/>
        <line num="340" count="3" type="stmt"/>
        <line num="341" count="3" type="stmt"/>
        <line num="344" count="161" type="stmt"/>
        <line num="345" count="240" type="stmt"/>
        <line num="364" count="161" type="stmt"/>
        <line num="368" count="3" type="stmt"/>
        <line num="369" count="12" type="stmt"/>
        <line num="370" count="12" type="stmt"/>
        <line num="372" count="12" type="stmt"/>
        <line num="373" count="6796" type="cond" truecount="3" falsecount="1"/>
        <line num="375" count="6758" type="stmt"/>
        <line num="376" count="6758" type="cond" truecount="2" falsecount="0"/>
        <line num="377" count="6758" type="stmt"/>
        <line num="379" count="6758" type="cond" truecount="2" falsecount="0"/>
        <line num="380" count="6591" type="cond" truecount="4" falsecount="1"/>
        <line num="383" count="6591" type="cond" truecount="1" falsecount="1"/>
        <line num="384" count="0" type="stmt"/>
        <line num="386" count="6591" type="stmt"/>
        <line num="389" count="167" type="cond" truecount="2" falsecount="0"/>
        <line num="390" count="2" type="stmt"/>
        <line num="391" count="2" type="stmt"/>
        <line num="394" count="165" type="stmt"/>
        <line num="395" count="165" type="cond" truecount="2" falsecount="0"/>
        <line num="396" count="161" type="stmt"/>
        <line num="397" count="161" type="stmt"/>
        <line num="400" count="4" type="stmt"/>
        <line num="403" count="12" type="stmt"/>
      </file>
    </package>
    <package name="finance-app-native.utils">
      <metrics statements="45" coveredstatements="28" conditionals="21" coveredconditionals="17" methods="8" coveredmethods="2"/>
      <file name="dateUtils.ts" path="/Users/d246810g2000/Documents/app/finance-app-native/utils/dateUtils.ts">
        <metrics statements="45" coveredstatements="28" conditionals="21" coveredconditionals="17" methods="8" coveredmethods="2"/>
        <line num="10" count="11" type="stmt"/>
        <line num="11" count="26787" type="cond" truecount="3" falsecount="1"/>
        <line num="14" count="26787" type="cond" truecount="2" falsecount="0"/>
        <line num="16" count="26787" type="cond" truecount="2" falsecount="0"/>
        <line num="17" count="286" type="stmt"/>
        <line num="18" count="286" type="stmt"/>
        <line num="19" count="286" type="stmt"/>
        <line num="20" count="286" type="cond" truecount="4" falsecount="1"/>
        <line num="21" count="286" type="stmt"/>
        <line num="26" count="26501" type="cond" truecount="3" falsecount="1"/>
        <line num="27" count="26501" type="stmt"/>
        <line num="28" count="26501" type="stmt"/>
        <line num="29" count="26501" type="stmt"/>
        <line num="30" count="26501" type="stmt"/>
        <line num="33" count="0" type="stmt"/>
        <line num="39" count="11" type="stmt"/>
        <line num="40" count="13294" type="cond" truecount="1" falsecount="1"/>
        <line num="41" count="13294" type="stmt"/>
        <line num="42" count="13294" type="cond" truecount="2" falsecount="0"/>
        <line num="43" count="69" type="stmt"/>
        <line num="44" count="69" type="stmt"/>
        <line num="45" count="69" type="stmt"/>
        <line num="46" count="69" type="stmt"/>
        <line num="52" count="11" type="stmt"/>
        <line num="53" count="0" type="stmt"/>
        <line num="54" count="0" type="stmt"/>
        <line num="55" count="0" type="stmt"/>
        <line num="56" count="0" type="stmt"/>
        <line num="59" count="11" type="stmt"/>
        <line num="60" count="0" type="stmt"/>
        <line num="61" count="0" type="stmt"/>
        <line num="64" count="11" type="stmt"/>
        <line num="65" count="0" type="stmt"/>
        <line num="66" count="0" type="stmt"/>
        <line num="67" count="0" type="stmt"/>
        <line num="70" count="11" type="stmt"/>
        <line num="71" count="0" type="stmt"/>
        <line num="74" count="11" type="stmt"/>
        <line num="75" count="0" type="stmt"/>
        <line num="76" count="0" type="stmt"/>
        <line num="77" count="0" type="stmt"/>
        <line num="80" count="11" type="stmt"/>
        <line num="81" count="0" type="stmt"/>
        <line num="82" count="0" type="stmt"/>
        <line num="83" count="0" type="stmt"/>
      </file>
    </package>
  </project>
</coverage>
