{"/Users/d246810g2000/Documents/app/finance-app-native/constants.ts": {"path":"/Users/d246810g2000/Documents/app/finance-app-native/constants.ts","statementMap":{"0":{"start":{"line":1,"column":13},"end":{"line":7,"column":2}},"1":{"start":{"line":9,"column":13},"end":{"line":16,"column":2}},"2":{"start":{"line":18,"column":13},"end":{"line":23,"column":2}},"3":{"start":{"line":25,"column":51},"end":{"line":25,"column":53}},"4":{"start":{"line":26,"column":24},"end":{"line":26,"column":121}},"5":{"start":{"line":28,"column":0},"end":{"line":33,"column":3}},"6":{"start":{"line":29,"column":2},"end":{"line":32,"column":4}},"7":{"start":{"line":35,"column":13},"end":{"line":35,"column":48}},"8":{"start":{"line":36,"column":13},"end":{"line":36,"column":83}},"9":{"start":{"line":37,"column":13},"end":{"line":37,"column":79}},"10":{"start":{"line":39,"column":13},"end":{"line":45,"column":2}},"11":{"start":{"line":48,"column":0},"end":{"line":48,"column":9}},"12":{"start":{"line":48,"column":9},"end":{"line":48,"column":55}},"13":{"start":{"line":48,"column":57},"end":{"line":48,"column":94}},"14":{"start":{"line":50,"column":29},"end":{"line":57,"column":1}},"15":{"start":{"line":51,"column":2},"end":{"line":55,"column":3}},"16":{"start":{"line":52,"column":4},"end":{"line":54,"column":5}},"17":{"start":{"line":53,"column":6},"end":{"line":53,"column":24}},"18":{"start":{"line":56,"column":2},"end":{"line":56,"column":15}},"19":{"start":{"line":50,"column":13},"end":{"line":50,"column":29}}},"fnMap":{"0":{"name":"(anonymous_0)","decl":{"start":{"line":28,"column":24},"end":{"line":28,"column":27}},"loc":{"start":{"line":28,"column":30},"end":{"line":33,"column":1}}},"1":{"name":"(anonymous_1)","decl":{"start":{"line":48,"column":9},"end":{"line":48,"column":33}},"loc":{"start":{"line":48,"column":9},"end":{"line":48,"column":55}}},"2":{"name":"(anonymous_2)","decl":{"start":{"line":48,"column":57},"end":{"line":48,"column":76}},"loc":{"start":{"line":48,"column":57},"end":{"line":48,"column":94}}},"3":{"name":"(anonymous_3)","decl":{"start":{"line":50,"column":29},"end":{"line":50,"column":30}},"loc":{"start":{"line":50,"column":58},"end":{"line":57,"column":1}}}},"branchMap":{"0":{"loc":{"start":{"line":30,"column":8},"end":{"line":30,"column":46}},"type":"binary-expr","locations":[{"start":{"line":30,"column":8},"end":{"line":30,"column":40}},{"start":{"line":30,"column":44},"end":{"line":30,"column":46}}]},"1":{"loc":{"start":{"line":31,"column":8},"end":{"line":31,"column":44}},"type":"binary-expr","locations":[{"start":{"line":31,"column":8},"end":{"line":31,"column":38}},{"start":{"line":31,"column":42},"end":{"line":31,"column":44}}]},"2":{"loc":{"start":{"line":52,"column":4},"end":{"line":54,"column":5}},"type":"if","locations":[{"start":{"line":52,"column":4},"end":{"line":54,"column":5}},{"start":{},"end":{}}]}},"s":{"0":13,"1":13,"2":13,"3":13,"4":13,"5":13,"6":78,"7":13,"8":13,"9":13,"10":13,"11":13,"12":13,"13":13,"14":13,"15":0,"16":0,"17":0,"18":0,"19":13},"f":{"0":78,"1":0,"2":0,"3":0},"b":{"0":[78,0],"1":[78,26],"2":[0,0]}}
,"/Users/d246810g2000/Documents/app/finance-app-native/theme.ts": {"path":"/Users/d246810g2000/Documents/app/finance-app-native/theme.ts","statementMap":{"0":{"start":{"line":186,"column":0},"end":{"line":186,"column":16}},"1":{"start":{"line":240,"column":0},"end":{"line":240,"column":16}},"2":{"start":{"line":8,"column":0},"end":{"line":8,"column":52}},"3":{"start":{"line":64,"column":13},"end":{"line":64,"column":38}},"4":{"start":{"line":66,"column":21},"end":{"line":96,"column":11}},"5":{"start":{"line":98,"column":20},"end":{"line":128,"column":11}},"6":{"start":{"line":131,"column":4},"end":{"line":179,"column":6}},"7":{"start":{"line":182,"column":13},"end":{"line":182,"column":73}},"8":{"start":{"line":183,"column":13},"end":{"line":183,"column":70}},"9":{"start":{"line":187,"column":4},"end":{"line":187,"column":47}},"10":{"start":{"line":194,"column":13},"end":{"line":194,"column":35}},"11":{"start":{"line":197,"column":13},"end":{"line":197,"column":34}},"12":{"start":{"line":200,"column":13},"end":{"line":210,"column":11}},"13":{"start":{"line":212,"column":36},"end":{"line":215,"column":2}},"14":{"start":{"line":212,"column":57},"end":{"line":215,"column":2}},"15":{"start":{"line":212,"column":13},"end":{"line":212,"column":36}},"16":{"start":{"line":217,"column":13},"end":{"line":221,"column":11}},"17":{"start":{"line":224,"column":13},"end":{"line":230,"column":2}},"18":{"start":{"line":232,"column":13},"end":{"line":238,"column":2}},"19":{"start":{"line":241,"column":4},"end":{"line":241,"column":71}},"20":{"start":{"line":245,"column":13},"end":{"line":278,"column":3}},"21":{"start":{"line":283,"column":29},"end":{"line":301,"column":2}},"22":{"start":{"line":283,"column":52},"end":{"line":301,"column":2}},"23":{"start":{"line":283,"column":13},"end":{"line":283,"column":29}},"24":{"start":{"line":303,"column":13},"end":{"line":303,"column":54}}},"fnMap":{"0":{"name":"buildPalette","decl":{"start":{"line":130,"column":9},"end":{"line":130,"column":21}},"loc":{"start":{"line":130,"column":82},"end":{"line":180,"column":1}}},"1":{"name":"resolveAppColors","decl":{"start":{"line":186,"column":16},"end":{"line":186,"column":32}},"loc":{"start":{"line":186,"column":48},"end":{"line":188,"column":1}}},"2":{"name":"(anonymous_2)","decl":{"start":{"line":212,"column":36},"end":{"line":212,"column":37}},"loc":{"start":{"line":212,"column":57},"end":{"line":215,"column":2}}},"3":{"name":"getAssetClassColors","decl":{"start":{"line":240,"column":16},"end":{"line":240,"column":35}},"loc":{"start":{"line":240,"column":51},"end":{"line":242,"column":1}}},"4":{"name":"(anonymous_4)","decl":{"start":{"line":283,"column":29},"end":{"line":283,"column":30}},"loc":{"start":{"line":283,"column":52},"end":{"line":301,"column":2}}}},"branchMap":{"0":{"loc":{"start":{"line":153,"column":18},"end":{"line":153,"column":57}},"type":"cond-expr","locations":[{"start":{"line":153,"column":27},"end":{"line":153,"column":36}},{"start":{"line":153,"column":39},"end":{"line":153,"column":57}}]},"1":{"loc":{"start":{"line":156,"column":22},"end":{"line":156,"column":55}},"type":"cond-expr","locations":[{"start":{"line":156,"column":31},"end":{"line":156,"column":43}},{"start":{"line":156,"column":46},"end":{"line":156,"column":55}}]},"2":{"loc":{"start":{"line":174,"column":15},"end":{"line":174,"column":54}},"type":"cond-expr","locations":[{"start":{"line":174,"column":24},"end":{"line":174,"column":33}},{"start":{"line":174,"column":36},"end":{"line":174,"column":54}}]},"3":{"loc":{"start":{"line":187,"column":11},"end":{"line":187,"column":46}},"type":"cond-expr","locations":[{"start":{"line":187,"column":20},"end":{"line":187,"column":31}},{"start":{"line":187,"column":34},"end":{"line":187,"column":46}}]},"4":{"loc":{"start":{"line":241,"column":11},"end":{"line":241,"column":70}},"type":"cond-expr","locations":[{"start":{"line":241,"column":20},"end":{"line":241,"column":43}},{"start":{"line":241,"column":46},"end":{"line":241,"column":70}}]}},"s":{"0":13,"1":13,"2":13,"3":13,"4":13,"5":13,"6":26,"7":13,"8":13,"9":0,"10":13,"11":13,"12":13,"13":13,"14":0,"15":13,"16":13,"17":13,"18":13,"19":0,"20":13,"21":13,"22":13,"23":13,"24":13},"f":{"0":26,"1":0,"2":0,"3":0,"4":13},"b":{"0":[13,13],"1":[13,13],"2":[13,13],"3":[0,0],"4":[0,0]}}
,"/Users/d246810g2000/Documents/app/finance-app-native/services/budgetService.ts": {"path":"/Users/d246810g2000/Documents/app/finance-app-native/services/budgetService.ts","statementMap":{"0":{"start":{"line":2,"column":0},"end":{"line":2,"column":54}},"1":{"start":{"line":4,"column":0},"end":{"line":4,"column":63}},"2":{"start":{"line":7,"column":28},"end":{"line":13,"column":1}},"3":{"start":{"line":8,"column":2},"end":{"line":8,"column":33}},"4":{"start":{"line":8,"column":20},"end":{"line":8,"column":33}},"5":{"start":{"line":9,"column":18},"end":{"line":9,"column":45}},"6":{"start":{"line":10,"column":2},"end":{"line":10,"column":46}},"7":{"start":{"line":10,"column":34},"end":{"line":10,"column":46}},"8":{"start":{"line":11,"column":2},"end":{"line":11,"column":49}},"9":{"start":{"line":11,"column":36},"end":{"line":11,"column":49}},"10":{"start":{"line":12,"column":2},"end":{"line":12,"column":47}},"11":{"start":{"line":15,"column":25},"end":{"line":15,"column":44}},"12":{"start":{"line":16,"column":25},"end":{"line":16,"column":45}},"13":{"start":{"line":17,"column":24},"end":{"line":17,"column":102}},"14":{"start":{"line":18,"column":24},"end":{"line":18,"column":102}},"15":{"start":{"line":21,"column":43},"end":{"line":25,"column":2}},"16":{"start":{"line":27,"column":27},"end":{"line":43,"column":1}},"17":{"start":{"line":28,"column":2},"end":{"line":42,"column":3}},"18":{"start":{"line":29,"column":17},"end":{"line":29,"column":63}},"19":{"start":{"line":30,"column":4},"end":{"line":30,"column":32}},"20":{"start":{"line":30,"column":22},"end":{"line":30,"column":32}},"21":{"start":{"line":31,"column":20},"end":{"line":31,"column":71}},"22":{"start":{"line":32,"column":19},"end":{"line":32,"column":38}},"23":{"start":{"line":34,"column":4},"end":{"line":38,"column":8}},"24":{"start":{"line":34,"column":35},"end":{"line":38,"column":6}},"25":{"start":{"line":40,"column":4},"end":{"line":40,"column":47}},"26":{"start":{"line":41,"column":4},"end":{"line":41,"column":14}},"27":{"start":{"line":27,"column":13},"end":{"line":27,"column":27}},"28":{"start":{"line":45,"column":27},"end":{"line":51,"column":1}},"29":{"start":{"line":46,"column":2},"end":{"line":50,"column":3}},"30":{"start":{"line":47,"column":4},"end":{"line":47,"column":82}},"31":{"start":{"line":49,"column":4},"end":{"line":49,"column":47}},"32":{"start":{"line":45,"column":13},"end":{"line":45,"column":27}},"33":{"start":{"line":53,"column":32},"end":{"line":69,"column":1}},"34":{"start":{"line":54,"column":2},"end":{"line":68,"column":3}},"35":{"start":{"line":55,"column":17},"end":{"line":55,"column":63}},"36":{"start":{"line":56,"column":4},"end":{"line":56,"column":44}},"37":{"start":{"line":56,"column":22},"end":{"line":56,"column":44}},"38":{"start":{"line":57,"column":20},"end":{"line":57,"column":71}},"39":{"start":{"line":58,"column":19},"end":{"line":58,"column":38}},"40":{"start":{"line":60,"column":63},"end":{"line":60,"column":69}},"41":{"start":{"line":61,"column":4},"end":{"line":64,"column":6}},"42":{"start":{"line":66,"column":4},"end":{"line":66,"column":53}},"43":{"start":{"line":67,"column":4},"end":{"line":67,"column":26}},"44":{"start":{"line":53,"column":13},"end":{"line":53,"column":32}},"45":{"start":{"line":71,"column":32},"end":{"line":77,"column":1}},"46":{"start":{"line":72,"column":2},"end":{"line":76,"column":3}},"47":{"start":{"line":73,"column":4},"end":{"line":73,"column":81}},"48":{"start":{"line":75,"column":4},"end":{"line":75,"column":53}},"49":{"start":{"line":71,"column":13},"end":{"line":71,"column":32}},"50":{"start":{"line":82,"column":31},"end":{"line":84,"column":1}},"51":{"start":{"line":83,"column":2},"end":{"line":83,"column":50}},"52":{"start":{"line":82,"column":13},"end":{"line":82,"column":31}},"53":{"start":{"line":89,"column":28},"end":{"line":113,"column":1}},"54":{"start":{"line":91,"column":2},"end":{"line":97,"column":3}},"55":{"start":{"line":92,"column":18},"end":{"line":92,"column":47}},"56":{"start":{"line":93,"column":4},"end":{"line":96,"column":5}},"57":{"start":{"line":94,"column":18},"end":{"line":94,"column":56}},"58":{"start":{"line":95,"column":6},"end":{"line":95,"column":34}},"59":{"start":{"line":95,"column":23},"end":{"line":95,"column":34}},"60":{"start":{"line":100,"column":18},"end":{"line":100,"column":30}},"61":{"start":{"line":101,"column":2},"end":{"line":101,"column":28}},"62":{"start":{"line":101,"column":16},"end":{"line":101,"column":28}},"63":{"start":{"line":103,"column":2},"end":{"line":110,"column":3}},"64":{"start":{"line":104,"column":18},"end":{"line":104,"column":81}},"65":{"start":{"line":105,"column":4},"end":{"line":107,"column":5}},"66":{"start":{"line":106,"column":6},"end":{"line":106,"column":36}},"67":{"start":{"line":108,"column":9},"end":{"line":110,"column":3}},"68":{"start":{"line":109,"column":4},"end":{"line":109,"column":49}},"69":{"start":{"line":112,"column":2},"end":{"line":112,"column":14}},"70":{"start":{"line":115,"column":37},"end":{"line":339,"column":1}},"71":{"start":{"line":121,"column":21},"end":{"line":121,"column":46}},"72":{"start":{"line":122,"column":27},"end":{"line":122,"column":49}},"73":{"start":{"line":124,"column":14},"end":{"line":124,"column":24}},"74":{"start":{"line":125,"column":25},"end":{"line":125,"column":96}},"75":{"start":{"line":128,"column":23},"end":{"line":153,"column":4}},"76":{"start":{"line":130,"column":4},"end":{"line":151,"column":5}},"77":{"start":{"line":131,"column":6},"end":{"line":131,"column":45}},"78":{"start":{"line":132,"column":6},"end":{"line":132,"column":43}},"79":{"start":{"line":133,"column":11},"end":{"line":151,"column":5}},"80":{"start":{"line":134,"column":22},"end":{"line":134,"column":34}},"81":{"start":{"line":135,"column":6},"end":{"line":148,"column":7}},"82":{"start":{"line":136,"column":22},"end":{"line":136,"column":85}},"83":{"start":{"line":137,"column":8},"end":{"line":142,"column":9}},"84":{"start":{"line":138,"column":10},"end":{"line":138,"column":40}},"85":{"start":{"line":139,"column":10},"end":{"line":139,"column":45}},"86":{"start":{"line":141,"column":10},"end":{"line":141,"column":23}},"87":{"start":{"line":143,"column":13},"end":{"line":148,"column":7}},"88":{"start":{"line":144,"column":8},"end":{"line":144,"column":53}},"89":{"start":{"line":145,"column":8},"end":{"line":145,"column":58}},"90":{"start":{"line":147,"column":8},"end":{"line":147,"column":21}},"91":{"start":{"line":150,"column":6},"end":{"line":150,"column":19}},"92":{"start":{"line":152,"column":4},"end":{"line":152,"column":61}},"93":{"start":{"line":156,"column":61},"end":{"line":156,"column":63}},"94":{"start":{"line":157,"column":61},"end":{"line":157,"column":63}},"95":{"start":{"line":158,"column":59},"end":{"line":158,"column":61}},"96":{"start":{"line":159,"column":19},"end":{"line":159,"column":20}},"97":{"start":{"line":160,"column":24},"end":{"line":160,"column":25}},"98":{"start":{"line":161,"column":24},"end":{"line":161,"column":25}},"99":{"start":{"line":164,"column":28},"end":{"line":164,"column":45}},"100":{"start":{"line":166,"column":2},"end":{"line":204,"column":5}},"101":{"start":{"line":167,"column":27},"end":{"line":167,"column":43}},"102":{"start":{"line":168,"column":26},"end":{"line":168,"column":42}},"103":{"start":{"line":170,"column":4},"end":{"line":203,"column":5}},"104":{"start":{"line":171,"column":22},"end":{"line":171,"column":40}},"105":{"start":{"line":173,"column":6},"end":{"line":175,"column":7}},"106":{"start":{"line":174,"column":8},"end":{"line":174,"column":15}},"107":{"start":{"line":177,"column":23},"end":{"line":177,"column":35}},"108":{"start":{"line":178,"column":27},"end":{"line":178,"column":78}},"109":{"start":{"line":179,"column":19},"end":{"line":179,"column":48}},"110":{"start":{"line":181,"column":23},"end":{"line":181,"column":35}},"111":{"start":{"line":182,"column":27},"end":{"line":182,"column":56}},"112":{"start":{"line":183,"column":6},"end":{"line":183,"column":47}},"113":{"start":{"line":185,"column":6},"end":{"line":189,"column":7}},"114":{"start":{"line":186,"column":8},"end":{"line":186,"column":30}},"115":{"start":{"line":187,"column":13},"end":{"line":189,"column":7}},"116":{"start":{"line":188,"column":8},"end":{"line":188,"column":30}},"117":{"start":{"line":191,"column":6},"end":{"line":191,"column":27}},"118":{"start":{"line":193,"column":20},"end":{"line":193,"column":52}},"119":{"start":{"line":194,"column":6},"end":{"line":202,"column":7}},"120":{"start":{"line":195,"column":8},"end":{"line":195,"column":80}},"121":{"start":{"line":196,"column":8},"end":{"line":196,"column":84}},"122":{"start":{"line":197,"column":8},"end":{"line":197,"column":34}},"123":{"start":{"line":198,"column":8},"end":{"line":198,"column":39}},"124":{"start":{"line":200,"column":8},"end":{"line":200,"column":84}},"125":{"start":{"line":201,"column":8},"end":{"line":201,"column":34}},"126":{"start":{"line":207,"column":25},"end":{"line":207,"column":26}},"127":{"start":{"line":208,"column":26},"end":{"line":208,"column":43}},"128":{"start":{"line":210,"column":40},"end":{"line":253,"column":4}},"129":{"start":{"line":211,"column":23},"end":{"line":211,"column":73}},"130":{"start":{"line":212,"column":23},"end":{"line":212,"column":73}},"131":{"start":{"line":216,"column":42},"end":{"line":216,"column":134}},"132":{"start":{"line":216,"column":60},"end":{"line":216,"column":133}},"133":{"start":{"line":217,"column":4},"end":{"line":220,"column":5}},"134":{"start":{"line":218,"column":6},"end":{"line":218,"column":44}},"135":{"start":{"line":219,"column":6},"end":{"line":219,"column":41}},"136":{"start":{"line":222,"column":27},"end":{"line":222,"column":70}},"137":{"start":{"line":223,"column":22},"end":{"line":223,"column":49}},"138":{"start":{"line":224,"column":23},"end":{"line":224,"column":108}},"139":{"start":{"line":226,"column":41},"end":{"line":226,"column":47}},"140":{"start":{"line":227,"column":4},"end":{"line":229,"column":50}},"141":{"start":{"line":227,"column":27},"end":{"line":227,"column":47}},"142":{"start":{"line":228,"column":9},"end":{"line":229,"column":50}},"143":{"start":{"line":228,"column":31},"end":{"line":228,"column":49}},"144":{"start":{"line":229,"column":9},"end":{"line":229,"column":50}},"145":{"start":{"line":229,"column":31},"end":{"line":229,"column":50}},"146":{"start":{"line":232,"column":4},"end":{"line":242,"column":5}},"147":{"start":{"line":233,"column":26},"end":{"line":233,"column":81}},"148":{"start":{"line":234,"column":25},"end":{"line":234,"column":38}},"149":{"start":{"line":235,"column":28},"end":{"line":235,"column":69}},"150":{"start":{"line":237,"column":6},"end":{"line":241,"column":7}},"151":{"start":{"line":238,"column":8},"end":{"line":238,"column":63}},"152":{"start":{"line":240,"column":8},"end":{"line":240,"column":27}},"153":{"start":{"line":244,"column":4},"end":{"line":252,"column":13}},"154":{"start":{"line":256,"column":32},"end":{"line":256,"column":107}},"155":{"start":{"line":256,"column":68},"end":{"line":256,"column":106}},"156":{"start":{"line":257,"column":53},"end":{"line":260,"column":5}},"157":{"start":{"line":257,"column":91},"end":{"line":260,"column":4}},"158":{"start":{"line":263,"column":70},"end":{"line":263,"column":79}},"159":{"start":{"line":264,"column":72},"end":{"line":264,"column":74}},"160":{"start":{"line":265,"column":28},"end":{"line":265,"column":83}},"161":{"start":{"line":267,"column":2},"end":{"line":293,"column":5}},"162":{"start":{"line":268,"column":4},"end":{"line":268,"column":47}},"163":{"start":{"line":268,"column":40},"end":{"line":268,"column":47}},"164":{"start":{"line":270,"column":27},"end":{"line":274,"column":6}},"165":{"start":{"line":270,"column":47},"end":{"line":270,"column":66}},"166":{"start":{"line":271,"column":20},"end":{"line":271,"column":47}},"167":{"start":{"line":272,"column":20},"end":{"line":272,"column":47}},"168":{"start":{"line":273,"column":6},"end":{"line":273,"column":47}},"169":{"start":{"line":276,"column":4},"end":{"line":276,"column":44}},"170":{"start":{"line":276,"column":37},"end":{"line":276,"column":44}},"171":{"start":{"line":278,"column":23},"end":{"line":278,"column":40}},"172":{"start":{"line":279,"column":19},"end":{"line":279,"column":50}},"173":{"start":{"line":280,"column":4},"end":{"line":280,"column":32}},"174":{"start":{"line":280,"column":25},"end":{"line":280,"column":32}},"175":{"start":{"line":282,"column":25},"end":{"line":282,"column":80}},"176":{"start":{"line":283,"column":21},"end":{"line":283,"column":50}},"177":{"start":{"line":284,"column":25},"end":{"line":284,"column":62}},"178":{"start":{"line":285,"column":4},"end":{"line":285,"column":53}},"179":{"start":{"line":286,"column":4},"end":{"line":286,"column":66}},"180":{"start":{"line":286,"column":48},"end":{"line":286,"column":66}},"181":{"start":{"line":288,"column":4},"end":{"line":292,"column":7}},"182":{"start":{"line":295,"column":2},"end":{"line":315,"column":3}},"183":{"start":{"line":296,"column":4},"end":{"line":307,"column":5}},"184":{"start":{"line":298,"column":20},"end":{"line":298,"column":33}},"185":{"start":{"line":299,"column":6},"end":{"line":303,"column":9}},"186":{"start":{"line":300,"column":22},"end":{"line":300,"column":73}},"187":{"start":{"line":301,"column":22},"end":{"line":301,"column":73}},"188":{"start":{"line":302,"column":8},"end":{"line":302,"column":29}},"189":{"start":{"line":306,"column":6},"end":{"line":306,"column":49}},"190":{"start":{"line":306,"column":34},"end":{"line":306,"column":47}},"191":{"start":{"line":309,"column":17},"end":{"line":309,"column":32}},"192":{"start":{"line":310,"column":4},"end":{"line":314,"column":6}},"193":{"start":{"line":318,"column":29},"end":{"line":318,"column":66}},"194":{"start":{"line":318,"column":54},"end":{"line":318,"column":64}},"195":{"start":{"line":319,"column":29},"end":{"line":319,"column":30}},"196":{"start":{"line":320,"column":2},"end":{"line":324,"column":3}},"197":{"start":{"line":321,"column":4},"end":{"line":323,"column":5}},"198":{"start":{"line":322,"column":6},"end":{"line":322,"column":37}},"199":{"start":{"line":326,"column":27},"end":{"line":326,"column":78}},"200":{"start":{"line":326,"column":54},"end":{"line":326,"column":74}},"201":{"start":{"line":328,"column":2},"end":{"line":338,"column":4}},"202":{"start":{"line":329,"column":48},"end":{"line":329,"column":75}},"203":{"start":{"line":115,"column":13},"end":{"line":115,"column":37}}},"fnMap":{"0":{"name":"(anonymous_9)","decl":{"start":{"line":7,"column":28},"end":{"line":7,"column":29}},"loc":{"start":{"line":7,"column":105},"end":{"line":13,"column":1}}},"1":{"name":"(anonymous_10)","decl":{"start":{"line":27,"column":27},"end":{"line":27,"column":32}},"loc":{"start":{"line":27,"column":61},"end":{"line":43,"column":1}}},"2":{"name":"(anonymous_11)","decl":{"start":{"line":34,"column":22},"end":{"line":34,"column":23}},"loc":{"start":{"line":34,"column":35},"end":{"line":38,"column":6}}},"3":{"name":"(anonymous_12)","decl":{"start":{"line":45,"column":27},"end":{"line":45,"column":32}},"loc":{"start":{"line":45,"column":74},"end":{"line":51,"column":1}}},"4":{"name":"(anonymous_13)","decl":{"start":{"line":53,"column":32},"end":{"line":53,"column":37}},"loc":{"start":{"line":53,"column":72},"end":{"line":69,"column":1}}},"5":{"name":"(anonymous_14)","decl":{"start":{"line":71,"column":32},"end":{"line":71,"column":37}},"loc":{"start":{"line":71,"column":84},"end":{"line":77,"column":1}}},"6":{"name":"(anonymous_15)","decl":{"start":{"line":82,"column":31},"end":{"line":82,"column":32}},"loc":{"start":{"line":82,"column":98},"end":{"line":84,"column":1}}},"7":{"name":"(anonymous_16)","decl":{"start":{"line":89,"column":28},"end":{"line":89,"column":29}},"loc":{"start":{"line":89,"column":65},"end":{"line":113,"column":1}}},"8":{"name":"(anonymous_17)","decl":{"start":{"line":115,"column":37},"end":{"line":115,"column":null}},"loc":{"start":{"line":120,"column":29},"end":{"line":339,"column":1}}},"9":{"name":"(anonymous_18)","decl":{"start":{"line":128,"column":38},"end":{"line":128,"column":44}},"loc":{"start":{"line":128,"column":47},"end":{"line":153,"column":3}}},"10":{"name":"(anonymous_19)","decl":{"start":{"line":166,"column":23},"end":{"line":166,"column":29}},"loc":{"start":{"line":166,"column":32},"end":{"line":204,"column":3}}},"11":{"name":"(anonymous_20)","decl":{"start":{"line":210,"column":52},"end":{"line":210,"column":56}},"loc":{"start":{"line":210,"column":59},"end":{"line":253,"column":3}}},"12":{"name":"(anonymous_21)","decl":{"start":{"line":216,"column":55},"end":{"line":216,"column":56}},"loc":{"start":{"line":216,"column":60},"end":{"line":216,"column":133}}},"13":{"name":"(anonymous_22)","decl":{"start":{"line":256,"column":63},"end":{"line":256,"column":64}},"loc":{"start":{"line":256,"column":68},"end":{"line":256,"column":106}}},"14":{"name":"(anonymous_23)","decl":{"start":{"line":257,"column":79},"end":{"line":257,"column":86}},"loc":{"start":{"line":257,"column":91},"end":{"line":260,"column":4}}},"15":{"name":"(anonymous_24)","decl":{"start":{"line":267,"column":32},"end":{"line":267,"column":39}},"loc":{"start":{"line":267,"column":42},"end":{"line":293,"column":3}}},"16":{"name":"(anonymous_25)","decl":{"start":{"line":270,"column":42},"end":{"line":270,"column":43}},"loc":{"start":{"line":270,"column":47},"end":{"line":270,"column":66}}},"17":{"name":"(anonymous_26)","decl":{"start":{"line":270,"column":73},"end":{"line":270,"column":74}},"loc":{"start":{"line":270,"column":82},"end":{"line":274,"column":5}}},"18":{"name":"(anonymous_27)","decl":{"start":{"line":299,"column":24},"end":{"line":299,"column":25}},"loc":{"start":{"line":299,"column":33},"end":{"line":303,"column":7}}},"19":{"name":"(anonymous_28)","decl":{"start":{"line":306,"column":24},"end":{"line":306,"column":25}},"loc":{"start":{"line":306,"column":34},"end":{"line":306,"column":47}}},"20":{"name":"(anonymous_29)","decl":{"start":{"line":318,"column":49},"end":{"line":318,"column":50}},"loc":{"start":{"line":318,"column":54},"end":{"line":318,"column":64}}},"21":{"name":"(anonymous_30)","decl":{"start":{"line":326,"column":42},"end":{"line":326,"column":43}},"loc":{"start":{"line":326,"column":54},"end":{"line":326,"column":74}}},"22":{"name":"(anonymous_31)","decl":{"start":{"line":329,"column":38},"end":{"line":329,"column":39}},"loc":{"start":{"line":329,"column":48},"end":{"line":329,"column":75}}}},"branchMap":{"0":{"loc":{"start":{"line":7,"column":50},"end":{"line":7,"column":92}},"type":"default-arg","locations":[{"start":{"line":7,"column":90},"end":{"line":7,"column":92}}]},"1":{"loc":{"start":{"line":8,"column":2},"end":{"line":8,"column":33}},"type":"if","locations":[{"start":{"line":8,"column":2},"end":{"line":8,"column":33}},{"start":{},"end":{}}]},"2":{"loc":{"start":{"line":10,"column":2},"end":{"line":10,"column":46}},"type":"if","locations":[{"start":{"line":10,"column":2},"end":{"line":10,"column":46}},{"start":{},"end":{}}]},"3":{"loc":{"start":{"line":11,"column":2},"end":{"line":11,"column":49}},"type":"if","locations":[{"start":{"line":11,"column":2},"end":{"line":11,"column":49}},{"start":{},"end":{}}]},"4":{"loc":{"start":{"line":17,"column":25},"end":{"line":17,"column":82}},"type":"binary-expr","locations":[{"start":{"line":17,"column":25},"end":{"line":17,"column":53}},{"start":{"line":17,"column":57},"end":{"line":17,"column":82}}]},"5":{"loc":{"start":{"line":18,"column":25},"end":{"line":18,"column":82}},"type":"binary-expr","locations":[{"start":{"line":18,"column":25},"end":{"line":18,"column":53}},{"start":{"line":18,"column":57},"end":{"line":18,"column":82}}]},"6":{"loc":{"start":{"line":30,"column":4},"end":{"line":30,"column":32}},"type":"if","locations":[{"start":{"line":30,"column":4},"end":{"line":30,"column":32}},{"start":{},"end":{}}]},"7":{"loc":{"start":{"line":56,"column":4},"end":{"line":56,"column":44}},"type":"if","locations":[{"start":{"line":56,"column":4},"end":{"line":56,"column":44}},{"start":{},"end":{}}]},"8":{"loc":{"start":{"line":63,"column":21},"end":{"line":63,"column":47}},"type":"binary-expr","locations":[{"start":{"line":63,"column":21},"end":{"line":63,"column":41}},{"start":{"line":63,"column":45},"end":{"line":63,"column":47}}]},"9":{"loc":{"start":{"line":83,"column":9},"end":{"line":83,"column":49}},"type":"binary-expr","locations":[{"start":{"line":83,"column":9},"end":{"line":83,"column":38}},{"start":{"line":83,"column":42},"end":{"line":83,"column":49}}]},"10":{"loc":{"start":{"line":91,"column":2},"end":{"line":97,"column":3}},"type":"if","locations":[{"start":{"line":91,"column":2},"end":{"line":97,"column":3}},{"start":{},"end":{}}]},"11":{"loc":{"start":{"line":91,"column":6},"end":{"line":91,"column":66}},"type":"binary-expr","locations":[{"start":{"line":91,"column":6},"end":{"line":91,"column":24}},{"start":{"line":91,"column":28},"end":{"line":91,"column":66}}]},"12":{"loc":{"start":{"line":93,"column":4},"end":{"line":96,"column":5}},"type":"if","locations":[{"start":{"line":93,"column":4},"end":{"line":96,"column":5}},{"start":{},"end":{}}]},"13":{"loc":{"start":{"line":93,"column":8},"end":{"line":93,"column":49}},"type":"binary-expr","locations":[{"start":{"line":93,"column":8},"end":{"line":93,"column":24}},{"start":{"line":93,"column":28},"end":{"line":93,"column":49}}]},"14":{"loc":{"start":{"line":95,"column":6},"end":{"line":95,"column":34}},"type":"if","locations":[{"start":{"line":95,"column":6},"end":{"line":95,"column":34}},{"start":{},"end":{}}]},"15":{"loc":{"start":{"line":101,"column":2},"end":{"line":101,"column":28}},"type":"if","locations":[{"start":{"line":101,"column":2},"end":{"line":101,"column":28}},{"start":{},"end":{}}]},"16":{"loc":{"start":{"line":103,"column":2},"end":{"line":110,"column":3}},"type":"if","locations":[{"start":{"line":103,"column":2},"end":{"line":110,"column":3}},{"start":{"line":108,"column":9},"end":{"line":110,"column":3}}]},"17":{"loc":{"start":{"line":103,"column":6},"end":{"line":103,"column":52}},"type":"binary-expr","locations":[{"start":{"line":103,"column":6},"end":{"line":103,"column":27}},{"start":{"line":103,"column":31},"end":{"line":103,"column":52}}]},"18":{"loc":{"start":{"line":104,"column":18},"end":{"line":104,"column":81}},"type":"cond-expr","locations":[{"start":{"line":104,"column":42},"end":{"line":104,"column":60}},{"start":{"line":104,"column":63},"end":{"line":104,"column":81}}]},"19":{"loc":{"start":{"line":105,"column":4},"end":{"line":107,"column":5}},"type":"if","locations":[{"start":{"line":105,"column":4},"end":{"line":107,"column":5}},{"start":{},"end":{}}]},"20":{"loc":{"start":{"line":108,"column":9},"end":{"line":110,"column":3}},"type":"if","locations":[{"start":{"line":108,"column":9},"end":{"line":110,"column":3}},{"start":{},"end":{}}]},"21":{"loc":{"start":{"line":125,"column":25},"end":{"line":125,"column":96}},"type":"binary-expr","locations":[{"start":{"line":125,"column":25},"end":{"line":125,"column":57}},{"start":{"line":125,"column":61},"end":{"line":125,"column":96}}]},"22":{"loc":{"start":{"line":130,"column":4},"end":{"line":151,"column":5}},"type":"if","locations":[{"start":{"line":130,"column":4},"end":{"line":151,"column":5}},{"start":{"line":133,"column":11},"end":{"line":151,"column":5}}]},"23":{"loc":{"start":{"line":133,"column":11},"end":{"line":151,"column":5}},"type":"if","locations":[{"start":{"line":133,"column":11},"end":{"line":151,"column":5}},{"start":{"line":149,"column":11},"end":{"line":151,"column":5}}]},"24":{"loc":{"start":{"line":133,"column":15},"end":{"line":133,"column":63}},"type":"binary-expr","locations":[{"start":{"line":133,"column":15},"end":{"line":133,"column":27}},{"start":{"line":133,"column":31},"end":{"line":133,"column":63}}]},"25":{"loc":{"start":{"line":135,"column":6},"end":{"line":148,"column":7}},"type":"if","locations":[{"start":{"line":135,"column":6},"end":{"line":148,"column":7}},{"start":{"line":143,"column":13},"end":{"line":148,"column":7}}]},"26":{"loc":{"start":{"line":135,"column":10},"end":{"line":135,"column":56}},"type":"binary-expr","locations":[{"start":{"line":135,"column":10},"end":{"line":135,"column":31}},{"start":{"line":135,"column":35},"end":{"line":135,"column":56}}]},"27":{"loc":{"start":{"line":136,"column":22},"end":{"line":136,"column":85}},"type":"cond-expr","locations":[{"start":{"line":136,"column":46},"end":{"line":136,"column":64}},{"start":{"line":136,"column":67},"end":{"line":136,"column":85}}]},"28":{"loc":{"start":{"line":137,"column":8},"end":{"line":142,"column":9}},"type":"if","locations":[{"start":{"line":137,"column":8},"end":{"line":142,"column":9}},{"start":{"line":140,"column":15},"end":{"line":142,"column":9}}]},"29":{"loc":{"start":{"line":143,"column":13},"end":{"line":148,"column":7}},"type":"if","locations":[{"start":{"line":143,"column":13},"end":{"line":148,"column":7}},{"start":{"line":146,"column":13},"end":{"line":148,"column":7}}]},"30":{"loc":{"start":{"line":152,"column":11},"end":{"line":152,"column":60}},"type":"binary-expr","locations":[{"start":{"line":152,"column":11},"end":{"line":152,"column":30}},{"start":{"line":152,"column":34},"end":{"line":152,"column":60}}]},"31":{"loc":{"start":{"line":170,"column":4},"end":{"line":203,"column":5}},"type":"if","locations":[{"start":{"line":170,"column":4},"end":{"line":203,"column":5}},{"start":{},"end":{}}]},"32":{"loc":{"start":{"line":170,"column":8},"end":{"line":170,"column":94}},"type":"binary-expr","locations":[{"start":{"line":170,"column":8},"end":{"line":170,"column":22}},{"start":{"line":170,"column":26},"end":{"line":170,"column":40}},{"start":{"line":170,"column":44},"end":{"line":170,"column":69}},{"start":{"line":170,"column":73},"end":{"line":170,"column":94}}]},"33":{"loc":{"start":{"line":171,"column":22},"end":{"line":171,"column":40}},"type":"binary-expr","locations":[{"start":{"line":171,"column":22},"end":{"line":171,"column":34}},{"start":{"line":171,"column":38},"end":{"line":171,"column":40}}]},"34":{"loc":{"start":{"line":173,"column":6},"end":{"line":175,"column":7}},"type":"if","locations":[{"start":{"line":173,"column":6},"end":{"line":175,"column":7}},{"start":{},"end":{}}]},"35":{"loc":{"start":{"line":178,"column":28},"end":{"line":178,"column":46}},"type":"binary-expr","locations":[{"start":{"line":178,"column":28},"end":{"line":178,"column":40}},{"start":{"line":178,"column":44},"end":{"line":178,"column":46}}]},"36":{"loc":{"start":{"line":179,"column":19},"end":{"line":179,"column":48}},"type":"binary-expr","locations":[{"start":{"line":179,"column":19},"end":{"line":179,"column":43}},{"start":{"line":179,"column":47},"end":{"line":179,"column":48}}]},"37":{"loc":{"start":{"line":182,"column":27},"end":{"line":182,"column":56}},"type":"binary-expr","locations":[{"start":{"line":182,"column":27},"end":{"line":182,"column":51}},{"start":{"line":182,"column":55},"end":{"line":182,"column":56}}]},"38":{"loc":{"start":{"line":185,"column":6},"end":{"line":189,"column":7}},"type":"if","locations":[{"start":{"line":185,"column":6},"end":{"line":189,"column":7}},{"start":{"line":187,"column":13},"end":{"line":189,"column":7}}]},"39":{"loc":{"start":{"line":187,"column":13},"end":{"line":189,"column":7}},"type":"if","locations":[{"start":{"line":187,"column":13},"end":{"line":189,"column":7}},{"start":{},"end":{}}]},"40":{"loc":{"start":{"line":187,"column":17},"end":{"line":187,"column":77}},"type":"binary-expr","locations":[{"start":{"line":187,"column":17},"end":{"line":187,"column":52}},{"start":{"line":187,"column":56},"end":{"line":187,"column":77}}]},"41":{"loc":{"start":{"line":194,"column":6},"end":{"line":202,"column":7}},"type":"if","locations":[{"start":{"line":194,"column":6},"end":{"line":202,"column":7}},{"start":{"line":199,"column":13},"end":{"line":202,"column":7}}]},"42":{"loc":{"start":{"line":195,"column":38},"end":{"line":195,"column":69}},"type":"binary-expr","locations":[{"start":{"line":195,"column":38},"end":{"line":195,"column":64}},{"start":{"line":195,"column":68},"end":{"line":195,"column":69}}]},"43":{"loc":{"start":{"line":196,"column":40},"end":{"line":196,"column":73}},"type":"binary-expr","locations":[{"start":{"line":196,"column":40},"end":{"line":196,"column":68}},{"start":{"line":196,"column":72},"end":{"line":196,"column":73}}]},"44":{"loc":{"start":{"line":200,"column":40},"end":{"line":200,"column":73}},"type":"binary-expr","locations":[{"start":{"line":200,"column":40},"end":{"line":200,"column":68}},{"start":{"line":200,"column":72},"end":{"line":200,"column":73}}]},"45":{"loc":{"start":{"line":211,"column":34},"end":{"line":211,"column":72}},"type":"binary-expr","locations":[{"start":{"line":211,"column":34},"end":{"line":211,"column":67}},{"start":{"line":211,"column":71},"end":{"line":211,"column":72}}]},"46":{"loc":{"start":{"line":212,"column":34},"end":{"line":212,"column":72}},"type":"binary-expr","locations":[{"start":{"line":212,"column":34},"end":{"line":212,"column":67}},{"start":{"line":212,"column":71},"end":{"line":212,"column":72}}]},"47":{"loc":{"start":{"line":216,"column":60},"end":{"line":216,"column":133}},"type":"binary-expr","locations":[{"start":{"line":216,"column":60},"end":{"line":216,"column":85}},{"start":{"line":216,"column":89},"end":{"line":216,"column":133}}]},"48":{"loc":{"start":{"line":217,"column":4},"end":{"line":220,"column":5}},"type":"if","locations":[{"start":{"line":217,"column":4},"end":{"line":220,"column":5}},{"start":{},"end":{}}]},"49":{"loc":{"start":{"line":224,"column":23},"end":{"line":224,"column":108}},"type":"cond-expr","locations":[{"start":{"line":224,"column":44},"end":{"line":224,"column":79}},{"start":{"line":224,"column":83},"end":{"line":224,"column":107}}]},"50":{"loc":{"start":{"line":224,"column":83},"end":{"line":224,"column":107}},"type":"cond-expr","locations":[{"start":{"line":224,"column":100},"end":{"line":224,"column":103}},{"start":{"line":224,"column":106},"end":{"line":224,"column":107}}]},"51":{"loc":{"start":{"line":227,"column":4},"end":{"line":229,"column":50}},"type":"if","locations":[{"start":{"line":227,"column":4},"end":{"line":229,"column":50}},{"start":{"line":228,"column":9},"end":{"line":229,"column":50}}]},"52":{"loc":{"start":{"line":228,"column":9},"end":{"line":229,"column":50}},"type":"if","locations":[{"start":{"line":228,"column":9},"end":{"line":229,"column":50}},{"start":{"line":229,"column":9},"end":{"line":229,"column":50}}]},"53":{"loc":{"start":{"line":229,"column":9},"end":{"line":229,"column":50}},"type":"if","locations":[{"start":{"line":229,"column":9},"end":{"line":229,"column":50}},{"start":{},"end":{}}]},"54":{"loc":{"start":{"line":232,"column":4},"end":{"line":242,"column":5}},"type":"if","locations":[{"start":{"line":232,"column":4},"end":{"line":242,"column":5}},{"start":{},"end":{}}]},"55":{"loc":{"start":{"line":237,"column":6},"end":{"line":241,"column":7}},"type":"if","locations":[{"start":{"line":237,"column":6},"end":{"line":241,"column":7}},{"start":{"line":239,"column":13},"end":{"line":241,"column":7}}]},"56":{"loc":{"start":{"line":259,"column":22},"end":{"line":259,"column":53}},"type":"binary-expr","locations":[{"start":{"line":259,"column":22},"end":{"line":259,"column":48}},{"start":{"line":259,"column":52},"end":{"line":259,"column":53}}]},"57":{"loc":{"start":{"line":268,"column":4},"end":{"line":268,"column":47}},"type":"if","locations":[{"start":{"line":268,"column":4},"end":{"line":268,"column":47}},{"start":{},"end":{}}]},"58":{"loc":{"start":{"line":271,"column":20},"end":{"line":271,"column":47}},"type":"binary-expr","locations":[{"start":{"line":271,"column":20},"end":{"line":271,"column":32}},{"start":{"line":271,"column":36},"end":{"line":271,"column":47}}]},"59":{"loc":{"start":{"line":272,"column":20},"end":{"line":272,"column":47}},"type":"binary-expr","locations":[{"start":{"line":272,"column":20},"end":{"line":272,"column":32}},{"start":{"line":272,"column":36},"end":{"line":272,"column":47}}]},"60":{"loc":{"start":{"line":276,"column":4},"end":{"line":276,"column":44}},"type":"if","locations":[{"start":{"line":276,"column":4},"end":{"line":276,"column":44}},{"start":{},"end":{}}]},"61":{"loc":{"start":{"line":280,"column":4},"end":{"line":280,"column":32}},"type":"if","locations":[{"start":{"line":280,"column":4},"end":{"line":280,"column":32}},{"start":{},"end":{}}]},"62":{"loc":{"start":{"line":282,"column":26},"end":{"line":282,"column":48}},"type":"binary-expr","locations":[{"start":{"line":282,"column":26},"end":{"line":282,"column":42}},{"start":{"line":282,"column":46},"end":{"line":282,"column":48}}]},"63":{"loc":{"start":{"line":283,"column":21},"end":{"line":283,"column":50}},"type":"binary-expr","locations":[{"start":{"line":283,"column":21},"end":{"line":283,"column":45}},{"start":{"line":283,"column":49},"end":{"line":283,"column":50}}]},"64":{"loc":{"start":{"line":284,"column":25},"end":{"line":284,"column":62}},"type":"binary-expr","locations":[{"start":{"line":284,"column":25},"end":{"line":284,"column":57}},{"start":{"line":284,"column":61},"end":{"line":284,"column":62}}]},"65":{"loc":{"start":{"line":286,"column":4},"end":{"line":286,"column":66}},"type":"if","locations":[{"start":{"line":286,"column":4},"end":{"line":286,"column":66}},{"start":{},"end":{}}]},"66":{"loc":{"start":{"line":295,"column":2},"end":{"line":315,"column":3}},"type":"if","locations":[{"start":{"line":295,"column":2},"end":{"line":315,"column":3}},{"start":{},"end":{}}]},"67":{"loc":{"start":{"line":296,"column":4},"end":{"line":307,"column":5}},"type":"if","locations":[{"start":{"line":296,"column":4},"end":{"line":307,"column":5}},{"start":{"line":304,"column":11},"end":{"line":307,"column":5}}]},"68":{"loc":{"start":{"line":300,"column":22},"end":{"line":300,"column":73}},"type":"cond-expr","locations":[{"start":{"line":300,"column":39},"end":{"line":300,"column":52}},{"start":{"line":300,"column":55},"end":{"line":300,"column":73}}]},"69":{"loc":{"start":{"line":301,"column":22},"end":{"line":301,"column":73}},"type":"cond-expr","locations":[{"start":{"line":301,"column":39},"end":{"line":301,"column":52}},{"start":{"line":301,"column":55},"end":{"line":301,"column":73}}]},"70":{"loc":{"start":{"line":321,"column":4},"end":{"line":323,"column":5}},"type":"if","locations":[{"start":{"line":321,"column":4},"end":{"line":323,"column":5}},{"start":{},"end":{}}]}},"s":{"0":2,"1":2,"2":2,"3":1,"4":0,"5":1,"6":1,"7":0,"8":1,"9":0,"10":1,"11":2,"12":2,"13":2,"14":2,"15":2,"16":2,"17":0,"18":0,"19":0,"20":0,"21":0,"22":0,"23":0,"24":0,"25":0,"26":0,"27":2,"28":2,"29":0,"30":0,"31":0,"32":2,"33":2,"34":0,"35":0,"36":0,"37":0,"38":0,"39":0,"40":0,"41":0,"42":0,"43":0,"44":2,"45":2,"46":0,"47":0,"48":0,"49":2,"50":2,"51":58,"52":2,"53":2,"54":3,"55":1,"56":1,"57":1,"58":1,"59":1,"60":2,"61":2,"62":0,"63":2,"64":0,"65":0,"66":0,"67":2,"68":2,"69":0,"70":2,"71":3,"72":3,"73":3,"74":3,"75":3,"76":5,"77":0,"78":0,"79":5,"80":5,"81":5,"82":0,"83":0,"84":0,"85":0,"86":0,"87":5,"88":5,"89":5,"90":0,"91":0,"92":5,"93":3,"94":3,"95":3,"96":3,"97":3,"98":3,"99":3,"100":3,"101":1,"102":1,"103":1,"104":1,"105":1,"106":0,"107":1,"108":1,"109":1,"110":1,"111":1,"112":1,"113":1,"114":0,"115":1,"116":0,"117":1,"118":1,"119":1,"120":1,"121":1,"122":1,"123":1,"124":0,"125":0,"126":3,"127":3,"128":3,"129":6,"130":6,"131":6,"132":7,"133":6,"134":2,"135":2,"136":6,"137":6,"138":6,"139":6,"140":6,"141":0,"142":6,"143":0,"144":6,"145":0,"146":6,"147":0,"148":0,"149":0,"150":0,"151":0,"152":0,"153":6,"154":3,"155":15,"156":3,"157":9,"158":3,"159":3,"160":3,"161":3,"162":9,"163":1,"164":8,"165":12,"166":0,"167":0,"168":0,"169":8,"170":5,"171":3,"172":3,"173":3,"174":0,"175":3,"176":3,"177":3,"178":3,"179":3,"180":0,"181":3,"182":3,"183":2,"184":0,"185":0,"186":0,"187":0,"188":0,"189":2,"190":1,"191":2,"192":2,"193":3,"194":6,"195":3,"196":3,"197":0,"198":0,"199":3,"200":6,"201":3,"202":3,"203":2},"f":{"0":1,"1":0,"2":0,"3":0,"4":0,"5":0,"6":58,"7":3,"8":3,"9":5,"10":1,"11":6,"12":7,"13":15,"14":9,"15":9,"16":12,"17":0,"18":0,"19":1,"20":6,"21":6,"22":3},"b":{"0":[1],"1":[0,1],"2":[0,1],"3":[0,1],"4":[2,0],"5":[2,0],"6":[0,0],"7":[0,0],"8":[0,0],"9":[58,38],"10":[1,2],"11":[3,1],"12":[1,0],"13":[1,1],"14":[1,0],"15":[0,2],"16":[0,2],"17":[2,2],"18":[0,0],"19":[0,0],"20":[2,0],"21":[3,3],"22":[0,5],"23":[5,0],"24":[5,5],"25":[0,5],"26":[5,5],"27":[0,0],"28":[0,0],"29":[5,0],"30":[5,5],"31":[1,0],"32":[1,1,1,1],"33":[1,0],"34":[0,1],"35":[1,0],"36":[1,0],"37":[1,1],"38":[0,1],"39":[0,1],"40":[1,0],"41":[1,0],"42":[1,1],"43":[1,1],"44":[0,0],"45":[6,6],"46":[6,5],"47":[7,2],"48":[2,4],"49":[6,0],"50":[0,0],"51":[0,6],"52":[0,6],"53":[0,6],"54":[0,6],"55":[0,0],"56":[9,8],"57":[1,8],"58":[0,0],"59":[0,0],"60":[5,3],"61":[0,3],"62":[3,0],"63":[3,0],"64":[3,3],"65":[0,3],"66":[2,1],"67":[0,2],"68":[0,0],"69":[0,0],"70":[0,0]}}
,"/Users/d246810g2000/Documents/app/finance-app-native/services/creditCardSettingsService.ts": {"path":"/Users/d246810g2000/Documents/app/finance-app-native/services/creditCardSettingsService.ts","statementMap":{"0":{"start":{"line":1,"column":0},"end":{"line":1,"column":54}},"1":{"start":{"line":4,"column":18},"end":{"line":4,"column":45}},"2":{"start":{"line":5,"column":17},"end":{"line":5,"column":88}},"3":{"start":{"line":7,"column":13},"end":{"line":7,"column":40}},"4":{"start":{"line":9,"column":33},"end":{"line":12,"column":1}},"5":{"start":{"line":10,"column":2},"end":{"line":10,"column":58}},"6":{"start":{"line":10,"column":29},"end":{"line":10,"column":58}},"7":{"start":{"line":11,"column":2},"end":{"line":11,"column":52}},"8":{"start":{"line":9,"column":13},"end":{"line":9,"column":33}},"9":{"start":{"line":14,"column":34},"end":{"line":26,"column":1}},"10":{"start":{"line":18,"column":19},"end":{"line":18,"column":35}},"11":{"start":{"line":19,"column":2},"end":{"line":21,"column":3}},"12":{"start":{"line":20,"column":4},"end":{"line":20,"column":51}},"13":{"start":{"line":22,"column":2},"end":{"line":25,"column":4}},"14":{"start":{"line":14,"column":13},"end":{"line":14,"column":34}},"15":{"start":{"line":29,"column":38},"end":{"line":42,"column":1}},"16":{"start":{"line":34,"column":16},"end":{"line":34,"column":67}},"17":{"start":{"line":35,"column":2},"end":{"line":35,"column":35}},"18":{"start":{"line":35,"column":14},"end":{"line":35,"column":35}},"19":{"start":{"line":37,"column":21},"end":{"line":37,"column":91}},"20":{"start":{"line":38,"column":18},"end":{"line":39,"column":null}},"21":{"start":{"line":39,"column":12},"end":{"line":39,"column":66}},"22":{"start":{"line":41,"column":2},"end":{"line":41,"column":71}},"23":{"start":{"line":29,"column":13},"end":{"line":29,"column":38}},"24":{"start":{"line":44,"column":31},"end":{"line":55,"column":1}},"25":{"start":{"line":49,"column":16},"end":{"line":49,"column":32}},"26":{"start":{"line":50,"column":2},"end":{"line":50,"column":24}},"27":{"start":{"line":50,"column":14},"end":{"line":50,"column":24}},"28":{"start":{"line":51,"column":21},"end":{"line":51,"column":78}},"29":{"start":{"line":52,"column":2},"end":{"line":54,"column":51}},"30":{"start":{"line":53,"column":20},"end":{"line":53,"column":74}},"31":{"start":{"line":54,"column":20},"end":{"line":54,"column":49}},"32":{"start":{"line":44,"column":13},"end":{"line":44,"column":31}},"33":{"start":{"line":57,"column":38},"end":{"line":64,"column":49}},"34":{"start":{"line":58,"column":2},"end":{"line":64,"column":49}},"35":{"start":{"line":61,"column":25},"end":{"line":61,"column":56}},"36":{"start":{"line":62,"column":44},"end":{"line":62,"column":51}},"37":{"start":{"line":64,"column":19},"end":{"line":64,"column":48}},"38":{"start":{"line":57,"column":13},"end":{"line":57,"column":38}},"39":{"start":{"line":67,"column":36},"end":{"line":81,"column":1}},"40":{"start":{"line":71,"column":15},"end":{"line":71,"column":80}},"41":{"start":{"line":71,"column":37},"end":{"line":71,"column":79}},"42":{"start":{"line":72,"column":2},"end":{"line":74,"column":3}},"43":{"start":{"line":73,"column":4},"end":{"line":73,"column":82}},"44":{"start":{"line":75,"column":17},"end":{"line":75,"column":42}},"45":{"start":{"line":76,"column":2},"end":{"line":80,"column":4}},"46":{"start":{"line":67,"column":13},"end":{"line":67,"column":36}},"47":{"start":{"line":84,"column":35},"end":{"line":117,"column":1}},"48":{"start":{"line":91,"column":15},"end":{"line":91,"column":25}},"49":{"start":{"line":92,"column":23},"end":{"line":92,"column":39}},"50":{"start":{"line":93,"column":14},"end":{"line":93,"column":45}},"51":{"start":{"line":94,"column":20},"end":{"line":94,"column":36}},"52":{"start":{"line":96,"column":19},"end":{"line":99,"column":5}},"53":{"start":{"line":101,"column":2},"end":{"line":114,"column":5}},"54":{"start":{"line":102,"column":21},"end":{"line":102,"column":51}},"55":{"start":{"line":103,"column":4},"end":{"line":113,"column":5}},"56":{"start":{"line":104,"column":6},"end":{"line":107,"column":8}},"57":{"start":{"line":108,"column":11},"end":{"line":113,"column":5}},"58":{"start":{"line":109,"column":6},"end":{"line":112,"column":8}},"59":{"start":{"line":116,"column":2},"end":{"line":116,"column":14}},"60":{"start":{"line":84,"column":13},"end":{"line":84,"column":35}},"61":{"start":{"line":119,"column":35},"end":{"line":132,"column":1}},"62":{"start":{"line":124,"column":15},"end":{"line":124,"column":25}},"63":{"start":{"line":125,"column":2},"end":{"line":130,"column":5}},"64":{"start":{"line":126,"column":4},"end":{"line":129,"column":6}},"65":{"start":{"line":131,"column":2},"end":{"line":131,"column":14}},"66":{"start":{"line":119,"column":13},"end":{"line":119,"column":35}},"67":{"start":{"line":134,"column":38},"end":{"line":145,"column":1}},"68":{"start":{"line":135,"column":2},"end":{"line":144,"column":3}},"69":{"start":{"line":136,"column":17},"end":{"line":136,"column":56}},"70":{"start":{"line":137,"column":4},"end":{"line":137,"column":32}},"71":{"start":{"line":137,"column":22},"end":{"line":137,"column":32}},"72":{"start":{"line":138,"column":20},"end":{"line":138,"column":64}},"73":{"start":{"line":139,"column":19},"end":{"line":139,"column":38}},"74":{"start":{"line":140,"column":4},"end":{"line":140,"column":62}},"75":{"start":{"line":142,"column":4},"end":{"line":142,"column":60}},"76":{"start":{"line":143,"column":4},"end":{"line":143,"column":14}},"77":{"start":{"line":134,"column":13},"end":{"line":134,"column":38}},"78":{"start":{"line":147,"column":38},"end":{"line":153,"column":1}},"79":{"start":{"line":148,"column":2},"end":{"line":152,"column":3}},"80":{"start":{"line":149,"column":4},"end":{"line":149,"column":76}},"81":{"start":{"line":151,"column":4},"end":{"line":151,"column":60}},"82":{"start":{"line":147,"column":13},"end":{"line":147,"column":38}}},"fnMap":{"0":{"name":"(anonymous_9)","decl":{"start":{"line":9,"column":33},"end":{"line":9,"column":34}},"loc":{"start":{"line":9,"column":57},"end":{"line":12,"column":1}}},"1":{"name":"(anonymous_10)","decl":{"start":{"line":14,"column":34},"end":{"line":14,"column":null}},"loc":{"start":{"line":17,"column":24},"end":{"line":26,"column":1}}},"2":{"name":"(anonymous_11)","decl":{"start":{"line":29,"column":38},"end":{"line":29,"column":null}},"loc":{"start":{"line":33,"column":14},"end":{"line":42,"column":1}}},"3":{"name":"(anonymous_12)","decl":{"start":{"line":39,"column":4},"end":{"line":39,"column":8}},"loc":{"start":{"line":39,"column":12},"end":{"line":39,"column":66}}},"4":{"name":"(anonymous_13)","decl":{"start":{"line":44,"column":31},"end":{"line":44,"column":null}},"loc":{"start":{"line":48,"column":14},"end":{"line":55,"column":1}}},"5":{"name":"(anonymous_14)","decl":{"start":{"line":53,"column":12},"end":{"line":53,"column":16}},"loc":{"start":{"line":53,"column":20},"end":{"line":53,"column":74}}},"6":{"name":"(anonymous_15)","decl":{"start":{"line":54,"column":10},"end":{"line":54,"column":11}},"loc":{"start":{"line":54,"column":20},"end":{"line":54,"column":49}}},"7":{"name":"(anonymous_16)","decl":{"start":{"line":57,"column":38},"end":{"line":57,"column":39}},"loc":{"start":{"line":58,"column":2},"end":{"line":64,"column":49}}},"8":{"name":"(anonymous_17)","decl":{"start":{"line":61,"column":13},"end":{"line":61,"column":21}},"loc":{"start":{"line":61,"column":25},"end":{"line":61,"column":56}}},"9":{"name":"(anonymous_18)","decl":{"start":{"line":62,"column":16},"end":{"line":62,"column":17}},"loc":{"start":{"line":62,"column":44},"end":{"line":62,"column":51}}},"10":{"name":"(anonymous_19)","decl":{"start":{"line":64,"column":9},"end":{"line":64,"column":10}},"loc":{"start":{"line":64,"column":19},"end":{"line":64,"column":48}}},"11":{"name":"(anonymous_20)","decl":{"start":{"line":67,"column":36},"end":{"line":67,"column":null}},"loc":{"start":{"line":70,"column":69},"end":{"line":81,"column":1}}},"12":{"name":"(anonymous_21)","decl":{"start":{"line":71,"column":29},"end":{"line":71,"column":33}},"loc":{"start":{"line":71,"column":37},"end":{"line":71,"column":79}}},"13":{"name":"(anonymous_22)","decl":{"start":{"line":84,"column":35},"end":{"line":84,"column":null}},"loc":{"start":{"line":90,"column":27},"end":{"line":117,"column":1}}},"14":{"name":"(anonymous_23)","decl":{"start":{"line":101,"column":19},"end":{"line":101,"column":23}},"loc":{"start":{"line":101,"column":26},"end":{"line":114,"column":3}}},"15":{"name":"(anonymous_24)","decl":{"start":{"line":119,"column":35},"end":{"line":119,"column":null}},"loc":{"start":{"line":123,"column":27},"end":{"line":132,"column":1}}},"16":{"name":"(anonymous_25)","decl":{"start":{"line":125,"column":54},"end":{"line":125,"column":58}},"loc":{"start":{"line":125,"column":61},"end":{"line":130,"column":3}}},"17":{"name":"(anonymous_26)","decl":{"start":{"line":134,"column":38},"end":{"line":134,"column":43}},"loc":{"start":{"line":134,"column":81},"end":{"line":145,"column":1}}},"18":{"name":"(anonymous_27)","decl":{"start":{"line":147,"column":38},"end":{"line":147,"column":43}},"loc":{"start":{"line":147,"column":95},"end":{"line":153,"column":1}}}},"branchMap":{"0":{"loc":{"start":{"line":5,"column":18},"end":{"line":5,"column":75}},"type":"binary-expr","locations":[{"start":{"line":5,"column":18},"end":{"line":5,"column":46}},{"start":{"line":5,"column":50},"end":{"line":5,"column":75}}]},"1":{"loc":{"start":{"line":10,"column":2},"end":{"line":10,"column":58}},"type":"if","locations":[{"start":{"line":10,"column":2},"end":{"line":10,"column":58}},{"start":{},"end":{}}]},"2":{"loc":{"start":{"line":19,"column":2},"end":{"line":21,"column":3}},"type":"if","locations":[{"start":{"line":19,"column":2},"end":{"line":21,"column":3}},{"start":{},"end":{}}]},"3":{"loc":{"start":{"line":23,"column":36},"end":{"line":23,"column":82}},"type":"binary-expr","locations":[{"start":{"line":23,"column":36},"end":{"line":23,"column":57}},{"start":{"line":23,"column":61},"end":{"line":23,"column":82}}]},"4":{"loc":{"start":{"line":24,"column":20},"end":{"line":24,"column":64}},"type":"binary-expr","locations":[{"start":{"line":24,"column":20},"end":{"line":24,"column":51}},{"start":{"line":24,"column":55},"end":{"line":24,"column":64}}]},"5":{"loc":{"start":{"line":32,"column":2},"end":{"line":32,"column":27}},"type":"default-arg","locations":[{"start":{"line":32,"column":25},"end":{"line":32,"column":27}}]},"6":{"loc":{"start":{"line":35,"column":2},"end":{"line":35,"column":35}},"type":"if","locations":[{"start":{"line":35,"column":2},"end":{"line":35,"column":35}},{"start":{},"end":{}}]},"7":{"loc":{"start":{"line":41,"column":28},"end":{"line":41,"column":68}},"type":"cond-expr","locations":[{"start":{"line":41,"column":45},"end":{"line":41,"column":52}},{"start":{"line":41,"column":55},"end":{"line":41,"column":68}}]},"8":{"loc":{"start":{"line":47,"column":2},"end":{"line":47,"column":27}},"type":"default-arg","locations":[{"start":{"line":47,"column":25},"end":{"line":47,"column":27}}]},"9":{"loc":{"start":{"line":50,"column":2},"end":{"line":50,"column":24}},"type":"if","locations":[{"start":{"line":50,"column":2},"end":{"line":50,"column":24}},{"start":{},"end":{}}]},"10":{"loc":{"start":{"line":72,"column":2},"end":{"line":74,"column":3}},"type":"if","locations":[{"start":{"line":72,"column":2},"end":{"line":74,"column":3}},{"start":{},"end":{}}]},"11":{"loc":{"start":{"line":103,"column":4},"end":{"line":113,"column":5}},"type":"if","locations":[{"start":{"line":103,"column":4},"end":{"line":113,"column":5}},{"start":{"line":108,"column":11},"end":{"line":113,"column":5}}]},"12":{"loc":{"start":{"line":106,"column":24},"end":{"line":106,"column":49}},"type":"binary-expr","locations":[{"start":{"line":106,"column":24},"end":{"line":106,"column":36}},{"start":{"line":106,"column":40},"end":{"line":106,"column":49}}]},"13":{"loc":{"start":{"line":108,"column":11},"end":{"line":113,"column":5}},"type":"if","locations":[{"start":{"line":108,"column":11},"end":{"line":113,"column":5}},{"start":{},"end":{}}]},"14":{"loc":{"start":{"line":108,"column":15},"end":{"line":108,"column":73}},"type":"binary-expr","locations":[{"start":{"line":108,"column":15},"end":{"line":108,"column":28}},{"start":{"line":108,"column":32},"end":{"line":108,"column":73}}]},"15":{"loc":{"start":{"line":122,"column":2},"end":{"line":122,"column":27}},"type":"default-arg","locations":[{"start":{"line":122,"column":25},"end":{"line":122,"column":27}}]},"16":{"loc":{"start":{"line":137,"column":4},"end":{"line":137,"column":32}},"type":"if","locations":[{"start":{"line":137,"column":4},"end":{"line":137,"column":32}},{"start":{},"end":{}}]},"17":{"loc":{"start":{"line":140,"column":11},"end":{"line":140,"column":61}},"type":"cond-expr","locations":[{"start":{"line":140,"column":50},"end":{"line":140,"column":56}},{"start":{"line":140,"column":59},"end":{"line":140,"column":61}}]},"18":{"loc":{"start":{"line":140,"column":11},"end":{"line":140,"column":47}},"type":"binary-expr","locations":[{"start":{"line":140,"column":11},"end":{"line":140,"column":17}},{"start":{"line":140,"column":21},"end":{"line":140,"column":47}}]}},"s":{"0":2,"1":2,"2":2,"3":2,"4":2,"5":24,"6":0,"7":24,"8":2,"9":2,"10":18,"11":18,"12":4,"13":14,"14":2,"15":2,"16":2,"17":2,"18":1,"19":1,"20":1,"21":4,"22":1,"23":2,"24":2,"25":1,"26":1,"27":0,"28":1,"29":1,"30":4,"31":4,"32":2,"33":2,"34":1,"35":4,"36":4,"37":1,"38":2,"39":2,"40":1,"41":2,"42":1,"43":0,"44":1,"45":1,"46":2,"47":2,"48":1,"49":1,"50":1,"51":1,"52":1,"53":1,"54":2,"55":2,"56":2,"57":0,"58":0,"59":1,"60":2,"61":2,"62":1,"63":1,"64":3,"65":1,"66":2,"67":2,"68":0,"69":0,"70":0,"71":0,"72":0,"73":0,"74":0,"75":0,"76":0,"77":2,"78":2,"79":0,"80":0,"81":0,"82":2},"f":{"0":24,"1":18,"2":2,"3":4,"4":1,"5":4,"6":4,"7":1,"8":4,"9":4,"10":1,"11":1,"12":2,"13":1,"14":2,"15":1,"16":3,"17":0,"18":0},"b":{"0":[2,0],"1":[0,24],"2":[4,14],"3":[14,0],"4":[14,0],"5":[2],"6":[1,1],"7":[1,0],"8":[0],"9":[0,1],"10":[0,1],"11":[2,0],"12":[2,0],"13":[0,0],"14":[0,0],"15":[1],"16":[0,0],"17":[0,0],"18":[0,0]}}
,"/Users/d246810g2000/Documents/app/finance-app-native/services/financeService.ts": {"path":"/Users/d246810g2000/Documents/app/finance-app-native/services/financeService.ts","statementMap":{"0":{"start":{"line":3,"column":0},"end":{"line":3,"column":102}},"1":{"start":{"line":4,"column":0},"end":{"line":4,"column":54}},"2":{"start":{"line":5,"column":0},"end":{"line":5,"column":40}},"3":{"start":{"line":6,"column":0},"end":{"line":6,"column":31}},"4":{"start":{"line":7,"column":0},"end":{"line":7,"column":69}},"5":{"start":{"line":10,"column":37},"end":{"line":20,"column":1}},"6":{"start":{"line":11,"column":2},"end":{"line":13,"column":3}},"7":{"start":{"line":12,"column":4},"end":{"line":12,"column":48}},"8":{"start":{"line":14,"column":2},"end":{"line":18,"column":3}},"9":{"start":{"line":15,"column":4},"end":{"line":17,"column":5}},"10":{"start":{"line":16,"column":6},"end":{"line":16,"column":22}},"11":{"start":{"line":19,"column":2},"end":{"line":19,"column":15}},"12":{"start":{"line":10,"column":13},"end":{"line":10,"column":37}},"13":{"start":{"line":23,"column":19},"end":{"line":28,"column":1}},"14":{"start":{"line":24,"column":12},"end":{"line":24,"column":27}},"15":{"start":{"line":25,"column":12},"end":{"line":25,"column":53}},"16":{"start":{"line":26,"column":14},"end":{"line":26,"column":50}},"17":{"start":{"line":27,"column":2},"end":{"line":27,"column":28}},"18":{"start":{"line":31,"column":31},"end":{"line":81,"column":1}},"19":{"start":{"line":32,"column":2},"end":{"line":80,"column":3}},"20":{"start":{"line":34,"column":4},"end":{"line":62,"column":5}},"21":{"start":{"line":35,"column":6},"end":{"line":61,"column":9}},"22":{"start":{"line":36,"column":23},"end":{"line":36,"column":39}},"23":{"start":{"line":37,"column":8},"end":{"line":53,"column":10}},"24":{"start":{"line":38,"column":25},"end":{"line":38,"column":41}},"25":{"start":{"line":39,"column":10},"end":{"line":52,"column":11}},"26":{"start":{"line":42,"column":24},"end":{"line":42,"column":58}},"27":{"start":{"line":43,"column":12},"end":{"line":43,"column":47}},"28":{"start":{"line":46,"column":12},"end":{"line":51,"column":13}},"29":{"start":{"line":47,"column":26},"end":{"line":47,"column":45}},"30":{"start":{"line":48,"column":14},"end":{"line":48,"column":45}},"31":{"start":{"line":50,"column":14},"end":{"line":50,"column":40}},"32":{"start":{"line":54,"column":8},"end":{"line":54,"column":60}},"33":{"start":{"line":54,"column":32},"end":{"line":54,"column":59}},"34":{"start":{"line":56,"column":8},"end":{"line":60,"column":9}},"35":{"start":{"line":57,"column":10},"end":{"line":57,"column":49}},"36":{"start":{"line":59,"column":10},"end":{"line":59,"column":51}},"37":{"start":{"line":65,"column":20},"end":{"line":65,"column":86}},"38":{"start":{"line":66,"column":4},"end":{"line":72,"column":5}},"39":{"start":{"line":67,"column":21},"end":{"line":69,"column":8}},"40":{"start":{"line":70,"column":18},"end":{"line":70,"column":47}},"41":{"start":{"line":71,"column":6},"end":{"line":71,"column":39}},"42":{"start":{"line":74,"column":17},"end":{"line":76,"column":6}},"43":{"start":{"line":77,"column":4},"end":{"line":77,"column":16}},"44":{"start":{"line":79,"column":4},"end":{"line":79,"column":74}},"45":{"start":{"line":31,"column":13},"end":{"line":31,"column":31}},"46":{"start":{"line":84,"column":28},"end":{"line":141,"column":1}},"47":{"start":{"line":85,"column":16},"end":{"line":85,"column":73}},"48":{"start":{"line":85,"column":54},"end":{"line":85,"column":72}},"49":{"start":{"line":87,"column":2},"end":{"line":89,"column":3}},"50":{"start":{"line":88,"column":4},"end":{"line":88,"column":57}},"51":{"start":{"line":92,"column":23},"end":{"line":115,"column":3}},"52":{"start":{"line":93,"column":29},"end":{"line":93,"column":31}},"53":{"start":{"line":94,"column":18},"end":{"line":94,"column":20}},"54":{"start":{"line":95,"column":19},"end":{"line":95,"column":24}},"55":{"start":{"line":97,"column":4},"end":{"line":112,"column":5}},"56":{"start":{"line":97,"column":17},"end":{"line":97,"column":18}},"57":{"start":{"line":98,"column":19},"end":{"line":98,"column":26}},"58":{"start":{"line":99,"column":6},"end":{"line":111,"column":7}},"59":{"start":{"line":100,"column":8},"end":{"line":105,"column":9}},"60":{"start":{"line":101,"column":10},"end":{"line":101,"column":25}},"61":{"start":{"line":102,"column":10},"end":{"line":102,"column":14}},"62":{"start":{"line":104,"column":10},"end":{"line":104,"column":31}},"63":{"start":{"line":106,"column":13},"end":{"line":111,"column":7}},"64":{"start":{"line":107,"column":8},"end":{"line":107,"column":36}},"65":{"start":{"line":108,"column":8},"end":{"line":108,"column":21}},"66":{"start":{"line":110,"column":8},"end":{"line":110,"column":24}},"67":{"start":{"line":113,"column":4},"end":{"line":113,"column":32}},"68":{"start":{"line":114,"column":4},"end":{"line":114,"column":18}},"69":{"start":{"line":117,"column":18},"end":{"line":117,"column":40}},"70":{"start":{"line":119,"column":15},"end":{"line":138,"column":4}},"71":{"start":{"line":120,"column":19},"end":{"line":120,"column":37}},"72":{"start":{"line":121,"column":55},"end":{"line":121,"column":57}},"73":{"start":{"line":122,"column":4},"end":{"line":127,"column":7}},"74":{"start":{"line":124,"column":26},"end":{"line":124,"column":84}},"75":{"start":{"line":125,"column":25},"end":{"line":125,"column":88}},"76":{"start":{"line":126,"column":6},"end":{"line":126,"column":42}},"77":{"start":{"line":130,"column":4},"end":{"line":132,"column":5}},"78":{"start":{"line":131,"column":6},"end":{"line":131,"column":41}},"79":{"start":{"line":135,"column":21},"end":{"line":135,"column":96}},"80":{"start":{"line":136,"column":4},"end":{"line":136,"column":108}},"81":{"start":{"line":137,"column":4},"end":{"line":137,"column":45}},"82":{"start":{"line":140,"column":2},"end":{"line":140,"column":14}},"83":{"start":{"line":84,"column":13},"end":{"line":84,"column":28}},"84":{"start":{"line":144,"column":34},"end":{"line":153,"column":1}},"85":{"start":{"line":145,"column":2},"end":{"line":145,"column":24}},"86":{"start":{"line":145,"column":14},"end":{"line":145,"column":24}},"87":{"start":{"line":146,"column":2},"end":{"line":152,"column":21}},"88":{"start":{"line":151,"column":16},"end":{"line":151,"column":24}},"89":{"start":{"line":144,"column":13},"end":{"line":144,"column":34}},"90":{"start":{"line":170,"column":29},"end":{"line":225,"column":1}},"91":{"start":{"line":174,"column":22},"end":{"line":174,"column":23}},"92":{"start":{"line":175,"column":26},"end":{"line":175,"column":27}},"93":{"start":{"line":176,"column":26},"end":{"line":176,"column":27}},"94":{"start":{"line":177,"column":25},"end":{"line":177,"column":26}},"95":{"start":{"line":178,"column":22},"end":{"line":178,"column":23}},"96":{"start":{"line":179,"column":19},"end":{"line":179,"column":36}},"97":{"start":{"line":180,"column":31},"end":{"line":180,"column":35}},"98":{"start":{"line":181,"column":31},"end":{"line":181,"column":35}},"99":{"start":{"line":183,"column":2},"end":{"line":210,"column":5}},"100":{"start":{"line":184,"column":4},"end":{"line":187,"column":5}},"101":{"start":{"line":185,"column":6},"end":{"line":185,"column":25}},"102":{"start":{"line":186,"column":6},"end":{"line":186,"column":13}},"103":{"start":{"line":188,"column":17},"end":{"line":188,"column":43}},"104":{"start":{"line":189,"column":4},"end":{"line":192,"column":5}},"105":{"start":{"line":190,"column":6},"end":{"line":190,"column":53}},"106":{"start":{"line":190,"column":38},"end":{"line":190,"column":53}},"107":{"start":{"line":191,"column":6},"end":{"line":191,"column":53}},"108":{"start":{"line":191,"column":38},"end":{"line":191,"column":53}},"109":{"start":{"line":193,"column":4},"end":{"line":193,"column":39}},"110":{"start":{"line":193,"column":17},"end":{"line":193,"column":39}},"111":{"start":{"line":195,"column":18},"end":{"line":195,"column":44}},"112":{"start":{"line":196,"column":4},"end":{"line":199,"column":5}},"113":{"start":{"line":197,"column":6},"end":{"line":197,"column":29}},"114":{"start":{"line":198,"column":6},"end":{"line":198,"column":13}},"115":{"start":{"line":200,"column":18},"end":{"line":200,"column":31}},"116":{"start":{"line":201,"column":18},"end":{"line":201,"column":43}},"117":{"start":{"line":202,"column":28},"end":{"line":202,"column":89}},"118":{"start":{"line":202,"column":46},"end":{"line":202,"column":88}},"119":{"start":{"line":203,"column":4},"end":{"line":206,"column":5}},"120":{"start":{"line":204,"column":6},"end":{"line":204,"column":29}},"121":{"start":{"line":205,"column":6},"end":{"line":205,"column":13}},"122":{"start":{"line":207,"column":22},"end":{"line":207,"column":44}},"123":{"start":{"line":208,"column":4},"end":{"line":209,"column":31}},"124":{"start":{"line":208,"column":20},"end":{"line":208,"column":39}},"125":{"start":{"line":209,"column":9},"end":{"line":209,"column":31}},"126":{"start":{"line":212,"column":2},"end":{"line":224,"column":4}},"127":{"start":{"line":170,"column":13},"end":{"line":170,"column":29}},"128":{"start":{"line":238,"column":33},"end":{"line":293,"column":1}},"129":{"start":{"line":243,"column":33},"end":{"line":243,"column":40}},"130":{"start":{"line":244,"column":14},"end":{"line":244,"column":42}},"131":{"start":{"line":245,"column":2},"end":{"line":248,"column":5}},"132":{"start":{"line":246,"column":15},"end":{"line":246,"column":40}},"133":{"start":{"line":247,"column":4},"end":{"line":247,"column":27}},"134":{"start":{"line":247,"column":12},"end":{"line":247,"column":27}},"135":{"start":{"line":250,"column":22},"end":{"line":250,"column":39}},"136":{"start":{"line":251,"column":14},"end":{"line":251,"column":15}},"137":{"start":{"line":252,"column":16},"end":{"line":252,"column":17}},"138":{"start":{"line":253,"column":2},"end":{"line":278,"column":5}},"139":{"start":{"line":254,"column":15},"end":{"line":254,"column":40}},"140":{"start":{"line":255,"column":4},"end":{"line":261,"column":5}},"141":{"start":{"line":256,"column":18},"end":{"line":256,"column":92}},"142":{"start":{"line":257,"column":6},"end":{"line":257,"column":38}},"143":{"start":{"line":258,"column":6},"end":{"line":258,"column":27}},"144":{"start":{"line":259,"column":6},"end":{"line":259,"column":17}},"145":{"start":{"line":260,"column":6},"end":{"line":260,"column":13}},"146":{"start":{"line":262,"column":4},"end":{"line":262,"column":24}},"147":{"start":{"line":263,"column":4},"end":{"line":277,"column":5}},"148":{"start":{"line":264,"column":19},"end":{"line":264,"column":31}},"149":{"start":{"line":265,"column":32},"end":{"line":265,"column":44}},"150":{"start":{"line":267,"column":6},"end":{"line":269,"column":7}},"151":{"start":{"line":268,"column":8},"end":{"line":268,"column":48}},"152":{"start":{"line":271,"column":6},"end":{"line":271,"column":47}},"153":{"start":{"line":272,"column":6},"end":{"line":272,"column":26}},"154":{"start":{"line":273,"column":6},"end":{"line":273,"column":19}},"155":{"start":{"line":275,"column":6},"end":{"line":275,"column":32}},"156":{"start":{"line":276,"column":6},"end":{"line":276,"column":17}},"157":{"start":{"line":280,"column":16},"end":{"line":280,"column":17}},"158":{"start":{"line":281,"column":2},"end":{"line":288,"column":3}},"159":{"start":{"line":282,"column":4},"end":{"line":287,"column":5}},"160":{"start":{"line":283,"column":6},"end":{"line":286,"column":7}},"161":{"start":{"line":284,"column":8},"end":{"line":284,"column":23}},"162":{"start":{"line":285,"column":8},"end":{"line":285,"column":21}},"163":{"start":{"line":290,"column":18},"end":{"line":290,"column":42}},"164":{"start":{"line":291,"column":15},"end":{"line":291,"column":77}},"165":{"start":{"line":292,"column":2},"end":{"line":292,"column":52}},"166":{"start":{"line":238,"column":13},"end":{"line":238,"column":33}},"167":{"start":{"line":296,"column":35},"end":{"line":320,"column":1}},"168":{"start":{"line":297,"column":2},"end":{"line":297,"column":23}},"169":{"start":{"line":297,"column":13},"end":{"line":297,"column":23}},"170":{"start":{"line":298,"column":10},"end":{"line":298,"column":21}},"171":{"start":{"line":299,"column":2},"end":{"line":305,"column":12}},"172":{"start":{"line":307,"column":21},"end":{"line":307,"column":40}},"173":{"start":{"line":308,"column":2},"end":{"line":316,"column":3}},"174":{"start":{"line":309,"column":4},"end":{"line":309,"column":29}},"175":{"start":{"line":310,"column":9},"end":{"line":316,"column":3}},"176":{"start":{"line":311,"column":19},"end":{"line":311,"column":65}},"177":{"start":{"line":312,"column":4},"end":{"line":312,"column":45}},"178":{"start":{"line":313,"column":9},"end":{"line":316,"column":3}},"179":{"start":{"line":314,"column":19},"end":{"line":314,"column":62}},"180":{"start":{"line":315,"column":4},"end":{"line":315,"column":41}},"181":{"start":{"line":318,"column":2},"end":{"line":318,"column":58}},"182":{"start":{"line":318,"column":25},"end":{"line":318,"column":58}},"183":{"start":{"line":319,"column":2},"end":{"line":319,"column":36}},"184":{"start":{"line":296,"column":13},"end":{"line":296,"column":35}},"185":{"start":{"line":330,"column":34},"end":{"line":368,"column":1}},"186":{"start":{"line":335,"column":19},"end":{"line":335,"column":71}},"187":{"start":{"line":336,"column":68},"end":{"line":336,"column":70}},"188":{"start":{"line":338,"column":2},"end":{"line":357,"column":5}},"189":{"start":{"line":339,"column":16},"end":{"line":339,"column":29}},"190":{"start":{"line":340,"column":17},"end":{"line":340,"column":30}},"191":{"start":{"line":341,"column":16},"end":{"line":341,"column":45}},"192":{"start":{"line":342,"column":4},"end":{"line":342,"column":29}},"193":{"start":{"line":342,"column":22},"end":{"line":342,"column":29}},"194":{"start":{"line":343,"column":4},"end":{"line":343,"column":65}},"195":{"start":{"line":343,"column":58},"end":{"line":343,"column":65}},"196":{"start":{"line":345,"column":17},"end":{"line":345,"column":41}},"197":{"start":{"line":346,"column":4},"end":{"line":346,"column":49}},"198":{"start":{"line":346,"column":42},"end":{"line":346,"column":49}},"199":{"start":{"line":348,"column":4},"end":{"line":348,"column":78}},"200":{"start":{"line":348,"column":71},"end":{"line":348,"column":78}},"201":{"start":{"line":350,"column":17},"end":{"line":350,"column":92}},"202":{"start":{"line":351,"column":21},"end":{"line":351,"column":30}},"203":{"start":{"line":352,"column":4},"end":{"line":352,"column":69}},"204":{"start":{"line":352,"column":34},"end":{"line":352,"column":69}},"205":{"start":{"line":354,"column":4},"end":{"line":354,"column":55}},"206":{"start":{"line":354,"column":20},"end":{"line":354,"column":55}},"207":{"start":{"line":355,"column":4},"end":{"line":355,"column":30}},"208":{"start":{"line":356,"column":4},"end":{"line":356,"column":25}},"209":{"start":{"line":359,"column":2},"end":{"line":367,"column":39}},"210":{"start":{"line":360,"column":25},"end":{"line":366,"column":6}},"211":{"start":{"line":367,"column":20},"end":{"line":367,"column":37}},"212":{"start":{"line":330,"column":13},"end":{"line":330,"column":34}},"213":{"start":{"line":377,"column":36},"end":{"line":404,"column":1}},"214":{"start":{"line":378,"column":2},"end":{"line":378,"column":24}},"215":{"start":{"line":378,"column":14},"end":{"line":378,"column":24}},"216":{"start":{"line":379,"column":16},"end":{"line":379,"column":41}},"217":{"start":{"line":380,"column":37},"end":{"line":380,"column":39}},"218":{"start":{"line":381,"column":22},"end":{"line":381,"column":27}},"219":{"start":{"line":382,"column":2},"end":{"line":402,"column":3}},"220":{"start":{"line":383,"column":4},"end":{"line":386,"column":5}},"221":{"start":{"line":384,"column":6},"end":{"line":384,"column":27}},"222":{"start":{"line":385,"column":6},"end":{"line":385,"column":15}},"223":{"start":{"line":387,"column":4},"end":{"line":390,"column":5}},"224":{"start":{"line":388,"column":6},"end":{"line":388,"column":28}},"225":{"start":{"line":389,"column":6},"end":{"line":389,"column":15}},"226":{"start":{"line":391,"column":4},"end":{"line":391,"column":81}},"227":{"start":{"line":391,"column":72},"end":{"line":391,"column":81}},"228":{"start":{"line":392,"column":18},"end":{"line":392,"column":71}},"229":{"start":{"line":393,"column":18},"end":{"line":393,"column":35}},"230":{"start":{"line":394,"column":4},"end":{"line":394,"column":25}},"231":{"start":{"line":394,"column":16},"end":{"line":394,"column":25}},"232":{"start":{"line":395,"column":21},"end":{"line":395,"column":65}},"233":{"start":{"line":396,"column":4},"end":{"line":396,"column":52}},"234":{"start":{"line":396,"column":43},"end":{"line":396,"column":52}},"235":{"start":{"line":397,"column":22},"end":{"line":397,"column":47}},"236":{"start":{"line":398,"column":16},"end":{"line":398,"column":41}},"237":{"start":{"line":399,"column":22},"end":{"line":399,"column":49}},"238":{"start":{"line":400,"column":4},"end":{"line":400,"column":53}},"239":{"start":{"line":400,"column":44},"end":{"line":400,"column":53}},"240":{"start":{"line":401,"column":4},"end":{"line":401,"column":65}},"241":{"start":{"line":403,"column":2},"end":{"line":403,"column":18}},"242":{"start":{"line":377,"column":13},"end":{"line":377,"column":36}},"243":{"start":{"line":413,"column":40},"end":{"line":451,"column":1}},"244":{"start":{"line":418,"column":19},"end":{"line":418,"column":71}},"245":{"start":{"line":419,"column":68},"end":{"line":419,"column":70}},"246":{"start":{"line":421,"column":2},"end":{"line":441,"column":5}},"247":{"start":{"line":422,"column":16},"end":{"line":422,"column":29}},"248":{"start":{"line":423,"column":17},"end":{"line":423,"column":30}},"249":{"start":{"line":424,"column":4},"end":{"line":424,"column":29}},"250":{"start":{"line":424,"column":22},"end":{"line":424,"column":29}},"251":{"start":{"line":425,"column":16},"end":{"line":425,"column":31}},"252":{"start":{"line":426,"column":4},"end":{"line":426,"column":65}},"253":{"start":{"line":426,"column":58},"end":{"line":426,"column":65}},"254":{"start":{"line":428,"column":21},"end":{"line":428,"column":58}},"255":{"start":{"line":429,"column":4},"end":{"line":440,"column":7}},"256":{"start":{"line":432,"column":17},"end":{"line":432,"column":38}},"257":{"start":{"line":433,"column":23},"end":{"line":433,"column":32}},"258":{"start":{"line":434,"column":6},"end":{"line":436,"column":7}},"259":{"start":{"line":435,"column":8},"end":{"line":435,"column":41}},"260":{"start":{"line":437,"column":6},"end":{"line":437,"column":61}},"261":{"start":{"line":437,"column":24},"end":{"line":437,"column":61}},"262":{"start":{"line":438,"column":6},"end":{"line":438,"column":32}},"263":{"start":{"line":439,"column":6},"end":{"line":439,"column":29}},"264":{"start":{"line":443,"column":2},"end":{"line":450,"column":39}},"265":{"start":{"line":444,"column":25},"end":{"line":449,"column":6}},"266":{"start":{"line":450,"column":20},"end":{"line":450,"column":37}},"267":{"start":{"line":413,"column":13},"end":{"line":413,"column":40}},"268":{"start":{"line":454,"column":35},"end":{"line":463,"column":1}},"269":{"start":{"line":458,"column":2},"end":{"line":458,"column":33}},"270":{"start":{"line":458,"column":20},"end":{"line":458,"column":33}},"271":{"start":{"line":459,"column":18},"end":{"line":459,"column":45}},"272":{"start":{"line":460,"column":2},"end":{"line":460,"column":46}},"273":{"start":{"line":460,"column":34},"end":{"line":460,"column":46}},"274":{"start":{"line":461,"column":2},"end":{"line":461,"column":49}},"275":{"start":{"line":461,"column":36},"end":{"line":461,"column":49}},"276":{"start":{"line":462,"column":2},"end":{"line":462,"column":47}},"277":{"start":{"line":454,"column":13},"end":{"line":454,"column":35}},"278":{"start":{"line":469,"column":41},"end":{"line":482,"column":1}},"279":{"start":{"line":478,"column":79},"end":{"line":478,"column":86}},"280":{"start":{"line":479,"column":2},"end":{"line":479,"column":62}},"281":{"start":{"line":479,"column":51},"end":{"line":479,"column":62}},"282":{"start":{"line":480,"column":2},"end":{"line":480,"column":97}},"283":{"start":{"line":480,"column":86},"end":{"line":480,"column":97}},"284":{"start":{"line":481,"column":2},"end":{"line":481,"column":11}},"285":{"start":{"line":469,"column":13},"end":{"line":469,"column":41}},"286":{"start":{"line":493,"column":47},"end":{"line":543,"column":1}},"287":{"start":{"line":502,"column":54},"end":{"line":502,"column":61}},"288":{"start":{"line":503,"column":19},"end":{"line":503,"column":71}},"289":{"start":{"line":504,"column":21},"end":{"line":504,"column":22}},"290":{"start":{"line":505,"column":20},"end":{"line":505,"column":21}},"291":{"start":{"line":506,"column":20},"end":{"line":506,"column":21}},"292":{"start":{"line":507,"column":22},"end":{"line":507,"column":23}},"293":{"start":{"line":508,"column":20},"end":{"line":508,"column":21}},"294":{"start":{"line":510,"column":2},"end":{"line":534,"column":5}},"295":{"start":{"line":511,"column":16},"end":{"line":511,"column":29}},"296":{"start":{"line":512,"column":17},"end":{"line":512,"column":30}},"297":{"start":{"line":513,"column":16},"end":{"line":513,"column":45}},"298":{"start":{"line":514,"column":4},"end":{"line":514,"column":29}},"299":{"start":{"line":514,"column":22},"end":{"line":514,"column":29}},"300":{"start":{"line":515,"column":4},"end":{"line":515,"column":65}},"301":{"start":{"line":515,"column":58},"end":{"line":
[...]
":{"line":284,"column":33},"end":{"line":284,"column":35}}]},"49":{"loc":{"start":{"line":286,"column":12},"end":{"line":286,"column":42}},"type":"binary-expr","locations":[{"start":{"line":286,"column":12},"end":{"line":286,"column":37}},{"start":{"line":286,"column":41},"end":{"line":286,"column":42}}]},"50":{"loc":{"start":{"line":286,"column":19},"end":{"line":286,"column":36}},"type":"binary-expr","locations":[{"start":{"line":286,"column":19},"end":{"line":286,"column":31}},{"start":{"line":286,"column":35},"end":{"line":286,"column":36}}]},"51":{"loc":{"start":{"line":287,"column":13},"end":{"line":289,"column":55}},"type":"cond-expr","locations":[{"start":{"line":288,"column":8},"end":{"line":288,"column":45}},{"start":{"line":289,"column":8},"end":{"line":289,"column":55}}]},"52":{"loc":{"start":{"line":288,"column":15},"end":{"line":288,"column":37}},"type":"binary-expr","locations":[{"start":{"line":288,"column":15},"end":{"line":288,"column":31}},{"start":{"line":288,"column":35},"end":{"line":288,"column":37}}]},"53":{"loc":{"start":{"line":292,"column":20},"end":{"line":292,"column":62}},"type":"cond-expr","locations":[{"start":{"line":292,"column":38},"end":{"line":292,"column":49}},{"start":{"line":292,"column":52},"end":{"line":292,"column":62}}]},"54":{"loc":{"start":{"line":308,"column":33},"end":{"line":308,"column":94}},"type":"cond-expr","locations":[{"start":{"line":308,"column":51},"end":{"line":308,"column":72}},{"start":{"line":308,"column":75},"end":{"line":308,"column":94}}]},"55":{"loc":{"start":{"line":310,"column":4},"end":{"line":310,"column":82}},"type":"if","locations":[{"start":{"line":310,"column":4},"end":{"line":310,"column":82}},{"start":{},"end":{}}]},"56":{"loc":{"start":{"line":310,"column":8},"end":{"line":310,"column":52}},"type":"binary-expr","locations":[{"start":{"line":310,"column":8},"end":{"line":310,"column":13}},{"start":{"line":310,"column":17},"end":{"line":310,"column":52}}]},"57":{"loc":{"start":{"line":311,"column":4},"end":{"line":311,"column":56}},"type":"if","locations":[{"start":{"line":311,"column":4},"end":{"line":311,"column":56}},{"start":{},"end":{}}]},"58":{"loc":{"start":{"line":312,"column":4},"end":{"line":312,"column":82}},"type":"if","locations":[{"start":{"line":312,"column":4},"end":{"line":312,"column":82}},{"start":{},"end":{}}]},"59":{"loc":{"start":{"line":312,"column":8},"end":{"line":312,"column":47}},"type":"binary-expr","locations":[{"start":{"line":312,"column":8},"end":{"line":312,"column":22}},{"start":{"line":312,"column":26},"end":{"line":312,"column":47}}]},"60":{"loc":{"start":{"line":313,"column":4},"end":{"line":313,"column":104}},"type":"if","locations":[{"start":{"line":313,"column":4},"end":{"line":313,"column":104}},{"start":{},"end":{}}]},"61":{"loc":{"start":{"line":313,"column":8},"end":{"line":313,"column":67}},"type":"binary-expr","locations":[{"start":{"line":313,"column":8},"end":{"line":313,"column":23}},{"start":{"line":313,"column":28},"end":{"line":313,"column":45}},{"start":{"line":313,"column":49},"end":{"line":313,"column":66}}]},"62":{"loc":{"start":{"line":315,"column":4},"end":{"line":315,"column":42}},"type":"if","locations":[{"start":{"line":315,"column":4},"end":{"line":315,"column":42}},{"start":{},"end":{}}]},"63":{"loc":{"start":{"line":315,"column":8},"end":{"line":315,"column":33}},"type":"binary-expr","locations":[{"start":{"line":315,"column":8},"end":{"line":315,"column":13}},{"start":{"line":315,"column":17},"end":{"line":315,"column":33}}]},"64":{"loc":{"start":{"line":316,"column":4},"end":{"line":316,"column":56}},"type":"if","locations":[{"start":{"line":316,"column":4},"end":{"line":316,"column":56}},{"start":{},"end":{}}]},"65":{"loc":{"start":{"line":316,"column":8},"end":{"line":316,"column":47}},"type":"binary-expr","locations":[{"start":{"line":316,"column":8},"end":{"line":316,"column":22}},{"start":{"line":316,"column":26},"end":{"line":316,"column":47}}]},"66":{"loc":{"start":{"line":317,"column":4},"end":{"line":317,"column":76}},"type":"if","locations":[{"start":{"line":317,"column":4},"end":{"line":317,"column":76}},{"start":{},"end":{}}]},"67":{"loc":{"start":{"line":317,"column":8},"end":{"line":317,"column":67}},"type":"binary-expr","locations":[{"start":{"line":317,"column":8},"end":{"line":317,"column":23}},{"start":{"line":317,"column":28},"end":{"line":317,"column":45}},{"start":{"line":317,"column":49},"end":{"line":317,"column":66}}]},"68":{"loc":{"start":{"line":329,"column":2},"end":{"line":332,"column":3}},"type":"if","locations":[{"start":{"line":329,"column":2},"end":{"line":332,"column":3}},{"start":{},"end":{}}]},"69":{"loc":{"start":{"line":329,"column":6},"end":{"line":329,"column":59}},"type":"binary-expr","locations":[{"start":{"line":329,"column":6},"end":{"line":329,"column":25}},{"start":{"line":329,"column":29},"end":{"line":329,"column":59}}]},"70":{"loc":{"start":{"line":335,"column":18},"end":{"line":335,"column":70}},"type":"cond-expr","locations":[{"start":{"line":335,"column":35},"end":{"line":335,"column":53}},{"start":{"line":335,"column":56},"end":{"line":335,"column":70}}]},"71":{"loc":{"start":{"line":336,"column":18},"end":{"line":336,"column":28}},"type":"binary-expr","locations":[{"start":{"line":336,"column":18},"end":{"line":336,"column":23}},{"start":{"line":336,"column":27},"end":{"line":336,"column":28}}]},"72":{"loc":{"start":{"line":338,"column":23},"end":{"line":338,"column":53}},"type":"binary-expr","locations":[{"start":{"line":338,"column":23},"end":{"line":338,"column":48}},{"start":{"line":338,"column":52},"end":{"line":338,"column":53}}]},"73":{"loc":{"start":{"line":338,"column":30},"end":{"line":338,"column":47}},"type":"binary-expr","locations":[{"start":{"line":338,"column":30},"end":{"line":338,"column":42}},{"start":{"line":338,"column":46},"end":{"line":338,"column":47}}]},"74":{"loc":{"start":{"line":339,"column":2},"end":{"line":342,"column":3}},"type":"if","locations":[{"start":{"line":339,"column":2},"end":{"line":342,"column":3}},{"start":{},"end":{}}]},"75":{"loc":{"start":{"line":348,"column":17},"end":{"line":348,"column":35}},"type":"binary-expr","locations":[{"start":{"line":348,"column":17},"end":{"line":348,"column":29}},{"start":{"line":348,"column":33},"end":{"line":348,"column":35}}]},"76":{"loc":{"start":{"line":356,"column":13},"end":{"line":356,"column":75}},"type":"cond-expr","locations":[{"start":{"line":356,"column":30},"end":{"line":356,"column":53}},{"start":{"line":356,"column":56},"end":{"line":356,"column":75}}]},"77":{"loc":{"start":{"line":356,"column":30},"end":{"line":356,"column":53}},"type":"binary-expr","locations":[{"start":{"line":356,"column":30},"end":{"line":356,"column":48}},{"start":{"line":356,"column":52},"end":{"line":356,"column":53}}]},"78":{"loc":{"start":{"line":356,"column":56},"end":{"line":356,"column":75}},"type":"binary-expr","locations":[{"start":{"line":356,"column":56},"end":{"line":356,"column":70}},{"start":{"line":356,"column":74},"end":{"line":356,"column":75}}]},"79":{"loc":{"start":{"line":361,"column":17},"end":{"line":361,"column":35}},"type":"binary-expr","locations":[{"start":{"line":361,"column":17},"end":{"line":361,"column":29}},{"start":{"line":361,"column":33},"end":{"line":361,"column":35}}]},"80":{"loc":{"start":{"line":373,"column":4},"end":{"line":373,"column":56}},"type":"if","locations":[{"start":{"line":373,"column":4},"end":{"line":373,"column":56}},{"start":{},"end":{}}]},"81":{"loc":{"start":{"line":373,"column":15},"end":{"line":373,"column":33}},"type":"binary-expr","locations":[{"start":{"line":373,"column":15},"end":{"line":373,"column":27}},{"start":{"line":373,"column":31},"end":{"line":373,"column":33}}]},"82":{"loc":{"start":{"line":376,"column":24},"end":{"line":376,"column":42}},"type":"binary-expr","locations":[{"start":{"line":376,"column":24},"end":{"line":376,"column":36}},{"start":{"line":376,"column":40},"end":{"line":376,"column":42}}]},"83":{"loc":{"start":{"line":379,"column":4},"end":{"line":387,"column":5}},"type":"if","locations":[{"start":{"line":379,"column":4},"end":{"line":387,"column":5}},{"start":{},"end":{}}]},"84":{"loc":{"start":{"line":380,"column":32},"end":{"line":382,"column":77}},"type":"binary-expr","locations":[{"start":{"line":380,"column":32},"end":{"line":380,"column":70}},{"start":{"line":381,"column":11},"end":{"line":381,"column":62}},{"start":{"line":382,"column":11},"end":{"line":382,"column":77}}]},"85":{"loc":{"start":{"line":380,"column":39},"end":{"line":380,"column":58}},"type":"binary-expr","locations":[{"start":{"line":380,"column":39},"end":{"line":380,"column":52}},{"start":{"line":380,"column":56},"end":{"line":380,"column":58}}]},"86":{"loc":{"start":{"line":381,"column":38},"end":{"line":381,"column":60}},"type":"binary-expr","locations":[{"start":{"line":381,"column":38},"end":{"line":381,"column":54}},{"start":{"line":381,"column":58},"end":{"line":381,"column":60}}]},"87":{"loc":{"start":{"line":382,"column":53},"end":{"line":382,"column":75}},"type":"binary-expr","locations":[{"start":{"line":382,"column":53},"end":{"line":382,"column":69}},{"start":{"line":382,"column":73},"end":{"line":382,"column":75}}]},"88":{"loc":{"start":{"line":383,"column":6},"end":{"line":385,"column":7}},"type":"if","locations":[{"start":{"line":383,"column":6},"end":{"line":385,"column":7}},{"start":{},"end":{}}]},"89":{"loc":{"start":{"line":389,"column":4},"end":{"line":392,"column":5}},"type":"if","locations":[{"start":{"line":389,"column":4},"end":{"line":392,"column":5}},{"start":{},"end":{}}]},"90":{"loc":{"start":{"line":395,"column":4},"end":{"line":398,"column":5}},"type":"if","locations":[{"start":{"line":395,"column":4},"end":{"line":398,"column":5}},{"start":{},"end":{}}]}},"s":{"0":3,"1":3,"2":3,"3":3,"4":3,"5":3,"6":3,"7":3,"8":3,"9":246,"10":246,"11":0,"12":246,"13":1,"14":1,"15":3,"16":3,"17":3,"18":3,"19":2,"20":0,"21":2,"22":2,"23":2,"24":3,"25":2,"26":2,"27":1,"28":1,"29":1,"30":1,"31":0,"32":0,"33":0,"34":0,"35":0,"36":0,"37":0,"38":0,"39":0,"40":2,"41":6992,"42":14255,"43":11058,"44":246,"45":246,"46":0,"47":246,"48":246,"49":2,"50":2,"51":244,"52":244,"53":440,"54":246,"55":246,"56":52,"57":52,"58":1,"59":51,"60":51,"61":51,"62":0,"63":51,"64":194,"65":194,"66":194,"67":0,"68":194,"69":194,"70":164,"71":240,"72":177,"73":9567,"74":6731,"75":6758,"76":6758,"77":6758,"78":74,"79":6684,"80":122,"81":6562,"82":45,"83":6517,"84":167,"85":6,"86":165,"87":165,"88":165,"89":165,"90":246,"91":246,"92":246,"93":246,"94":0,"95":246,"96":0,"97":246,"98":0,"99":246,"100":1,"101":246,"102":0,"103":246,"104":0,"105":246,"106":1,"107":245,"108":165,"109":1,"110":1,"111":164,"112":245,"113":245,"114":164,"115":164,"116":3,"117":3,"118":161,"119":161,"120":240,"121":161,"122":12,"123":12,"124":12,"125":6796,"126":38,"127":6758,"128":6758,"129":6758,"130":6758,"131":6591,"132":6591,"133":0,"134":6591,"135":167,"136":2,"137":2,"138":165,"139":165,"140":161,"141":161,"142":4,"143":12},"f":{"0":246,"1":1,"2":1,"3":2,"4":6992,"5":14255,"6":11058,"7":246,"8":440,"9":246,"10":52,"11":194,"12":164,"13":240,"14":177,"15":9567,"16":6731,"17":6758,"18":167,"19":6,"20":165,"21":246,"22":245,"23":240,"24":12,"25":6796},"b":{"0":[3,0],"1":[3,0],"2":[3,0],"3":[3,0],"4":[3,0],"5":[3,0],"6":[3,3],"7":[246,0],"8":[0,246],"9":[246,1,1],"10":[1,0],"11":[0,2],"12":[2,1],"13":[1,0],"14":[1,0],"15":[0,0],"16":[0,0],"17":[0,0],"18":[0,0],"19":[6992,3196],"20":[11058,8927],"21":[0,246],"22":[2,244],"23":[2,0],"24":[2,2],"25":[244,0],"26":[244,244],"27":[246,0],"28":[1,51],"29":[0,51],"30":[51,51],"31":[194,0],"32":[0,194],"33":[194,0],"34":[79,161],"35":[177,0,0],"36":[0,0,0],"37":[6758,5302],"38":[6758,613],"39":[74,6684],"40":[6758,6684],"41":[122,6562],"42":[6684,2968],"43":[45,6517],"44":[6562,47],"45":[167,0],"46":[122,45],"47":[2],"48":[6,0],"49":[6,0],"50":[6,0],"51":[0,6],"52":[0,0],"53":[2,4],"54":[52,194],"55":[0,246],"56":[246,246],"57":[0,246],"58":[0,246],"59":[246,194],"60":[1,245],"61":[246,52,51],"62":[0,246],"63":[246,246],"64":[0,246],"65":[246,194],"66":[1,245],"67":[246,52,51],"68":[1,164],"69":[165,164],"70":[194,51],"71":[245,0],"72":[164,0],"73":[164,0],"74":[3,161],"75":[240,0],"76":[190,50],"77":[190,0],"78":[50,0],"79":[240,0],"80":[38,6758],"81":[6796,0],"82":[6758,3195],"83":[6591,167],"84":[6591,37,37],"85":[6591,0],"86":[37,0],"87":[37,0],"88":[0,6591],"89":[2,165],"90":[161,4]}}
,"/Users/d246810g2000/Documents/app/finance-app-native/utils/dateUtils.ts": {"path":"/Users/d246810g2000/Documents/app/finance-app-native/utils/dateUtils.ts","statementMap":{"0":{"start":{"line":10,"column":0},"end":{"line":10,"column":16}},"1":{"start":{"line":39,"column":0},"end":{"line":39,"column":16}},"2":{"start":{"line":52,"column":0},"end":{"line":52,"column":16}},"3":{"start":{"line":59,"column":0},"end":{"line":59,"column":16}},"4":{"start":{"line":64,"column":0},"end":{"line":64,"column":16}},"5":{"start":{"line":70,"column":0},"end":{"line":70,"column":16}},"6":{"start":{"line":74,"column":0},"end":{"line":74,"column":16}},"7":{"start":{"line":80,"column":0},"end":{"line":80,"column":16}},"8":{"start":{"line":11,"column":4},"end":{"line":11,"column":70}},"9":{"start":{"line":11,"column":49},"end":{"line":11,"column":70}},"10":{"start":{"line":14,"column":16},"end":{"line":14,"column":79}},"11":{"start":{"line":16,"column":4},"end":{"line":23,"column":5}},"12":{"start":{"line":17,"column":18},"end":{"line":17,"column":40}},"13":{"start":{"line":18,"column":18},"end":{"line":18,"column":44}},"14":{"start":{"line":19,"column":18},"end":{"line":19,"column":40}},"15":{"start":{"line":20,"column":8},"end":{"line":22,"column":9}},"16":{"start":{"line":21,"column":12},"end":{"line":21,"column":37}},"17":{"start":{"line":26,"column":4},"end":{"line":31,"column":5}},"18":{"start":{"line":27,"column":18},"end":{"line":27,"column":55}},"19":{"start":{"line":28,"column":18},"end":{"line":28,"column":59}},"20":{"start":{"line":29,"column":18},"end":{"line":29,"column":55}},"21":{"start":{"line":30,"column":8},"end":{"line":30,"column":33}},"22":{"start":{"line":33,"column":4},"end":{"line":33,"column":25}},"23":{"start":{"line":40,"column":4},"end":{"line":40,"column":28}},"24":{"start":{"line":40,"column":18},"end":{"line":40,"column":28}},"25":{"start":{"line":41,"column":18},"end":{"line":41,"column":36}},"26":{"start":{"line":42,"column":4},"end":{"line":42,"column":43}},"27":{"start":{"line":42,"column":28},"end":{"line":42,"column":43}},"28":{"start":{"line":43,"column":14},"end":{"line":43,"column":22}},"29":{"start":{"line":44,"column":14},"end":{"line":44,"column":39}},"30":{"start":{"line":45,"column":14},"end":{"line":45,"column":39}},"31":{"start":{"line":46,"column":4},"end":{"line":46,"column":28}},"32":{"start":{"line":53,"column":14},"end":{"line":53,"column":28}},"33":{"start":{"line":54,"column":16},"end":{"line":54,"column":26}},"34":{"start":{"line":55,"column":17},"end":{"line":55,"column":34}},"35":{"start":{"line":56,"column":4},"end":{"line":56,"column":37}},"36":{"start":{"line":60,"column":18},"end":{"line":60,"column":38}},"37":{"start":{"line":61,"column":4},"end":{"line":61,"column":80}},"38":{"start":{"line":65,"column":14},"end":{"line":65,"column":28}},"39":{"start":{"line":66,"column":4},"end":{"line":66,"column":34}},"40":{"start":{"line":67,"column":4},"end":{"line":67,"column":13}},"41":{"start":{"line":71,"column":4},"end":{"line":71,"column":36}},"42":{"start":{"line":75,"column":14},"end":{"line":75,"column":28}},"43":{"start":{"line":76,"column":4},"end":{"line":76,"column":38}},"44":{"start":{"line":77,"column":4},"end":{"line":77,"column":13}},"45":{"start":{"line":81,"column":14},"end":{"line":81,"column":28}},"46":{"start":{"line":82,"column":4},"end":{"line":82,"column":43}},"47":{"start":{"line":83,"column":4},"end":{"line":83,"column":13}}},"fnMap":{"0":{"name":"parseFormattedDate","decl":{"start":{"line":10,"column":16},"end":{"line":10,"column":34}},"loc":{"start":{"line":10,"column":50},"end":{"line":34,"column":1}}},"1":{"name":"zeroPadDate","decl":{"start":{"line":39,"column":16},"end":{"line":39,"column":27}},"loc":{"start":{"line":39,"column":43},"end":{"line":47,"column":1}}},"2":{"name":"getStartOfWeek","decl":{"start":{"line":52,"column":16},"end":{"line":52,"column":30}},"loc":{"start":{"line":52,"column":41},"end":{"line":57,"column":1}}},"3":{"name":"getEndOfWeek","decl":{"start":{"line":59,"column":16},"end":{"line":59,"column":28}},"loc":{"start":{"line":59,"column":39},"end":{"line":62,"column":1}}},"4":{"name":"addDays","decl":{"start":{"line":64,"column":16},"end":{"line":64,"column":23}},"loc":{"start":{"line":64,"column":48},"end":{"line":68,"column":1}}},"5":{"name":"addWeeks","decl":{"start":{"line":70,"column":16},"end":{"line":70,"column":24}},"loc":{"start":{"line":70,"column":50},"end":{"line":72,"column":1}}},"6":{"name":"addMonths","decl":{"start":{"line":74,"column":16},"end":{"line":74,"column":25}},"loc":{"start":{"line":74,"column":52},"end":{"line":78,"column":1}}},"7":{"name":"addYears","decl":{"start":{"line":80,"column":16},"end":{"line":80,"column":24}},"loc":{"start":{"line":80,"column":50},"end":{"line":84,"column":1}}}},"branchMap":{"0":{"loc":{"start":{"line":11,"column":4},"end":{"line":11,"column":70}},"type":"if","locations":[{"start":{"line":11,"column":4},"end":{"line":11,"column":70}},{"start":{},"end":{}}]},"1":{"loc":{"start":{"line":11,"column":8},"end":{"line":11,"column":47}},"type":"binary-expr","locations":[{"start":{"line":11,"column":8},"end":{"line":11,"column":16}},{"start":{"line":11,"column":20},"end":{"line":11,"column":47}}]},"2":{"loc":{"start":{"line":14,"column":16},"end":{"line":14,"column":79}},"type":"cond-expr","locations":[{"start":{"line":14,"column":40},"end":{"line":14,"column":58}},{"start":{"line":14,"column":61},"end":{"line":14,"column":79}}]},"3":{"loc":{"start":{"line":16,"column":4},"end":{"line":23,"column":5}},"type":"if","locations":[{"start":{"line":16,"column":4},"end":{"line":23,"column":5}},{"start":{},"end":{}}]},"4":{"loc":{"start":{"line":20,"column":8},"end":{"line":22,"column":9}},"type":"if","locations":[{"start":{"line":20,"column":8},"end":{"line":22,"column":9}},{"start":{},"end":{}}]},"5":{"loc":{"start":{"line":20,"column":12},"end":{"line":20,"column":47}},"type":"binary-expr","locations":[{"start":{"line":20,"column":12},"end":{"line":20,"column":21}},{"start":{"line":20,"column":25},"end":{"line":20,"column":34}},{"start":{"line":20,"column":38},"end":{"line":20,"column":47}}]},"6":{"loc":{"start":{"line":26,"column":4},"end":{"line":31,"column":5}},"type":"if","locations":[{"start":{"line":26,"column":4},"end":{"line":31,"column":5}},{"start":{},"end":{}}]},"7":{"loc":{"start":{"line":26,"column":8},"end":{"line":26,"column":53}},"type":"binary-expr","locations":[{"start":{"line":26,"column":8},"end":{"line":26,"column":28}},{"start":{"line":26,"column":32},"end":{"line":26,"column":53}}]},"8":{"loc":{"start":{"line":40,"column":4},"end":{"line":40,"column":28}},"type":"if","locations":[{"start":{"line":40,"column":4},"end":{"line":40,"column":28}},{"start":{},"end":{}}]},"9":{"loc":{"start":{"line":42,"column":4},"end":{"line":42,"column":43}},"type":"if","locations":[{"start":{"line":42,"column":4},"end":{"line":42,"column":43}},{"start":{},"end":{}}]}},"s":{"0":11,"1":11,"2":11,"3":11,"4":11,"5":11,"6":11,"7":11,"8":26787,"9":0,"10":26787,"11":26787,"12":286,"13":286,"14":286,"15":286,"16":286,"17":26501,"18":26501,"19":26501,"20":26501,"21":26501,"22":0,"23":13294,"24":0,"25":13294,"26":13294,"27":13225,"28":69,"29":69,"30":69,"31":69,"32":0,"33":0,"34":0,"35":0,"36":0,"37":0,"38":0,"39":0,"40":0,"41":0,"42":0,"43":0,"44":0,"45":0,"46":0,"47":0},"f":{"0":26787,"1":13294,"2":0,"3":0,"4":0,"5":0,"6":0,"7":0},"b":{"0":[0,26787],"1":[26787,26787],"2":[286,26501],"3":[286,26501],"4":[286,0],"5":[286,286,286],"6":[26501,0],"7":[26501,26501],"8":[0,13294],"9":[13225,69]}}
}
