TN:
SF:constants.ts
FN:28,(anonymous_0)
FN:48,(anonymous_1)
FN:48,(anonymous_2)
FN:50,(anonymous_3)
FNF:4
FNH:1
FNDA:78,(anonymous_0)
FNDA:0,(anonymous_1)
FNDA:0,(anonymous_2)
FNDA:0,(anonymous_3)
DA:1,13
DA:9,13
DA:18,13
DA:25,13
DA:26,13
DA:28,13
DA:29,78
DA:35,13
DA:36,13
DA:37,13
DA:39,13
DA:48,13
DA:50,13
DA:51,0
DA:52,0
DA:53,0
DA:56,0
LF:17
LH:13
BRDA:30,0,0,78
BRDA:30,0,1,0
BRDA:31,1,0,78
BRDA:31,1,1,26
BRDA:52,2,0,0
BRDA:52,2,1,0
BRF:6
BRH:3
end_of_record
TN:
SF:theme.ts
FN:130,buildPalette
FN:186,resolveAppColors
FN:212,(anonymous_2)
FN:240,getAssetClassColors
FN:283,(anonymous_4)
FNF:5
FNH:2
FNDA:26,buildPalette
FNDA:0,resolveAppColors
FNDA:0,(anonymous_2)
FNDA:0,getAssetClassColors
FNDA:13,(anonymous_4)
DA:8,13
DA:64,13
DA:66,13
DA:98,13
DA:131,26
DA:182,13
DA:183,13
DA:186,13
DA:187,0
DA:194,13
DA:197,13
DA:200,13
DA:212,13
DA:217,13
DA:224,13
DA:232,13
DA:240,13
DA:241,0
DA:245,13
DA:283,13
DA:303,13
LF:21
LH:19
BRDA:153,0,0,13
BRDA:153,0,1,13
BRDA:156,1,0,13
BRDA:156,1,1,13
BRDA:174,2,0,13
BRDA:174,2,1,13
BRDA:187,3,0,0
BRDA:187,3,1,0
BRDA:241,4,0,0
BRDA:241,4,1,0
BRF:10
BRH:6
end_of_record
TN:
SF:services/budgetService.ts
FN:7,(anonymous_9)
FN:27,(anonymous_10)
FN:34,(anonymous_11)
FN:45,(anonymous_12)
FN:53,(anonymous_13)
FN:71,(anonymous_14)
FN:82,(anonymous_15)
FN:89,(anonymous_16)
FN:115,(anonymous_17)
FN:128,(anonymous_18)
FN:166,(anonymous_19)
FN:210,(anonymous_20)
FN:216,(anonymous_21)
FN:256,(anonymous_22)
FN:257,(anonymous_23)
FN:267,(anonymous_24)
FN:270,(anonymous_25)
FN:270,(anonymous_26)
FN:299,(anonymous_27)
FN:306,(anonymous_28)
FN:318,(anonymous_29)
FN:326,(anonymous_30)
FN:329,(anonymous_31)
FNF:23
FNH:16
FNDA:1,(anonymous_9)
FNDA:0,(anonymous_10)
FNDA:0,(anonymous_11)
FNDA:0,(anonymous_12)
FNDA:0,(anonymous_13)
FNDA:0,(anonymous_14)
FNDA:58,(anonymous_15)
FNDA:3,(anonymous_16)
FNDA:3,(anonymous_17)
FNDA:5,(anonymous_18)
FNDA:1,(anonymous_19)
FNDA:6,(anonymous_20)
FNDA:7,(anonymous_21)
FNDA:15,(anonymous_22)
FNDA:9,(anonymous_23)
FNDA:9,(anonymous_24)
FNDA:12,(anonymous_25)
FNDA:0,(anonymous_26)
FNDA:0,(anonymous_27)
FNDA:1,(anonymous_28)
FNDA:6,(anonymous_29)
FNDA:6,(anonymous_30)
FNDA:3,(anonymous_31)
DA:2,2
DA:4,2
DA:7,2
DA:8,1
DA:9,1
DA:10,1
DA:11,1
DA:12,1
DA:15,2
DA:16,2
DA:17,2
DA:18,2
DA:21,2
DA:27,2
DA:28,0
DA:29,0
DA:30,0
DA:31,0
DA:32,0
DA:34,0
DA:40,0
DA:41,0
DA:45,2
DA:46,0
DA:47,0
DA:49,0
DA:53,2
DA:54,0
DA:55,0
DA:56,0
DA:57,0
DA:58,0
DA:60,0
DA:61,0
DA:66,0
DA:67,0
DA:71,2
DA:72,0
DA:73,0
DA:75,0
DA:82,2
DA:83,58
DA:89,2
DA:91,3
DA:92,1
DA:93,1
DA:94,1
DA:95,1
DA:100,2
DA:101,2
DA:103,2
DA:104,0
DA:105,0
DA:106,0
DA:108,2
DA:109,2
DA:112,0
DA:115,2
DA:121,3
DA:122,3
DA:124,3
DA:125,3
DA:128,3
DA:130,5
DA:131,0
DA:132,0
DA:133,5
DA:134,5
DA:135,5
DA:136,0
DA:137,0
DA:138,0
DA:139,0
DA:141,0
DA:143,5
DA:144,5
DA:145,5
DA:147,0
DA:150,0
DA:152,5
DA:156,3
DA:157,3
DA:158,3
DA:159,3
DA:160,3
DA:161,3
DA:164,3
DA:166,3
DA:167,1
DA:168,1
DA:170,1
DA:171,1
DA:173,1
DA:174,0
DA:177,1
DA:178,1
DA:179,1
DA:181,1
DA:182,1
DA:183,1
DA:185,1
DA:186,0
DA:187,1
DA:188,0
DA:191,1
DA:193,1
DA:194,1
DA:195,1
DA:196,1
DA:197,1
DA:198,1
DA:200,0
DA:201,0
DA:207,3
DA:208,3
DA:210,3
DA:211,6
DA:212,6
DA:216,7
DA:217,6
DA:218,2
DA:219,2
DA:222,6
DA:223,6
DA:224,6
DA:226,6
DA:227,6
DA:228,6
DA:229,6
DA:232,6
DA:233,0
DA:234,0
DA:235,0
DA:237,0
DA:238,0
DA:240,0
DA:244,6
DA:256,15
DA:257,9
DA:263,3
DA:264,3
DA:265,3
DA:267,3
DA:268,9
DA:270,12
DA:271,0
DA:272,0
DA:273,0
DA:276,8
DA:278,3
DA:279,3
DA:280,3
DA:282,3
DA:283,3
DA:284,3
DA:285,3
DA:286,3
DA:288,3
DA:295,3
DA:296,2
DA:298,0
DA:299,0
DA:300,0
DA:301,0
DA:302,0
DA:306,2
DA:309,2
DA:310,2
DA:318,6
DA:319,3
DA:320,3
DA:321,0
DA:322,0
DA:326,6
DA:328,3
DA:329,3
LF:176
LH:119
BRDA:7,0,0,1
BRDA:8,1,0,0
BRDA:8,1,1,1
BRDA:10,2,0,0
BRDA:10,2,1,1
BRDA:11,3,0,0
BRDA:11,3,1,1
BRDA:17,4,0,2
BRDA:17,4,1,0
BRDA:18,5,0,2
BRDA:18,5,1,0
BRDA:30,6,0,0
BRDA:30,6,1,0
BRDA:56,7,0,0
BRDA:56,7,1,0
BRDA:63,8,0,0
BRDA:63,8,1,0
BRDA:83,9,0,58
BRDA:83,9,1,38
BRDA:91,10,0,1
BRDA:91,10,1,2
BRDA:91,11,0,3
BRDA:91,11,1,1
BRDA:93,12,0,1
BRDA:93,12,1,0
BRDA:93,13,0,1
BRDA:93,13,1,1
BRDA:95,14,0,1
BRDA:95,14,1,0
BRDA:101,15,0,0
BRDA:101,15,1,2
BRDA:103,16,0,0
BRDA:103,16,1,2
BRDA:103,17,0,2
BRDA:103,17,1,2
BRDA:104,18,0,0
BRDA:104,18,1,0
BRDA:105,19,0,0
BRDA:105,19,1,0
BRDA:108,20,0,2
BRDA:108,20,1,0
BRDA:125,21,0,3
BRDA:125,21,1,3
BRDA:130,22,0,0
BRDA:130,22,1,5
BRDA:133,23,0,5
BRDA:133,23,1,0
BRDA:133,24,0,5
BRDA:133,24,1,5
BRDA:135,25,0,0
BRDA:135,25,1,5
BRDA:135,26,0,5
BRDA:135,26,1,5
BRDA:136,27,0,0
BRDA:136,27,1,0
BRDA:137,28,0,0
BRDA:137,28,1,0
BRDA:143,29,0,5
BRDA:143,29,1,0
BRDA:152,30,0,5
BRDA:152,30,1,5
BRDA:170,31,0,1
BRDA:170,31,1,0
BRDA:170,32,0,1
BRDA:170,32,1,1
BRDA:170,32,2,1
BRDA:170,32,3,1
BRDA:171,33,0,1
BRDA:171,33,1,0
BRDA:173,34,0,0
BRDA:173,34,1,1
BRDA:178,35,0,1
BRDA:178,35,1,0
BRDA:179,36,0,1
BRDA:179,36,1,0
BRDA:182,37,0,1
BRDA:182,37,1,1
BRDA:185,38,0,0
BRDA:185,38,1,1
BRDA:187,39,0,0
BRDA:187,39,1,1
BRDA:187,40,0,1
BRDA:187,40,1,0
BRDA:194,41,0,1
BRDA:194,41,1,0
BRDA:195,42,0,1
BRDA:195,42,1,1
BRDA:196,43,0,1
BRDA:196,43,1,1
BRDA:200,44,0,0
BRDA:200,44,1,0
BRDA:211,45,0,6
BRDA:211,45,1,6
BRDA:212,46,0,6
BRDA:212,46,1,5
BRDA:216,47,0,7
BRDA:216,47,1,2
BRDA:217,48,0,2
BRDA:217,48,1,4
BRDA:224,49,0,6
BRDA:224,49,1,0
BRDA:224,50,0,0
BRDA:224,50,1,0
BRDA:227,51,0,0
BRDA:227,51,1,6
BRDA:228,52,0,0
BRDA:228,52,1,6
BRDA:229,53,0,0
BRDA:229,53,1,6
BRDA:232,54,0,0
BRDA:232,54,1,6
BRDA:237,55,0,0
BRDA:237,55,1,0
BRDA:259,56,0,9
BRDA:259,56,1,8
BRDA:268,57,0,1
BRDA:268,57,1,8
BRDA:271,58,0,0
BRDA:271,58,1,0
BRDA:272,59,0,0
BRDA:272,59,1,0
BRDA:276,60,0,5
BRDA:276,60,1,3
BRDA:280,61,0,0
BRDA:280,61,1,3
BRDA:282,62,0,3
BRDA:282,62,1,0
BRDA:283,63,0,3
BRDA:283,63,1,0
BRDA:284,64,0,3
BRDA:284,64,1,3
BRDA:286,65,0,0
BRDA:286,65,1,3
BRDA:295,66,0,2
BRDA:295,66,1,1
BRDA:296,67,0,0
BRDA:296,67,1,2
BRDA:300,68,0,0
BRDA:300,68,1,0
BRDA:301,69,0,0
BRDA:301,69,1,0
BRDA:321,70,0,0
BRDA:321,70,1,0
BRF:143
BRH:80
end_of_record
TN:
SF:services/creditCardSettingsService.ts
FN:9,(anonymous_9)
FN:14,(anonymous_10)
FN:29,(anonymous_11)
FN:39,(anonymous_12)
FN:44,(anonymous_13)
FN:53,(anonymous_14)
FN:54,(anonymous_15)
FN:57,(anonymous_16)
FN:61,(anonymous_17)
FN:62,(anonymous_18)
FN:64,(anonymous_19)
FN:67,(anonymous_20)
FN:71,(anonymous_21)
FN:84,(anonymous_22)
FN:101,(anonymous_23)
FN:119,(anonymous_24)
FN:125,(anonymous_25)
FN:134,(anonymous_26)
FN:147,(anonymous_27)
FNF:19
FNH:17
FNDA:24,(anonymous_9)
FNDA:18,(anonymous_10)
FNDA:2,(anonymous_11)
FNDA:4,(anonymous_12)
FNDA:1,(anonymous_13)
FNDA:4,(anonymous_14)
FNDA:4,(anonymous_15)
FNDA:1,(anonymous_16)
FNDA:4,(anonymous_17)
FNDA:4,(anonymous_18)
FNDA:1,(anonymous_19)
FNDA:1,(anonymous_20)
FNDA:2,(anonymous_21)
FNDA:1,(anonymous_22)
FNDA:2,(anonymous_23)
FNDA:1,(anonymous_24)
FNDA:3,(anonymous_25)
FNDA:0,(anonymous_26)
FNDA:0,(anonymous_27)
DA:1,2
DA:4,2
DA:5,2
DA:7,2
DA:9,2
DA:10,24
DA:11,24
DA:14,2
DA:18,18
DA:19,18
DA:20,4
DA:22,14
DA:29,2
DA:34,2
DA:35,2
DA:37,1
DA:38,1
DA:39,4
DA:41,1
DA:44,2
DA:49,1
DA:50,1
DA:51,1
DA:52,1
DA:53,4
DA:54,4
DA:57,2
DA:58,1
DA:61,4
DA:62,4
DA:64,1
DA:67,2
DA:71,2
DA:72,1
DA:73,0
DA:75,1
DA:76,1
DA:84,2
DA:91,1
DA:92,1
DA:93,1
DA:94,1
DA:96,1
DA:101,1
DA:102,2
DA:103,2
DA:104,2
DA:108,0
DA:109,0
DA:116,1
DA:119,2
DA:124,1
DA:125,1
DA:126,3
DA:131,1
DA:134,2
DA:135,0
DA:136,0
DA:137,0
DA:138,0
DA:139,0
DA:140,0
DA:142,0
DA:143,0
DA:147,2
DA:148,0
DA:149,0
DA:151,0
LF:68
LH:54
BRDA:5,0,0,2
BRDA:5,0,1,0
BRDA:10,1,0,0
BRDA:10,1,1,24
BRDA:19,2,0,4
BRDA:19,2,1,14
BRDA:23,3,0,14
BRDA:23,3,1,0
BRDA:24,4,0,14
BRDA:24,4,1,0
BRDA:32,5,0,2
BRDA:35,6,0,1
BRDA:35,6,1,1
BRDA:41,7,0,1
BRDA:41,7,1,0
BRDA:47,8,0,0
BRDA:50,9,0,0
BRDA:50,9,1,1
BRDA:72,10,0,0
BRDA:72,10,1,1
BRDA:103,11,0,2
BRDA:103,11,1,0
BRDA:106,12,0,2
BRDA:106,12,1,0
BRDA:108,13,0,0
BRDA:108,13,1,0
BRDA:108,14,0,0
BRDA:108,14,1,0
BRDA:122,15,0,1
BRDA:137,16,0,0
BRDA:137,16,1,0
BRDA:140,17,0,0
BRDA:140,17,1,0
BRDA:140,18,0,0
BRDA:140,18,1,0
BRF:35
BRH:15
end_of_record
TN:
SF:services/financeService.ts
FN:10,(anonymous_10)
FN:23,(anonymous_11)
FN:31,(anonymous_12)
FN:35,(anonymous_13)
FN:37,(anonymous_14)
FN:54,(anonymous_15)
FN:84,(anonymous_16)
FN:85,(anonymous_17)
FN:92,(anonymous_18)
FN:119,(anonymous_19)
FN:122,(anonymous_20)
FN:144,(anonymous_21)
FN:151,(anonymous_22)
FN:170,(anonymous_23)
FN:183,(anonymous_24)
FN:202,(anonymous_25)
FN:238,(anonymous_26)
FN:245,(anonymous_27)
FN:253,(anonymous_28)
FN:296,(anonymous_29)
FN:330,(anonymous_30)
FN:338,(anonymous_31)
FN:360,(anonymous_32)
FN:367,(anonymous_33)
FN:377,(anonymous_34)
FN:413,(anonymous_35)
FN:421,(anonymous_36)
FN:429,(anonymous_37)
FN:444,(anonymous_38)
FN:450,(anonymous_39)
FN:454,(anonymous_40)
FN:469,(anonymous_41)
FN:493,(anonymous_42)
FN:510,(anonymous_43)
FN:555,(anonymous_44)
FN:561,(anonymous_45)
FN:573,(anonymous_46)
FN:603,(anonymous_47)
FN:616,(anonymous_48)
FN:617,(anonymous_49)
FN:629,(anonymous_50)
FN:633,(anonymous_51)
FN:639,(anonymous_52)
FN:641,(anonymous_53)
FN:642,(anonymous_54)
FN:643,(anonymous_55)
FN:649,(anonymous_56)
FN:666,(anonymous_57)
FN:668,(anonymous_58)
FN:673,(anonymous_59)
FN:683,(anonymous_60)
FN:690,(anonymous_61)
FN:694,(anonymous_62)
FN:698,(anonymous_63)
FN:703,(anonymous_64)
FN:704,(anonymous_65)
FN:729,(anonymous_66)
FN:733,(anonymous_67)
FN:738,(anonymous_68)
FN:744,(anonymous_69)
FN:829,(anonymous_70)
FN:844,(anonymous_71)
FN:867,(anonymous_72)
FN:891,(anonymous_73)
FN:902,(anonymous_74)
FN:917,(anonymous_75)
FN:921,(anonymous_76)
FN:955,(anonymous_77)
FN:958,(anonymous_78)
FN:988,(anonymous_79)
FN:1002,(anonymous_80)
FN:1064,(anonymous_81)
FN:1085,(anonymous_82)
FN:1098,(anonymous_83)
FN:1129,(anonymous_84)
FN:1130,(anonymous_85)
FN:1136,(anonymous_86)
FN:1142,(anonymous_87)
FN:1143,(anonymous_88)
FN:1178,(anonymous_89)
FN:1190,(anonymous_90)
FN:1217,(anonymous_91)
FN:1219,(anonymous_92)
FN:1223,(anonymous_93)
FN:1225,(anonymous_94)
FN:1230,(anonymous_95)
FN:1252,(anonymous_96)
FN:1269,(anonymous_97)
FN:1279,(anonymous_98)
FN:1317,(anonymous_99)
FN:1322,(anonymous_100)
FN:1333,(anonymous_101)
FN:1345,(anonymous_102)
FN:1371,(anonymous_103)
FN:1400,(anonymous_104)
FN:1405,(anonymous_105)
FN:1410,(anonymous_106)
FN:1436,(anonymous_107)
FN:1440,(anonymous_108)
FN:1459,(anonymous_109)
FN:1475,(anonymous_110)
FNF:101
FNH:58
FNDA:0,(anonymous_10)
FNDA:0,(anonymous_11)
FNDA:0,(anonymous_12)
FNDA:0,(anonymous_13)
FNDA:0,(anonymous_14)
FNDA:0,(anonymous_15)
FNDA:7,(anonymous_16)
FNDA:40045,(anonymous_17)
FNDA:40032,(anonymous_18)
FNDA:40025,(anonymous_19)
FNDA:560350,(anonymous_20)
FNDA:62005,(anonymous_21)
FNDA:130003,(anonymous_22)
FNDA:1,(anonymous_23)
FNDA:6648,(anonymous_24)
FNDA:5810,(anonymous_25)
FNDA:7,(anonymous_26)
FNDA:57,(anonymous_27)
FNDA:23,(anonymous_28)
FNDA:1189,(anonymous_29)
FNDA:1,(anonymous_30)
FNDA:6602,(anonymous_31)
FNDA:1188,(anonymous_32)
FNDA:10567,(anonymous_33)
FNDA:5187,(anonymous_34)
FNDA:1,(anonymous_35)
FNDA:6602,(anonymous_36)
FNDA:4342,(anonymous_37)
FNDA:1968,(anonymous_38)
FNDA:18473,(anonymous_39)
FNDA:3386,(anonymous_40)
FNDA:33,(anonymous_41)
FNDA:2,(anonymous_42)
FNDA:6497,(anonymous_43)
FNDA:28,(anonymous_44)
FNDA:2,(anonymous_45)
FNDA:13296,(anonymous_46)
FNDA:14,(anonymous_47)
FNDA:372,(anonymous_48)
FNDA:386,(anonymous_49)
FNDA:28,(anonymous_50)
FNDA:0,(anonymous_51)
FNDA:0,(anonymous_52)
FNDA:0,(anonymous_53)
FNDA:0,(anonymous_54)
FNDA:0,(anonymous_55)
FNDA:0,(anonymous_56)
FNDA:16,(anonymous_57)
FNDA:26644,(anonymous_58)
FNDA:26492,(anonymous_59)
FNDA:26476,(anonymous_60)
FNDA:13272,(anonymous_61)
FNDA:0,(anonymous_62)
FNDA:13220,(anonymous_63)
FNDA:0,(anonymous_64)
FNDA:0,(anonymous_65)
FNDA:0,(anonymous_66)
FNDA:0,(anonymous_67)
FNDA:0,(anonymous_68)
FNDA:0,(anonymous_69)
FNDA:0,(anonymous_70)
FNDA:0,(anonymous_71)
FNDA:0,(anonymous_72)
FNDA:0,(anonymous_73)
FNDA:0,(anonymous_74)
FNDA:0,(anonymous_75)
FNDA:0,(anonymous_76)
FNDA:0,(anonymous_77)
FNDA:0,(anonymous_78)
FNDA:9256,(anonymous_79)
FNDA:45412,(anonymous_80)
FNDA:13370,(anonymous_81)
FNDA:17572,(anonymous_82)
FNDA:9256,(anonymous_83)
FNDA:19,(anonymous_84)
FNDA:6717,(anonymous_85)
FNDA:0,(anonymous_86)
FNDA:0,(anonymous_87)
FNDA:0,(anonymous_88)
FNDA:0,(anonymous_89)
FNDA:0,(anonymous_90)
FNDA:0,(anonymous_91)
FNDA:0,(anonymous_92)
FNDA:0,(anonymous_93)
FNDA:0,(anonymous_94)
FNDA:0,(anonymous_95)
FNDA:0,(anonymous_96)
FNDA:0,(anonymous_97)
FNDA:0,(anonymous_98)
FNDA:1,(anonymous_99)
FNDA:6648,(anonymous_100)
FNDA:37,(anonymous_101)
FNDA:6,(anonymous_102)
FNDA:26,(anonymous_103)
FNDA:8,(anonymous_104)
FNDA:18,(anonymous_105)
FNDA:7,(anonymous_106)
FNDA:5,(anonymous_107)
FNDA:5,(anonymous_108)
FNDA:0,(anonymous_109)
FNDA:0,(anonymous_110)
DA:3,10
DA:4,10
DA:5,10
DA:6,10
DA:7,10
DA:10,10
DA:11,0
DA:12,0
DA:14,0
DA:15,0
DA:16,0
DA:19,0
DA:23,10
DA:24,0
DA:25,0
DA:26,0
DA:27,0
DA:31,10
DA:32,0
DA:34,0
DA:35,0
DA:36,0
DA:37,0
DA:38,0
DA:39,0
DA:42,0
DA:43,0
DA:46,0
DA:47,0
DA:48,0
DA:50,0
DA:54,0
DA:56,0
DA:57,0
DA:59,0
DA:65,0
DA:66,0
DA:67,0
DA:70,0
DA:71,0
DA:74,0
DA:77,0
DA:79,0
DA:84,10
DA:85,40045
DA:87,7
DA:88,0
DA:92,7
DA:93,40032
DA:94,40032
DA:95,40032
DA:97,40032
DA:98,5538687
DA:99,5538687
DA:100,1120896
DA:101,0
DA:102,0
DA:104,1120896
DA:106,4417791
DA:107,520416
DA:108,520416
DA:110,3897375
DA:113,40032
DA:114,40032
DA:117,7
DA:119,7
DA:120,40025
DA:121,40025
DA:122,40025
DA:124,560350
DA:125,560350
DA:126,560350
DA:130,40025
DA:131,0
DA:135,40025
DA:136,40025
DA:137,40025
DA:140,7
DA:144,10
DA:145,62005
DA:146,40174
DA:151,130003
DA:170,10
DA:174,1
DA:175,1
DA:176,1
DA:177,1
DA:178,1
DA:179,1
DA:180,1
DA:181,1
DA:183,1
DA:184,6648
DA:185,38
DA:186,38
DA:188,6610
DA:189,6610
DA:190,6610
DA:191,6610
DA:193,6610
DA:195,6610
DA:196,6610
DA:197,0
DA:198,0
DA:200,6610
DA:201,6610
DA:202,6610
DA:203,6610
DA:204,2079
DA:205,2079
DA:207,4531
DA:208,4531
DA:209,4531
DA:212,1
DA:238,10
DA:243,7
DA:244,7
DA:245,7
DA:246,57
DA:247,57
DA:250,7
DA:251,7
DA:252,7
DA:253,7
DA:254,23
DA:255,23
DA:256,0
DA:257,0
DA:258,0
DA:259,0
DA:260,0
DA:262,23
DA:263,23
DA:264,21
DA:265,21
DA:267,21
DA:268,2
DA:271,21
DA:272,21
DA:273,21
DA:275,2
DA:276,2
DA:280,7
DA:281,7
DA:282,2
DA:283,32
DA:284,16
DA:285,16
DA:290,7
DA:291,7
DA:292,7
DA:296,10
DA:297,1189
DA:298,1189
DA:299,1189
DA:307,1189
DA:308,1189
DA:309,12
DA:310,1177
DA:311,39
DA:312,39
DA:313,1138
DA:314,26
DA:315,26
DA:318,1189
DA:319,1189
DA:330,10
DA:335,1
DA:336,1
DA:338,1
DA:339,6602
DA:340,6602
DA:341,6602
DA:342,6602
DA:343,5186
DA:345,5186
DA:346,5186
DA:348,5186
DA:350,3083
DA:351,3083
DA:352,3083
DA:354,3083
DA:355,3083
DA:356,3083
DA:359,1
DA:360,1188
DA:367,10567
DA:377,10
DA:378,5187
DA:379,3085
DA:380,3085
DA:381,3085
DA:382,3085
DA:383,9836
DA:384,2076
DA:385,2076
DA:387,7760
DA:388,2076
DA:389,2076
DA:391,5684
DA:392,4625
DA:393,4625
DA:394,4625
DA:395,4617
DA:396,4617
DA:397,4615
DA:398,4615
DA:399,4615
DA:400,4615
DA:401,4343
DA:403,3085
DA:413,10
DA:418,1
DA:419,1
DA:421,1
DA:422,6602
DA:423,6602
DA:424,6602
DA:425,5186
DA:426,5186
DA:428,5186
DA:429,5186
DA:432,4342
DA:433,4342
DA:434,4342
DA:435,0
DA:437,4342
DA:438,4342
DA:439,4342
DA:443,1
DA:444,1968
DA:450,18473
DA:454,10
DA:458,3386
DA:459,3386
DA:460,3386
DA:461,3386
DA:462,3386
DA:469,10
DA:478,33
DA:479,33
DA:480,26
DA:481,25
DA:493,10
DA:502,2
DA:503,2
DA:504,2
DA:505,2
DA:506,2
DA:507,2
DA:508,2
DA:510,2
DA:511,6497
DA:512,6497
DA:513,6497
DA:514,6497
DA:515,5040
DA:516,5040
DA:518,4893
DA:519,4893
DA:520,4893
DA:522,4893
DA:524,4893
DA:526,4893
DA:527,2341
DA:528,2341
DA:529,2341
DA:531,2552
DA:532,2552
DA:536,2
DA:555,10
DA:556,28
DA:557,28
DA:561,10
DA:567,2
DA:569,2
DA:571,2
DA:573,2
DA:574,13296
DA:575,13296
DA:576,11292
DA:577,11292
DA:578,11292
DA:579,10388
DA:580,10388
DA:581,9548
DA:583,8088
DA:584,8088
DA:586,8088
DA:588,8072
DA:589,8072
DA:590,8072
DA:592,8072
DA:593,8072
DA:594,8072
DA:595,8072
DA:596,8072
DA:597,8072
DA:598,8072
DA:602,2
DA:604,14
DA:605,14
DA:606,14
DA:607,14
DA:608,14
DA:609,14
DA:610,14
DA:611,14
DA:612,14
DA:613,14
DA:615,14
DA:616,372
DA:617,386
DA:618,14
DA:619,14
DA:629,28
DA:633,10
DA:634,0
DA:635,0
DA:636,0
DA:638,0
DA:639,0
DA:641,0
DA:642,0
DA:643,0
DA:644,0
DA:645,0
DA:649,0
DA:651,0
DA:652,0
DA:653,0
DA:662,0
DA:666,10
DA:667,16
DA:669,26644
DA:670,26492
DA:671,26492
DA:674,26492
DA:676,26492
DA:679,26492
DA:681,26492
DA:683,26476
DA:685,16
DA:686,14
DA:687,14
DA:688,14
DA:689,14
DA:690,13272
DA:691,2
DA:692,0
DA:693,0
DA:694,0
DA:696,2
DA:697,2
DA:698,13220
DA:703,10
DA:704,0
DA:705,0
DA:706,0
DA:707,0
DA:709,0
DA:710,0
DA:711,0
DA:712,0
DA:715,0
DA:716,0
DA:718,0
DA:719,0
DA:720,0
DA:722,0
DA:723,0
DA:724,0
DA:729,10
DA:730,0
DA:732,0
DA:734,0
DA:735,0
DA:736,0
DA:739,0
DA:740,0
DA:741,0
DA:742,0
DA:744,0
DA:746,0
DA:747,0
DA:750,0
DA:751,0
DA:753,0
DA:755,0
DA:756,0
DA:758,0
DA:759,0
DA:760,0
DA:762,0
DA:763,0
DA:764,0
DA:765,0
DA:766,0
DA:767,0
DA:768,0
DA:770,0
DA:771,0
DA:772,0
DA:773,0
DA:775,0
DA:776,0
DA:779,0
DA:780,0
DA:781,0
DA:783,0
DA:784,0
DA:785,0
DA:789,0
DA:790,0
DA:793,0
DA:794,0
DA:795,0
DA:796,0
DA:798,0
DA:799,0
DA:800,0
DA:804,0
DA:805,0
DA:806,0
DA:807,0
DA:808,0
DA:809,0
DA:812,0
DA:816,0
DA:817,0
DA:818,0
DA:821,0
DA:822,0
DA:823,0
DA:824,0
DA:826,0
DA:827,0
DA:828,0
DA:829,0
DA:831,0
DA:832,0
DA:833,0
DA:834,0
DA:835,0
DA:837,0
DA:838,0
DA:839,0
DA:840,0
DA:841,0
DA:843,0
DA:844,0
DA:847,0
DA:848,0
DA:849,0
DA:850,0
DA:851,0
DA:852,0
DA:854,0
DA:855,0
DA:856,0
DA:857,0
DA:858,0
DA:859,0
DA:861,0
DA:862,0
DA:864,0
DA:865,0
DA:866,0
DA:867,0
DA:871,0
DA:873,0
DA:880,0
DA:881,0
DA:883,0
DA:884,0
DA:888,0
DA:891,10
DA:892,0
DA:893,0
DA:896,0
DA:897,0
DA:898,0
DA:899,0
DA:901,0
DA:902,0
DA:903,0
DA:911,0
DA:912,0
DA:914,0
DA:915,0
DA:916,0
DA:917,0
DA:920,0
DA:921,0
DA:922,0
DA:923,0
DA:924,0
DA:926,0
DA:927,0
DA:929,0
DA:930,0
DA:931,0
DA:932,0
DA:933,0
DA:934,0
DA:935,0
DA:939,0
DA:940,0
DA:941,0
DA:942,0
DA:943,0
DA:944,0
DA:948,0
DA:949,0
DA:950,0
DA:951,0
DA:952,0
DA:953,0
DA:954,0
DA:955,0
DA:957,0
DA:958,0
DA:959,0
DA:960,0
DA:961,0
DA:963,0
DA:964,0
DA:966,0
DA:967,0
DA:968,0
DA:969,0
DA:970,0
DA:971,0
DA:972,0
DA:976,0
DA:977,0
DA:978,0
DA:979,0
DA:980,0
DA:981,0
DA:985,0
DA:988,10
DA:989,9256
DA:990,9256
DA:991,9256
DA:992,9240
DA:993,9240
DA:994,9240
DA:995,9240
DA:996,9240
DA:998,16
DA:1002,10
DA:1003,45412
DA:1004,45412
DA:1007,45412
DA:1008,37
DA:1012,45375
DA:1013,45375
DA:1014,46204
DA:1015,18517
DA:1017,27687
DA:1018,0
DA:1022,26858
DA:1023,26858
DA:1024,0
DA:1028,26858
DA:1029,8171
DA:1032,8171
DA:1033,8171
DA:1034,65353
DA:1035,65353
DA:1036,65353
DA:1037,3
DA:1042,8168
DA:1043,8168
DA:1044,7920
DA:1046,248
DA:1047,242
DA:1052,18693
DA:1053,18693
DA:1054,18693
DA:1055,18693
DA:1056,18693
DA:1058,0
DA:1061,0
DA:1064,10
DA:1065,13370
DA:1067,13294
DA:1068,13294
DA:1069,13294
DA:1070,13294
DA:1071,13294
DA:1072,13294
DA:1073,13294
DA:1076,13294
DA:1078,13294
DA:1079,13294
DA:1081,13294
DA:1082,13294
DA:1083,4158
DA:1084,4158
DA:1085,4158
DA:1086,17572
DA:1087,4158
DA:1088,13414
DA:1089,9256
DA:1090,4158
DA:1091,0
DA:1094,9136
DA:1095,2774
DA:1098,13294
DA:1099,13294
DA:1100,13294
DA:1101,4156
DA:1104,13294
DA:1105,13294
DA:1106,13294
DA:1107,12085
DA:1108,1646
DA:1110,13294
DA:1118,13294
DA:1119,12085
DA:1120,1646
DA:1121,1646
DA:1126,0
DA:1129,10
DA:1130,19
DA:1131,6717
DA:1132,6717
DA:1136,10
DA:1137,0
DA:1140,0
DA:1141,0
DA:1142,0
DA:1143,0
DA:1144,0
DA:1145,0
DA:1146,0
DA:1147,0
DA:1149,0
DA:1152,0
DA:1154,0
DA:1155,0
DA:1156,0
DA:1158,0
DA:1163,0
DA:1164,0
DA:1169,0
DA:1172,0
DA:1173,0
DA:1178,10
DA:1179,0
DA:1181,0
DA:1182,0
DA:1183,0
DA:1184,0
DA:1185,0
DA:1186,0
DA:1187,0
DA:1188,0
DA:1190,0
DA:1191,0
DA:1192,0
DA:1195,0
DA:1196,0
DA:1198,0
DA:1199,0
DA:1200,0
DA:1201,0
DA:1202,0
DA:1203,0
DA:1204,0
DA:1207,0
DA:1208,0
DA:1211,0
DA:1212,0
DA:1216,0
DA:1217,0
DA:1219,0
DA:1222,0
DA:1223,0
DA:1225,0
DA:1229,0
DA:1230,0
DA:1231,0
DA:1234,0
DA:1252,10
DA:1257,0
DA:1258,0
DA:1259,0
DA:1263,0
DA:1264,0
DA:1266,0
DA:1269,0
DA:1270,0
DA:1271,0
DA:1272,0
DA:1273,0
DA:1276,0
DA:1277,0
DA:1279,0
DA:1281,0
DA:1284,0
DA:1287,0
DA:1290,0
DA:1292,0
DA:1295,0
DA:1296,0
DA:1298,0
DA:1299,0
DA:1300,0
DA:1304,0
DA:1310,0
DA:1313,0
DA:1317,10
DA:1321,1
DA:1322,1
DA:1323,6648
DA:1324,6648
DA:1328,1
DA:1329,1
DA:1330,1
DA:1332,1
DA:1333,1
DA:1334,37
DA:1335,37
DA:1336,37
DA:1337,0
DA:1341,1
DA:1345,10
DA:1356,6
DA:1357,6
DA:1360,6
DA:1361,6
DA:1362,6
DA:1363,6
DA:1364,6
DA:1367,6
DA:1368,6
DA:1369,6
DA:1371,6
DA:1373,26
DA:1374,26
DA:1376,26
DA:1377,26
DA:1379,25
DA:1380,25
DA:1381,25
DA:1383,25
DA:1384,25
DA:1385,25
DA:1388,25
DA:1393,25
DA:1394,25
DA:1395,7
DA:1396,7
DA:1400,8
DA:1403,6
DA:1404,6
DA:1405,18
DA:1408,6
DA:1410,6
DA:1411,7
DA:1412,7
DA:1414,7
DA:1415,7
DA:1416,7
DA:1418,7
DA:1419,5
DA:1420,5
DA:1421,5
DA:1422,2
DA:1423,3
DA:1424,1
DA:1426,2
DA:1428,2
DA:1429,2
DA:1430,2
DA:1433,7
DA:1435,5
DA:1436,5
DA:1437,5
DA:1438,5
DA:1439,5
DA:1440,5
DA:1441,5
DA:1442,5
DA:1446,5
DA:1447,1
DA:1453,4
DA:1458,5
DA:1459,0
DA:1462,5
DA:1475,6
LF:794
LH:456
BRDA:10,0,0,0
BRDA:11,1,0,0
BRDA:11,1,1,0
BRDA:11,2,0,0
BRDA:11,2,1,0
BRDA:15,3,0,0
BRDA:15,3,1,0
BRDA:34,4,0,0
BRDA:34,4,1,0
BRDA:34,5,0,0
BRDA:34,5,1,0
BRDA:34,5,2,0
BRDA:39,6,0,0
BRDA:39,6,1,0
BRDA:46,7,0,0
BRDA:46,7,1,0
BRDA:56,8,0,0
BRDA:56,8,1,0
BRDA:65,9,0,0
BRDA:65,9,1,0
BRDA:66,10,0,0
BRDA:66,10,1,0
BRDA:79,11,0,0
BRDA:79,11,1,0
BRDA:87,12,0,0
BRDA:87,12,1,7
BRDA:99,13,0,1120896
BRDA:99,13,1,4417791
BRDA:100,14,0,0
BRDA:100,14,1,1120896
BRDA:100,15,0,1120896
BRDA:100,15,1,560448
BRDA:106,16,0,520416
BRDA:106,16,1,3897375
BRDA:106,17,0,4417791
BRDA:106,17,1,520416
BRDA:125,18,0,420963
BRDA:125,18,1,139387
BRDA:130,19,0,0
BRDA:130,19,1,40025
BRDA:130,20,0,40025
BRDA:130,20,1,0
BRDA:135,21,0,40025
BRDA:135,21,1,0
BRDA:135,21,2,0
BRDA:135,21,3,0
BRDA:136,22,0,40025
BRDA:136,22,1,0
BRDA:145,23,0,21831
BRDA:145,23,1,40174
BRDA:172,24,0,1
BRDA:184,25,0,38
BRDA:184,25,1,6610
BRDA:184,26,0,6648
BRDA:184,26,1,6610
BRDA:188,27,0,6610
BRDA:188,27,1,0
BRDA:189,28,0,6610
BRDA:189,28,1,0
BRDA:190,29,0,1
BRDA:190,29,1,6609
BRDA:190,30,0,6610
BRDA:190,30,1,6609
BRDA:191,31,0,1234
BRDA:191,31,1,5376
BRDA:191,32,0,6610
BRDA:191,32,1,6609
BRDA:193,33,0,5933
BRDA:193,33,1,677
BRDA:195,34,0,6610
BRDA:195,34,1,6610
BRDA:196,35,0,0
BRDA:196,35,1,6610
BRDA:200,36,0,6610
BRDA:200,36,1,3144
BRDA:202,37,0,5810
BRDA:202,37,1,3731
BRDA:203,38,0,2079
BRDA:203,38,1,4531
BRDA:203,39,0,6610
BRDA:203,39,1,4531
BRDA:208,40,0,0
BRDA:208,40,1,4531
BRDA:241,41,0,5
BRDA:243,42,0,5
BRDA:246,43,0,57
BRDA:246,43,1,0
BRDA:247,44,0,57
BRDA:247,44,1,0
BRDA:254,45,0,23
BRDA:254,45,1,0
BRDA:255,46,0,0
BRDA:255,46,1,23
BRDA:263,47,0,21
BRDA:263,47,1,2
BRDA:267,48,0,2
BRDA:267,48,1,19
BRDA:267,49,0,21
BRDA:267,49,1,20
BRDA:281,50,0,2
BRDA:281,50,1,5
BRDA:283,51,0,16
BRDA:283,51,1,16
BRDA:291,52,0,2
BRDA:291,52,1,5
BRDA:296,53,0,1189
BRDA:297,54,0,0
BRDA:297,54,1,1189
BRDA:308,55,0,12
BRDA:308,55,1,1177
BRDA:308,56,0,1189
BRDA:308,56,1,25
BRDA:310,57,0,39
BRDA:310,57,1,1138
BRDA:312,58,0,37
BRDA:312,58,1,2
BRDA:313,59,0,26
BRDA:313,59,1,1112
BRDA:315,60,0,12
BRDA:315,60,1,14
BRDA:318,61,0,13
BRDA:318,61,1,1176
BRDA:319,62,0,1189
BRDA:319,62,1,0
BRDA:341,63,0,6602
BRDA:341,63,1,0
BRDA:341,63,2,0
BRDA:342,64,0,1416
BRDA:342,64,1,5186
BRDA:342,65,0,6602
BRDA:342,65,1,6009
BRDA:343,66,0,0
BRDA:343,66,1,5186
BRDA:343,67,0,5186
BRDA:343,67,1,5186
BRDA:343,67,2,5186
BRDA:346,68,0,0
BRDA:346,68,1,5186
BRDA:346,69,0,5186
BRDA:346,69,1,5186
BRDA:348,70,0,2103
BRDA:348,70,1,3083
BRDA:350,71,0,3083
BRDA:350,71,1,32
BRDA:350,72,0,3083
BRDA:350,72,1,0
BRDA:352,73,0,3083
BRDA:352,73,1,0
BRDA:354,74,0,1188
BRDA:354,74,1,1895
BRDA:378,75,0,2102
BRDA:378,75,1,3085
BRDA:383,76,0,2076
BRDA:383,76,1,7760
BRDA:383,77,0,9836
BRDA:383,77,1,7760
BRDA:387,78,0,2076
BRDA:387,78,1,5684
BRDA:387,79,0,7760
BRDA:387,79,1,5684
BRDA:391,80,0,1059
BRDA:391,80,1,4625
BRDA:391,81,0,5684
BRDA:391,81,1,1059
BRDA:391,81,2,1059
BRDA:394,82,0,8
BRDA:394,82,1,4617
BRDA:396,83,0,2
BRDA:396,83,1,4615
BRDA:396,84,0,4617
BRDA:396,84,1,4617
BRDA:397,85,0,4615
BRDA:397,85,1,272
BRDA:398,86,0,4615
BRDA:398,86,1,18
BRDA:400,87,0,272
BRDA:400,87,1,4343
BRDA:400,88,0,4615
BRDA:400,88,1,293
BRDA:424,89,0,1416
BRDA:424,89,1,5186
BRDA:424,90,0,6602
BRDA:424,90,1,6009
BRDA:425,91,0,5186
BRDA:425,91,1,0
BRDA:426,92,0,0
BRDA:426,92,1,5186
BRDA:426,93,0,5186
BRDA:426,93,1,5186
BRDA:426,93,2,5186
BRDA:428,94,0,5186
BRDA:428,94,1,2102
BRDA:434,95,0,0
BRDA:434,95,1,4342
BRDA:434,96,0,4342
BRDA:434,96,1,4342
BRDA:434,96,2,0
BRDA:437,97,0,1968
BRDA:437,97,1,2374
BRDA:456,98,0,0
BRDA:458,99,0,0
BRDA:458,99,1,3386
BRDA:460,100,0,0
BRDA:460,100,1,3386
BRDA:461,101,0,0
BRDA:461,101,1,3386
BRDA:472,102,0,0
BRDA:478,103,0,0
BRDA:478,104,0,0
BRDA:478,105,0,33
BRDA:479,106,0,7
BRDA:479,106,1,26
BRDA:479,107,0,33
BRDA:479,107,1,33
BRDA:480,108,0,1
BRDA:480,108,1,25
BRDA:480,109,0,26
BRDA:480,109,1,1
BRDA:480,109,2,1
BRDA:497,110,0,0
BRDA:502,111,0,0
BRDA:502,112,0,2
BRDA:513,113,0,6497
BRDA:513,113,1,0
BRDA:513,113,2,0
BRDA:514,114,0,1457
BRDA:514,114,1,5040
BRDA:514,115,0,6497
BRDA:514,115,1,5919
BRDA:515,116,0,0
BRDA:515,116,1,5040
BRDA:515,117,0,5040
BRDA:515,117,1,5040
BRDA:515,117,2,5040
BRDA:516,118,0,147
BRDA:516,118,1,4893
BRDA:516,119,0,5040
BRDA:516,119,1,156
BRDA:518,120,0,4893
BRDA:518,120,1,41
BRDA:518,121,0,4893
BRDA:518,121,1,0
BRDA:520,122,0,4893
BRDA:520,122,1,0
BRDA:522,123,0,4893
BRDA:522,123,1,315
BRDA:524,124,0,4893
BRDA:524,124,1,3385
BRDA:526,125,0,2341
BRDA:526,125,1,2552
BRDA:556,126,0,0
BRDA:556,126,1,28
BRDA:556,127,0,28
BRDA:556,127,1,28
BRDA:563,128,0,0
BRDA:574,129,0,13296
BRDA:574,129,1,0
BRDA:574,129,2,0
BRDA:575,130,0,2004
BRDA:575,130,1,11292
BRDA:575,131,0,13296
BRDA:575,131,1,13220
BRDA:575,131,2,12930
BRDA:578,132,0,904
BRDA:578,132,1,10388
BRDA:578,133,0,11292
BRDA:578,133,1,10388
BRDA:579,134,0,10388
BRDA:579,134,1,840
BRDA:580,135,0,840
BRDA:580,135,1,9548
BRDA:581,136,0,1460
BRDA:581,136,1,8088
BRDA:581,137,0,9548
BRDA:581,137,1,9548
BRDA:583,138,0,8088
BRDA:583,138,1,0
BRDA:586,139,0,16
BRDA:586,139,1,8072
BRDA:586,140,0,8088
BRDA:586,140,1,8088
BRDA:588,141,0,8072
BRDA:588,141,1,60
BRDA:588,142,0,8072
BRDA:588,142,1,0
BRDA:590,143,0,8072
BRDA:590,143,1,0
BRDA:592,144,0,14
BRDA:592,144,1,8058
BRDA:595,145,0,8072
BRDA:595,145,1,0
BRDA:598,146,0,8072
BRDA:598,146,1,386
BRDA:605,147,0,14
BRDA:605,147,1,0
BRDA:606,148,0,14
BRDA:606,148,1,0
BRDA:608,149,0,14
BRDA:608,149,1,0
BRDA:608,150,0,14
BRDA:608,150,1,14
BRDA:633,151,0,0
BRDA:633,152,0,0
BRDA:633,153,0,0
BRDA:638,154,0,0
BRDA:638,154,1,0
BRDA:644,155,0,0
BRDA:644,155,1,0
BRDA:645,156,0,0
BRDA:645,156,1,0
BRDA:651,157,0,0
BRDA:651,157,1,0
BRDA:666,158,0,0
BRDA:666,159,0,0
BRDA:669,160,0,152
BRDA:669,160,1,26492
BRDA:670,161,0,26492
BRDA:670,161,1,0
BRDA:674,162,0,26492
BRDA:674,162,1,0
BRDA:679,163,0,26492
BRDA:679,163,1,0
BRDA:679,163,2,0
BRDA:683,164,0,26476
BRDA:683,164,1,0
BRDA:683,165,0,26476
BRDA:683,165,1,0
BRDA:685,166,0,14
BRDA:685,166,1,2
BRDA:685,167,0,16
BRDA:685,167,1,14
BRDA:690,168,0,13272
BRDA:690,168,1,13272
BRDA:690,168,2,13272
BRDA:690,168,3,7802
BRDA:691,169,0,0
BRDA:691,169,1,2
BRDA:694,170,0,0
BRDA:694,170,1,0
BRDA:694,170,2,0
BRDA:698,171,0,13220
BRDA:698,171,1,13220
BRDA:698,171,2,13220
BRDA:703,172,0,0
BRDA:706,173,0,0
BRDA:706,173,1,0
BRDA:707,174,0,0
BRDA:707,174,1,0
BRDA:710,175,0,0
BRDA:710,175,1,0
BRDA:711,176,0,0
BRDA:711,176,1,0
BRDA:711,177,0,0
BRDA:711,177,1,0
BRDA:711,177,2,0
BRDA:718,178,0,0
BRDA:718,178,1,0
BRDA:718,179,0,0
BRDA:718,179,1,0
BRDA:719,180,0,0
BRDA:719,180,1,0
BRDA:719,181,0,0
BRDA:719,181,1,0
BRDA:722,182,0,0
BRDA:722,182,1,0
BRDA:722,183,0,0
BRDA:722,183,1,0
BRDA:723,184,0,0
BRDA:723,184,1,0
BRDA:723,185,0,0
BRDA:723,185,1,0
BRDA:729,186,0,0
BRDA:729,187,0,0
BRDA:729,188,0,0
BRDA:734,189,0,0
BRDA:734,189,1,0
BRDA:735,190,0,0
BRDA:735,190,1,0
BRDA:739,191,0,0
BRDA:739,191,1,0
BRDA:741,192,0,0
BRDA:741,192,1,0
BRDA:741,192,2,0
BRDA:744,193,0,0
BRDA:744,193,1,0
BRDA:744,194,0,0
BRDA:744,194,1,0
BRDA:746,195,0,0
BRDA:746,195,1,0
BRDA:760,196,0,0
BRDA:760,196,1,0
BRDA:770,197,0,0
BRDA:770,197,1,0
BRDA:771,198,0,0
BRDA:771,198,1,0
BRDA:773,199,0,0
BRDA:773,199,1,0
BRDA:773,200,0,0
BRDA:773,200,1,0
BRDA:775,201,0,0
BRDA:775,201,1,0
BRDA:776,202,0,0
BRDA:776,202,1,0
BRDA:779,203,0,0
BRDA:779,203,1,0
BRDA:780,204,0,0
BRDA:780,204,1,0
BRDA:780,205,0,0
BRDA:780,205,1,0
BRDA:783,206,0,0
BRDA:783,206,1,0
BRDA:784,207,0,0
BRDA:784,207,1,0
BRDA:784,208,0,0
BRDA:784,208,1,0
BRDA:789,209,0,0
BRDA:789,209,1,0
BRDA:790,210,0,0
BRDA:790,210,1,0
BRDA:793,211,0,0
BRDA:793,211,1,0
BRDA:793,212,0,0
BRDA:793,212,1,0
BRDA:793,212,2,0
BRDA:796,213,0,0
BRDA:796,213,1,0
BRDA:798,214,0,0
BRDA:798,214,1,0
BRDA:798,215,0,0
BRDA:798,215,1,0
BRDA:804,216,0,0
BRDA:804,216,1,0
BRDA:805,217,0,0
BRDA:805,217,1,0
BRDA:805,218,0,0
BRDA:805,218,1,0
BRDA:807,219,0,0
BRDA:807,219,1,0
BRDA:808,220,0,0
BRDA:808,220,1,0
BRDA:808,221,0,0
BRDA:808,221,1,0
BRDA:829,222,0,0
BRDA:829,222,1,0
BRDA:837,223,0,0
BRDA:837,223,1,0
BRDA:839,224,0,0
BRDA:839,224,1,0
BRDA:843,225,0,0
BRDA:843,225,1,0
BRDA:852,226,0,0
BRDA:852,226,1,0
BRDA:857,227,0,0
BRDA:857,227,1,0
BRDA:861,228,0,0
BRDA:861,228,1,0
BRDA:866,229,0,0
BRDA:866,229,1,0
BRDA:880,230,0,0
BRDA:880,230,1,0
BRDA:891,231,0,0
BRDA:891,232,0,0
BRDA:891,233,0,0
BRDA:891,234,0,0
BRDA:892,235,0,0
BRDA:892,235,1,0
BRDA:892,236,0,0
BRDA:892,236,1,0
BRDA:916,237,0,0
BRDA:916,237,1,0
BRDA:922,238,0,0
BRDA:922,238,1,0
BRDA:922,239,0,0
BRDA:922,239,1,0
BRDA:923,240,0,0
BRDA:923,240,1,0
BRDA:923,240,2,0
BRDA:923,240,3,0
BRDA:924,241,0,0
BRDA:924,241,1,0
BRDA:924,241,2,0
BRDA:924,241,3,0
BRDA:926,242,0,0
BRDA:926,242,1,0
BRDA:927,243,0,0
BRDA:927,243,1,0
BRDA:929,244,0,0
BRDA:929,244,1,0
BRDA:929,245,0,0
BRDA:929,245,1,0
BRDA:929,245,2,0
BRDA:932,246,0,0
BRDA:932,246,1,0
BRDA:933,247,0,0
BRDA:933,247,1,0
BRDA:933,248,0,0
BRDA:933,248,1,0
BRDA:939,249,0,0
BRDA:939,249,1,0
BRDA:940,250,0,0
BRDA:940,250,1,0
BRDA:940,251,0,0
BRDA:940,251,1,0
BRDA:942,252,0,0
BRDA:942,252,1,0
BRDA:943,253,0,0
BRDA:943,253,1,0
BRDA:943,254,0,0
BRDA:943,254,1,0
BRDA:954,255,0,0
BRDA:954,255,1,0
BRDA:959,256,0,0
BRDA:959,256,1,0
BRDA:959,257,0,0
BRDA:959,257,1,0
BRDA:960,258,0,0
BRDA:960,258,1,0
BRDA:960,258,2,0
BRDA:960,258,3,0
BRDA:961,259,0,0
BRDA:961,259,1,0
BRDA:961,259,2,0
BRDA:961,259,3,0
BRDA:963,260,0,0
BRDA:963,260,1,0
BRDA:964,261,0,0
BRDA:964,261,1,0
BRDA:966,262,0,0
BRDA:966,262,1,0
BRDA:966,263,0,0
BRDA:966,263,1,0
BRDA:966,263,2,0
BRDA:969,264,0,0
BRDA:969,264,1,0
BRDA:970,265,0,0
BRDA:970,265,1,0
BRDA:970,266,0,0
BRDA:970,266,1,0
BRDA:976,267,0,0
BRDA:976,267,1,0
BRDA:977,268,0,0
BRDA:977,268,1,0
BRDA:977,269,0,0
BRDA:977,269,1,0
BRDA:979,270,0,0
BRDA:979,270,1,0
BRDA:980,271,0,0
BRDA:980,271,1,0
BRDA:980,272,0,0
BRDA:980,272,1,0
BRDA:991,273,0,9240
BRDA:991,273,1,16
BRDA:993,274,0,9240
BRDA:993,274,1,1866
BRDA:994,275,0,9240
BRDA:994,275,1,36
BRDA:1004,276,0,45412
BRDA:1004,276,1,18723
BRDA:1007,277,0,37
BRDA:1007,277,1,45375
BRDA:1007,278,0,45412
BRDA:1007,278,1,37
BRDA:1014,279,0,18517
BRDA:1014,279,1,27687
BRDA:1017,280,0,0
BRDA:1017,280,1,27687
BRDA:1023,281,0,0
BRDA:1023,281,1,26858
BRDA:1028,282,0,8171
BRDA:1028,282,1,18687
BRDA:1029,283,0,8171
BRDA:1029,283,1,0
BRDA:1036,284,0,3
BRDA:1036,284,1,65350
BRDA:1036,285,0,65353
BRDA:1036,285,1,20
BRDA:1036,285,2,3
BRDA:1043,286,0,7920
BRDA:1043,286,1,248
BRDA:1043,287,0,8168
BRDA:1043,287,1,8168
BRDA:1043,287,2,7926
BRDA:1043,287,3,7920
BRDA:1046,288,0,242
BRDA:1046,288,1,6
BRDA:1046,289,0,248
BRDA:1046,289,1,242
BRDA:1046,289,2,242
BRDA:1052,290,0,18693
BRDA:1052,290,1,0
BRDA:1054,291,0,18693
BRDA:1054,291,1,0
BRDA:1054,292,0,18693
BRDA:1054,292,1,18693
BRDA:1054,292,2,18693
BRDA:1055,293,0,18693
BRDA:1055,293,1,0
BRDA:1055,294,0,18693
BRDA:1055,294,1,18693
BRDA:1065,295,0,76
BRDA:1065,295,1,13294
BRDA:1067,296,0,13294
BRDA:1067,296,1,0
BRDA:1067,297,0,13294
BRDA:1067,297,1,0
BRDA:1070,298,0,13294
BRDA:1070,298,1,0
BRDA:1071,299,0,13294
BRDA:1071,299,1,810
BRDA:1072,300,0,8606
BRDA:1072,300,1,4688
BRDA:1081,301,0,13294
BRDA:1081,301,1,6932
BRDA:1081,301,2,2774
BRDA:1082,302,0,4158
BRDA:1082,302,1,9136
BRDA:1086,303,0,4158
BRDA:1086,303,1,13414
BRDA:1086,304,0,17572
BRDA:1086,304,1,13414
BRDA:1088,305,0,9256
BRDA:1088,305,1,4158
BRDA:1088,306,0,13414
BRDA:1088,306,1,9256
BRDA:1088,306,2,9256
BRDA:1090,307,0,0
BRDA:1090,307,1,4158
BRDA:1090,308,0,4158
BRDA:1090,308,1,0
BRDA:1094,309,0,2774
BRDA:1094,309,1,6362
BRDA:1100,310,0,4156
BRDA:1100,310,1,9138
BRDA:1101,311,0,0
BRDA:1101,311,1,4156
BRDA:1106,312,0,1209
BRDA:1106,312,1,12085
BRDA:1106,313,0,13294
BRDA:1106,313,1,2855
BRDA:1107,314,0,10439
BRDA:1107,314,1,1646
BRDA:1107,315,0,12085
BRDA:1107,315,1,12085
BRDA:1108,316,0,1646
BRDA:1108,316,1,0
BRDA:1108,317,0,1646
BRDA:1108,317,1,1646
BRDA:1112,318,0,13294
BRDA:1112,318,1,0
BRDA:1112,318,2,0
BRDA:1113,319,0,13294
BRDA:1113,319,1,0
BRDA:1118,320,0,1209
BRDA:1118,320,1,12085
BRDA:1119,321,0,10439
BRDA:1119,321,1,1646
BRDA:1120,322,0,1646
BRDA:1120,322,1,0
BRDA:1132,323,0,6679
BRDA:1132,323,1,38
BRDA:1132,324,0,823
BRDA:1132,324,1,5856
BRDA:1145,325,0,0
BRDA:1145,325,1,0
BRDA:1145,326,0,0
BRDA:1145,326,1,0
BRDA:1146,327,0,0
BRDA:1146,327,1,0
BRDA:1146,328,0,0
BRDA:1146,328,1,0
BRDA:1146,328,2,0
BRDA:1146,328,3,0
BRDA:1156,329,0,0
BRDA:1156,329,1,0
BRDA:1163,330,0,0
BRDA:1163,330,1,0
BRDA:1179,331,0,0
BRDA:1179,331,1,0
BRDA:1191,332,0,0
BRDA:1191,332,1,0
BRDA:1192,333,0,0
BRDA:1192,333,1,0
BRDA:1196,334,0,0
BRDA:1196,334,1,0
BRDA:1198,335,0,0
BRDA:1198,335,1,0
BRDA:1201,336,0,0
BRDA:1201,336,1,0
BRDA:1208,337,0,0
BRDA:1208,337,1,0
BRDA:1211,338,0,0
BRDA:1211,338,1,0
BRDA:1212,339,0,0
BRDA:1212,339,1,0
BRDA:1281,340,0,0
BRDA:1281,340,1,0
BRDA:1281,341,0,0
BRDA:1281,341,1,0
BRDA:1281,341,2,0
BRDA:1284,342,0,0
BRDA:1284,342,1,0
BRDA:1287,343,0,0
BRDA:1287,343,1,0
BRDA:1287,344,0,0
BRDA:1287,344,1,0
BRDA:1287,344,2,0
BRDA:1287,344,3,0
BRDA:1287,344,4,0
BRDA:1287,344,5,0
BRDA:1292,345,0,0
BRDA:1292,345,1,0
BRDA:1292,346,0,0
BRDA:1292,346,1,0
BRDA:1295,347,0,0
BRDA:1295,347,1,0
BRDA:1295,348,0,0
BRDA:1295,348,1,0
BRDA:1299,349,0,0
BRDA:1299,349,1,0
BRDA:1319,350,0,0
BRDA:1323,351,0,1454
BRDA:1323,351,1,5194
BRDA:1324,352,0,6017
BRDA:1324,352,1,631
BRDA:1334,353,0,37
BRDA:1334,353,1,10
BRDA:1336,354,0,0
BRDA:1336,354,1,37
BRDA:1336,355,0,37
BRDA:1336,355,1,0
BRDA:1349,356,0,4
BRDA:1350,357,0,4
BRDA:1351,358,0,4
BRDA:1352,359,0,4
BRDA:1353,360,0,5
BRDA:1373,361,0,0
BRDA:1373,361,1,26
BRDA:1373,362,0,26
BRDA:1373,362,1,26
BRDA:1373,362,2,26
BRDA:1373,362,3,26
BRDA:1373,362,4,26
BRDA:1373,362,5,0
BRDA:1374,363,0,0
BRDA:1374,363,1,26
BRDA:1374,364,0,26
BRDA:1374,364,1,0
BRDA:1376,365,0,26
BRDA:1376,365,1,0
BRDA:1377,366,0,1
BRDA:1377,366,1,25
BRDA:1377,367,0,26
BRDA:1377,367,1,5
BRDA:1379,368,0,25
BRDA:1379,368,1,0
BRDA:1380,369,0,25
BRDA:1380,369,1,0
BRDA:1380,370,0,25
BRDA:1380,370,1,0
BRDA:1384,371,0,25
BRDA:1384,371,1,0
BRDA:1393,372,0,25
BRDA:1393,372,1,13
BRDA:1394,373,0,7
BRDA:1394,373,1,18
BRDA:1395,374,0,7
BRDA:1395,374,1,0
BRDA:1411,375,0,7
BRDA:1411,375,1,2
BRDA:1418,376,0,5
BRDA:1418,376,1,2
BRDA:1421,377,0,2
BRDA:1421,377,1,3
BRDA:1423,378,0,1
BRDA:1423,378,1,2
BRDA:1426,379,0,2
BRDA:1426,379,1,0
BRDA:1433,380,0,5
BRDA:1433,380,1,2
BRDA:1435,381,0,5
BRDA:1435,381,1,0
BRDA:1438,382,0,0
BRDA:1438,382,1,5
BRDA:1439,383,0,0
BRDA:1439,383,1,5
BRDA:1441,384,0,5
BRDA:1441,384,1,0
BRDA:1446,385,0,1
BRDA:1446,385,1,4
BRDA:1450,386,0,1
BRDA:1450,386,1,0
BRF:791
BRH:391
end_of_record
TN:
SF:services/financialHealthService.ts
FN:171,toMonthKey
FN:175,shiftMonth
FN:179,monthStart
FN:183,monthEnd
FN:187,recordDate
FN:192,inMonth
FN:196,pctChange
FN:201,roundMoney
FN:206,applyHealthScope
FN:237,getIncomeExpenseRows
FN:243,(anonymous_10)
FN:248,expenseAbs
FN:252,isExpense
FN:256,isIncome
FN:260,isFixedExpense
FN:264,aggregateMonth
FN:306,buildMonthlyAggregateCache
FN:351,savingsRate
FN:356,topCategory
FN:370,scoreSavings
FN:379,scoreCashflow
FN:385,scoreStability
FN:387,(anonymous_22)
FN:390,(anonymous_23)
FN:398,scoreDebtBurden
FN:407,scoreOverspend
FN:425,computeHealthScore
FN:480,computeCashflowMonth
FN:497,computeCashflowYear
FN:520,computeExpenseStructure
FN:531,(anonymous_30)
FN:541,(anonymous_31)
FN:546,computeSavingsAnalysis
FN:566,(anonymous_33)
FN:570,(anonymous_34)
FN:582,computeCategoryTrend
FN:602,computeTopCategoryByMonth
FN:619,listMainCategories
FN:629,(anonymous_38)
FN:630,(anonymous_39)
FN:636,evaluateHealthRules
FN:759,(anonymous_41)
FN:764,daysBetween
FN:768,addDays
FN:774,formatYmd
FN:778,detectRecurringCharges
FN:783,(anonymous_46)
FN:811,(anonymous_47)
FN:825,(anonymous_48)
FN:832,(anonymous_49)
FN:839,(anonymous_50)
FN:851,(anonymous_51)
FN:854,getUpcomingPayments
FN:864,(anonymous_53)
FN:876,(anonymous_54)
FN:880,(anonymous_55)
FN:887,parseHour
FN:897,computeBehaviorStats
FN:903,(anonymous_58)
FN:960,(anonymous_59)
FN:972,(anonymous_60)
FN:973,(anonymous_61)
FN:975,(anonymous_62)
FN:988,buildMonthlyReport
FN:1013,evaluateAchievements
FN:1030,(anonymous_65)
FN:1070,buildHealthDashboard
FN:1092,(anonymous_67)
FN:1095,(anonymous_68)
FN:1104,(anonymous_69)
FN:1105,(anonymous_70)
FN:1106,(anonymous_71)
FN:1107,(anonymous_72)
FN:1108,(anonymous_73)
FN:1109,(anonymous_74)
FN:1110,(anonymous_75)
FN:1111,(anonymous_76)
FN:1112,(anonymous_77)
FN:1113,(anonymous_78)
FN:1114,(anonymous_79)
FN:1115,(anonymous_80)
FN:1116,(anonymous_81)
FN:1117,(anonymous_82)
FN:1117,(anonymous_83)
FN:1123,(anonymous_84)
FN:1124,(anonymous_85)
FN:1125,(anonymous_86)
FN:1126,(anonymous_87)
FN:1127,(anonymous_88)
FN:1128,(anonymous_89)
FN:1129,(anonymous_90)
FN:1130,(anonymous_91)
FN:1131,(anonymous_92)
FN:1132,(anonymous_93)
FN:1133,(anonymous_94)
FN:1134,(anonymous_95)
FN:1135,(anonymous_96)
FN:1136,(anonymous_97)
FNF:98
FNH:70
FNDA:45,toMonthKey
FNDA:55,shiftMonth
FNDA:0,monthStart
FNDA:4,monthEnd
FNDA:246,recordDate
FNDA:228,inMonth
FNDA:9,pctChange
FNDA:322,roundMoney
FNDA:19,applyHealthScope
FNDA:23,getIncomeExpenseRows
FNDA:69,(anonymous_10)
FNDA:76,expenseAbs
FNDA:57,isExpense
FNDA:66,isIncome
FNDA:40,isFixedExpense
FNDA:69,aggregateMonth
FNDA:2,buildMonthlyAggregateCache
FNDA:27,savingsRate
FNDA:9,topCategory
FNDA:7,scoreSavings
FNDA:7,scoreCashflow
FNDA:7,scoreStability
FNDA:21,(anonymous_22)
FNDA:18,(anonymous_23)
FNDA:7,scoreDebtBurden
FNDA:7,scoreOverspend
FNDA:7,computeHealthScore
FNDA:2,computeCashflowMonth
FNDA:0,computeCashflowYear
FNDA:2,computeExpenseStructure
FNDA:3,(anonymous_30)
FNDA:1,(anonymous_31)
FNDA:2,computeSavingsAnalysis
FNDA:15,(anonymous_33)
FNDA:6,(anonymous_34)
FNDA:0,computeCategoryTrend
FNDA:0,computeTopCategoryByMonth
FNDA:0,listMainCategories
FNDA:0,(anonymous_38)
FNDA:0,(anonymous_39)
FNDA:2,evaluateHealthRules
FNDA:1,(anonymous_41)
FNDA:6,daysBetween
FNDA:2,addDays
FNDA:13,formatYmd
FNDA:1,detectRecurringCharges
FNDA:4,(anonymous_46)
FNDA:3,(anonymous_47)
FNDA:3,(anonymous_48)
FNDA:3,(anonymous_49)
FNDA:4,(anonymous_50)
FNDA:0,(anonymous_51)
FNDA:1,getUpcomingPayments
FNDA:1,(anonymous_53)
FNDA:1,(anonymous_54)
FNDA:0,(anonymous_55)
FNDA:6,parseHour
FNDA:2,computeBehaviorStats
FNDA:14,(anonymous_58)
FNDA:8,(anonymous_59)
FNDA:14,(anonymous_60)
FNDA:6,(anonymous_61)
FNDA:4,(anonymous_62)
FNDA:2,buildMonthlyReport
FNDA:1,evaluateAchievements
FNDA:1,(anonymous_65)
FNDA:1,buildHealthDashboard
FNDA:14,(anonymous_67)
FNDA:5,(anonymous_68)
FNDA:1,(anonymous_69)
FNDA:1,(anonymous_70)
FNDA:0,(anonymous_71)
FNDA:1,(anonymous_72)
FNDA:0,(anonymous_73)
FNDA:0,(anonymous_74)
FNDA:0,(anonymous_75)
FNDA:0,(anonymous_76)
FNDA:0,(anonymous_77)
FNDA:0,(anonymous_78)
FNDA:1,(anonymous_79)
FNDA:1,(anonymous_80)
FNDA:0,(anonymous_81)
FNDA:0,(anonymous_82)
FNDA:0,(anonymous_83)
FNDA:1,(anonymous_84)
FNDA:1,(anonymous_85)
FNDA:0,(anonymous_86)
FNDA:1,(anonymous_87)
FNDA:0,(anonymous_88)
FNDA:0,(anonymous_89)
FNDA:0,(anonymous_90)
FNDA:0,(anonymous_91)
FNDA:0,(anonymous_92)
FNDA:0,(anonymous_93)
FNDA:0,(anonymous_94)
FNDA:1,(anonymous_95)
FNDA:1,(anonymous_96)
FNDA:0,(anonymous_97)
DA:6,1
DA:7,1
DA:8,1
DA:11,1
DA:134,1
DA:171,1
DA:172,45
DA:175,1
DA:176,55
DA:179,1
DA:180,0
DA:183,1
DA:184,4
DA:188,246
DA:189,246
DA:193,228
DA:197,9
DA:198,4
DA:202,322
DA:206,1
DA:210,19
DA:211,4
DA:212,4
DA:216,4
DA:220,4
DA:221,4
DA:222,13
DA:223,13
DA:224,13
DA:225,10
DA:226,9
DA:227,8
DA:228,1
DA:230,7
DA:233,4
DA:237,1
DA:241,23
DA:242,18
DA:243,69
DA:245,18
DA:249,76
DA:253,57
DA:257,66
DA:261,40
DA:264,1
DA:270,69
DA:271,69
DA:272,64
DA:273,64
DA:274,64
DA:275,64
DA:276,64
DA:277,64
DA:279,64
DA:280,222
DA:281,222
DA:283,60
DA:284,24
DA:285,36
DA:286,36
DA:287,36
DA:288,36
DA:289,36
DA:290,36
DA:291,36
DA:292,35
DA:296,64
DA:306,1
DA:310,2
DA:312,2
DA:313,6
DA:314,6
DA:315,6
DA:316,6
DA:317,6
DA:318,3
DA:326,3
DA:329,6
DA:330,2
DA:331,4
DA:332,4
DA:333,4
DA:334,4
DA:335,4
DA:336,4
DA:337,4
DA:338,3
DA:342,2
DA:343,3
DA:344,3
DA:345,3
DA:346,3
DA:348,2
DA:352,27
DA:353,16
DA:357,9
DA:358,9
DA:359,9
DA:360,9
DA:361,8
DA:362,8
DA:365,9
DA:371,7
DA:372,5
DA:373,0
DA:374,0
DA:375,0
DA:376,0
DA:380,7
DA:381,2
DA:382,1
DA:386,7
DA:387,21
DA:388,7
DA:390,18
DA:391,6
DA:392,6
DA:393,6
DA:394,6
DA:395,6
DA:399,7
DA:400,5
DA:401,5
DA:402,0
DA:403,0
DA:404,0
DA:411,7
DA:412,1
DA:413,1
DA:414,1
DA:415,1
DA:416,1
DA:417,1
DA:418,0
DA:420,1
DA:421,0
DA:422,0
DA:425,1
DA:432,7
DA:433,7
DA:434,7
DA:435,7
DA:436,7
DA:437,7
DA:439,7
DA:440,7
DA:441,21
DA:444,7
DA:452,7
DA:453,7
DA:461,7
DA:480,1
DA:486,2
DA:487,2
DA:488,2
DA:497,1
DA:504,0
DA:505,0
DA:506,0
DA:507,0
DA:508,0
DA:509,0
DA:517,0
DA:520,1
DA:525,2
DA:526,2
DA:527,2
DA:528,2
DA:530,2
DA:532,3
DA:533,3
DA:541,1
DA:546,1
DA:552,2
DA:553,2
DA:554,2
DA:555,15
DA:556,15
DA:557,15
DA:566,15
DA:568,2
DA:570,6
DA:572,2
DA:573,2
DA:574,2
DA:575,6
DA:576,6
DA:579,2
DA:582,1
DA:589,0
DA:590,0
DA:591,0
DA:592,0
DA:593,0
DA:594,0
DA:599,0
DA:602,1
DA:608,0
DA:609,0
DA:610,0
DA:611,0
DA:612,0
DA:613,0
DA:614,0
DA:616,0
DA:619,1
DA:620,0
DA:621,0
DA:622,0
DA:623,0
DA:624,0
DA:625,0
DA:628,0
DA:629,0
DA:630,0
DA:636,1
DA:643,2
DA:644,2
DA:645,2
DA:646,2
DA:647,2
DA:648,2
DA:649,2
DA:650,2
DA:653,2
DA:658,2
DA:659,2
DA:660,2
DA:661,2
DA:662,2
DA:663,1
DA:673,2
DA:674,0
DA:675,0
DA:676,0
DA:686,2
DA:687,1
DA:696,2
DA:697,1
DA:703,1
DA:704,0
DA:713,2
DA:714,0
DA:723,2
DA:724,2
DA:725,2
DA:726,2
DA:727,2
DA:728,2
DA:729,6
DA:730,4
DA:731,4
DA:732,0
DA:733,0
DA:734,0
DA:736,2
DA:737,0
DA:738,0
DA:748,2
DA:749,0
DA:750,0
DA:758,2
DA:759,2
DA:765,6
DA:769,2
DA:770,2
DA:771,2
DA:775,13
DA:778,1
DA:779,1
DA:781,1
DA:783,1
DA:784,4
DA:785,4
DA:786,4
DA:788,1
DA:792,1
DA:793,4
DA:794,4
DA:795,4
DA:796,4
DA:797,4
DA:798,4
DA:799,4
DA:801,4
DA:802,4
DA:803,4
DA:804,4
DA:807,1
DA:809,1
DA:810,1
DA:811,3
DA:813,1
DA:814,1
DA:815,4
DA:816,4
DA:817,4
DA:819,1
DA:821,1
DA:822,1
DA:823,3
DA:825,3
DA:827,1
DA:828,1
DA:829,1
DA:832,3
DA:833,1
DA:835,1
DA:836,1
DA:837,1
DA:838,1
DA:839,4
DA:841,1
DA:851,1
DA:854,1
DA:859,1
DA:860,1
DA:861,1
DA:863,1
DA:865,1
DA:867,1
DA:868,0
DA:870,1
DA:877,1
DA:878,1
DA:880,0
DA:885,1
DA:888,6
DA:889,6
DA:890,6
DA:891,6
DA:892,6
DA:894,0
DA:897,1
DA:902,2
DA:903,14
DA:904,2
DA:909,2
DA:915,2
DA:916,2
DA:917,2
DA:918,2
DA:919,2
DA:921,2
DA:922,6
DA:923,6
DA:924,6
DA:925,6
DA:926,6
DA:928,6
DA:929,6
DA:930,6
DA:931,2
DA:932,1
DA:934,6
DA:935,6
DA:936,6
DA:937,6
DA:938,6
DA:939,5
DA:940,2
DA:943,6
DA:944,6
DA:945,4
DA:948,6
DA:949,6
DA:952,2
DA:953,2
DA:954,6
DA:955,4
DA:960,8
DA:961,2
DA:963,2
DA:965,2
DA:967,2
DA:971,2
DA:972,14
DA:973,6
DA:975,4
DA:988,1
DA:993,2
DA:994,2
DA:995,2
DA:996,2
DA:997,2
DA:998,2
DA:1000,2
DA:1013,1
DA:1020,1
DA:1021,1
DA:1022,1
DA:1023,1
DA:1024,1
DA:1025,1
DA:1026,1
DA:1027,1
DA:1029,1
DA:1030,1
DA:1033,1
DA:1035,1
DA:1039,1
DA:1070,1
DA:1078,1
DA:1079,1
DA:1085,1
DA:1086,1
DA:1092,1
DA:1093,14
DA:1095,14
DA:1096,5
DA:1097,5
DA:1098,5
DA:1100,5
DA:1104,1
DA:1105,1
DA:1106,1
DA:1107,1
DA:1108,1
DA:1109,1
DA:1110,1
DA:1111,1
DA:1112,1
DA:1113,1
DA:1114,1
DA:1115,1
DA:1116,1
DA:1117,1
DA:1122,1
DA:1123,1
DA:1124,1
DA:1125,0
DA:1126,1
DA:1127,0
DA:1128,0
DA:1129,0
DA:1130,0
DA:1131,0
DA:1132,0
DA:1133,0
DA:1134,1
DA:1135,1
DA:1136,0
LF:442
LH:376
BRDA:188,0,0,246
BRDA:188,0,1,0
BRDA:188,0,2,0
BRDA:193,1,0,228
BRDA:193,1,1,198
BRDA:197,2,0,5
BRDA:197,2,1,4
BRDA:197,3,0,0
BRDA:197,3,1,5
BRDA:210,4,0,15
BRDA:210,4,1,4
BRDA:212,5,0,1
BRDA:212,5,1,3
BRDA:216,6,0,1
BRDA:216,6,1,3
BRDA:216,7,0,4
BRDA:216,7,1,1
BRDA:222,8,0,13
BRDA:222,8,1,0
BRDA:223,9,0,13
BRDA:223,9,1,4
BRDA:224,10,0,3
BRDA:224,10,1,10
BRDA:224,11,0,13
BRDA:224,11,1,6
BRDA:225,12,0,1
BRDA:225,12,1,9
BRDA:226,13,0,1
BRDA:226,13,1,8
BRDA:226,14,0,9
BRDA:226,14,1,3
BRDA:227,15,0,1
BRDA:227,15,1,7
BRDA:227,16,0,8
BRDA:227,16,1,3
BRDA:228,17,0,1
BRDA:228,17,1,0
BRDA:241,18,0,5
BRDA:241,18,1,18
BRDA:241,19,0,23
BRDA:241,19,1,5
BRDA:242,20,0,18
BRDA:242,20,1,18
BRDA:243,21,0,69
BRDA:243,21,1,46
BRDA:249,22,0,76
BRDA:249,22,1,0
BRDA:261,23,0,40
BRDA:261,23,1,0
BRDA:267,24,0,0
BRDA:271,25,0,5
BRDA:271,25,1,64
BRDA:281,26,0,162
BRDA:281,26,1,60
BRDA:281,27,0,222
BRDA:281,27,1,222
BRDA:283,28,0,24
BRDA:283,28,1,36
BRDA:285,29,0,36
BRDA:285,29,1,0
BRDA:289,30,0,36
BRDA:289,30,1,0
BRDA:290,31,0,36
BRDA:290,31,1,34
BRDA:291,32,0,1
BRDA:291,32,1,35
BRDA:308,33,0,0
BRDA:314,34,0,0
BRDA:314,34,1,6
BRDA:317,35,0,3
BRDA:317,35,1,3
BRDA:329,36,0,2
BRDA:329,36,1,4
BRDA:331,37,0,4
BRDA:331,37,1,0
BRDA:335,38,0,4
BRDA:335,38,1,0
BRDA:336,39,0,4
BRDA:336,39,1,4
BRDA:337,40,0,1
BRDA:337,40,1,3
BRDA:352,41,0,11
BRDA:352,41,1,16
BRDA:360,42,0,8
BRDA:360,42,1,1
BRDA:371,43,0,2
BRDA:371,43,1,5
BRDA:372,44,0,5
BRDA:372,44,1,0
BRDA:373,45,0,0
BRDA:373,45,1,0
BRDA:374,46,0,0
BRDA:374,46,1,0
BRDA:375,47,0,0
BRDA:375,47,1,0
BRDA:380,48,0,5
BRDA:380,48,1,2
BRDA:381,49,0,1
BRDA:381,49,1,1
BRDA:386,50,0,0
BRDA:386,50,1,7
BRDA:388,51,0,1
BRDA:388,51,1,6
BRDA:392,52,0,0
BRDA:392,52,1,6
BRDA:393,53,0,0
BRDA:393,53,1,6
BRDA:394,54,0,0
BRDA:394,54,1,6
BRDA:399,55,0,2
BRDA:399,55,1,5
BRDA:401,56,0,5
BRDA:401,56,1,0
BRDA:402,57,0,0
BRDA:402,57,1,0
BRDA:403,58,0,0
BRDA:403,58,1,0
BRDA:411,59,0,6
BRDA:411,59,1,1
BRDA:414,60,0,1
BRDA:414,60,1,0
BRDA:415,61,0,0
BRDA:415,61,1,1
BRDA:417,62,0,1
BRDA:417,62,1,0
BRDA:418,63,0,0
BRDA:418,63,1,0
BRDA:418,64,0,0
BRDA:418,64,1,0
BRDA:420,65,0,1
BRDA:420,65,1,0
BRDA:421,66,0,0
BRDA:421,66,1,0
BRDA:428,67,0,0
BRDA:429,68,0,0
BRDA:452,69,0,7
BRDA:452,69,1,2
BRDA:453,70,0,6
BRDA:453,70,1,1
BRDA:483,71,0,0
BRDA:500,72,0,0
BRDA:501,73,0,0
BRDA:528,74,0,2
BRDA:528,74,1,0
BRDA:532,75,0,3
BRDA:532,75,1,2
BRDA:549,76,0,0
BRDA:568,77,0,0
BRDA:568,77,1,2
BRDA:575,78,0,2
BRDA:575,78,1,4
BRDA:575,79,0,6
BRDA:575,79,1,4
BRDA:576,80,0,3
BRDA:576,80,1,3
BRDA:576,81,0,6
BRDA:576,81,1,4
BRDA:586,82,0,0
BRDA:596,83,0,0
BRDA:596,83,1,0
BRDA:605,84,0,0
BRDA:619,85,0,0
BRDA:625,86,0,0
BRDA:625,86,1,0
BRDA:639,87,0,0
BRDA:640,88,0,0
BRDA:659,89,0,2
BRDA:659,89,1,1
BRDA:660,90,0,2
BRDA:660,90,1,1
BRDA:661,91,0,2
BRDA:661,91,1,0
BRDA:662,92,0,1
BRDA:662,92,1,1
BRDA:662,93,0,2
BRDA:662,93,1,1
BRDA:662,93,2,1
BRDA:674,94,0,0
BRDA:674,94,1,0
BRDA:675,95,0,0
BRDA:675,95,1,0
BRDA:675,96,0,0
BRDA:675,96,1,0
BRDA:686,97,0,1
BRDA:686,97,1,1
BRDA:686,98,0,2
BRDA:686,98,1,2
BRDA:689,99,0,1
BRDA:689,99,1,0
BRDA:696,100,0,1
BRDA:696,100,1,1
BRDA:696,101,0,2
BRDA:696,101,1,2
BRDA:703,102,0,0
BRDA:703,102,1,1
BRDA:703,103,0,1
BRDA:703,103,1,0
BRDA:713,104,0,0
BRDA:713,104,1,2
BRDA:713,105,0,2
BRDA:713,105,1,1
BRDA:729,106,0,2
BRDA:729,106,1,4
BRDA:731,107,0,4
BRDA:731,107,1,0
BRDA:731,108,0,4
BRDA:731,108,1,4
BRDA:731,108,2,0
BRDA:732,109,0,0
BRDA:732,109,1,0
BRDA:732,110,0,0
BRDA:732,110,1,0
BRDA:733,111,0,0
BRDA:733,111,1,0
BRDA:733,112,0,0
BRDA:733,112,1,0
BRDA:734,113,0,0
BRDA:734,113,1,0
BRDA:737,114,0,0
BRDA:737,114,1,0
BRDA:748,115,0,0
BRDA:748,115,1,2
BRDA:748,116,0,2
BRDA:748,116,1,0
BRDA:754,117,0,0
BRDA:754,117,1,0
BRDA:785,118,0,0
BRDA:785,118,1,4
BRDA:786,119,0,4
BRDA:786,119,1,0
BRDA:786,120,0,4
BRDA:786,120,1,3
BRDA:788,121,0,1
BRDA:788,121,1,0
BRDA:793,122,0,4
BRDA:793,122,1,0
BRDA:794,123,0,0
BRDA:794,123,1,4
BRDA:794,124,0,4
BRDA:794,124,1,4
BRDA:796,125,0,0
BRDA:796,125,1,4
BRDA:797,126,0,0
BRDA:797,126,1,4
BRDA:797,127,0,4
BRDA:797,127,1,4
BRDA:799,128,0,0
BRDA:799,128,1,4
BRDA:803,129,0,1
BRDA:803,129,1,3
BRDA:810,130,0,0
BRDA:810,130,1,1
BRDA:816,131,0,0
BRDA:816,131,1,4
BRDA:816,132,0,4
BRDA:816,132,1,3
BRDA:819,133,0,0
BRDA:819,133,1,1
BRDA:827,134,0,1
BRDA:827,134,1,1
BRDA:828,135,0,1
BRDA:828,135,1,1
BRDA:829,136,0,0
BRDA:829,136,1,1
BRDA:829,137,0,1
BRDA:829,137,1,0
BRDA:832,138,0,0
BRDA:832,138,1,3
BRDA:833,139,0,0
BRDA:833,139,1,1
BRDA:843,140,0,1
BRDA:843,140,1,0
BRDA:856,141,0,0
BRDA:857,142,0,1
BRDA:867,143,0,1
BRDA:867,143,1,1
BRDA:878,144,0,1
BRDA:878,144,1,1
BRDA:878,144,2,1
BRDA:888,145,0,0
BRDA:888,145,1,6
BRDA:890,146,0,6
BRDA:890,146,1,0
BRDA:890,147,0,6
BRDA:890,147,1,6
BRDA:892,148,0,6
BRDA:892,148,1,0
BRDA:892,149,0,6
BRDA:892,149,1,6
BRDA:923,150,0,0
BRDA:923,150,1,6
BRDA:923,151,0,6
BRDA:923,151,1,6
BRDA:930,152,0,4
BRDA:930,152,1,2
BRDA:931,153,0,1
BRDA:931,153,1,1
BRDA:934,154,0,6
BRDA:934,154,1,0
BRDA:935,155,0,6
BRDA:935,155,1,0
BRDA:937,156,0,0
BRDA:937,156,1,6
BRDA:938,157,0,1
BRDA:938,157,1,5
BRDA:939,158,0,3
BRDA:939,158,1,2
BRDA:943,159,0,6
BRDA:943,159,1,0
BRDA:943,160,0,6
BRDA:943,160,1,0
BRDA:943,160,2,0
BRDA:944,161,0,4
BRDA:944,161,1,2
BRDA:944,162,0,6
BRDA:944,162,1,4
BRDA:949,163,0,6
BRDA:949,163,1,6
BRDA:954,164,0,4
BRDA:954,164,1,2
BRDA:954,165,0,6
BRDA:954,165,1,4
BRDA:961,166,0,2
BRDA:961,166,1,1
BRDA:967,167,0,0
BRDA:967,167,1,2
BRDA:967,168,0,2
BRDA:967,168,1,2
BRDA:974,169,0,1
BRDA:974,169,1,1
BRDA:981,170,0,2
BRDA:981,170,1,0
BRDA:1016,171,0,0
BRDA:1017,172,0,0
BRDA:1030,173,0,1
BRDA:1030,173,1,1
BRDA:1030,174,0,1
BRDA:1030,174,1,0
BRDA:1035,175,0,1
BRDA:1035,175,1,1
BRDA:1035,175,2,0
BRDA:1044,176,0,1
BRDA:1044,176,1,1
BRDA:1044,176,2,1
BRDA:1049,177,0,1
BRDA:1049,177,1,0
BRDA:1050,178,0,1
BRDA:1050,178,1,1
BRDA:1055,179,0,1
BRDA:1055,179,1,0
BRDA:1056,180,0,1
BRDA:1056,180,1,1
BRDA:1056,180,2,1
BRDA:1061,181,0,1
BRDA:1061,181,1,0
BRDA:1073,182,0,0
BRDA:1074,183,0,0
BRDA:1078,184,0,1
BRDA:1078,184,1,1
BRDA:1096,185,0,5
BRDA:1096,185,1,0
BRF:361
BRH:236
end_of_record
TN:
SF:services/investmentFilters.ts
FN:5,toYmd
FN:12,createDefaultInvestmentDateRange
FN:21,inDateRange
FN:27,filterByDateRange
FN:32,(anonymous_4)
FN:35,sumRealizedPnl
FN:36,(anonymous_6)
FN:39,matchesPosition
FNF:8
FNH:7
FNDA:15,toYmd
FNDA:1,createDefaultInvestmentDateRange
FNDA:6,inDateRange
FNDA:1,filterByDateRange
FNDA:2,(anonymous_4)
FNDA:1,sumRealizedPnl
FNDA:1,(anonymous_6)
FNDA:0,matchesPosition
DA:5,1
DA:6,15
DA:7,15
DA:8,15
DA:9,15
DA:12,1
DA:13,1
DA:14,1
DA:15,1
DA:16,1
DA:17,1
DA:18,1
DA:21,1
DA:22,6
DA:23,6
DA:24,6
DA:27,1
DA:32,2
DA:35,1
DA:36,1
DA:39,1
DA:43,0
LF:22
LH:21
BRDA:12,0,0,0
BRDA:24,1,0,6
BRDA:24,1,1,5
BRDA:43,2,0,0
BRDA:43,2,1,0
BRDA:43,2,2,0
BRF:6
BRH:2
end_of_record
TN:
SF:services/investmentTimelineService.ts
FN:23,formatYmdDisplay
FN:28,ymdToMonth
FN:33,monthSpanFromDates
FN:43,timelineStockKey
FN:48,tradeNetFlow
FN:57,tradesInTimelineMonth
FN:64,(anonymous_6)
FN:66,(anonymous_7)
FN:69,buildTimeline
FN:75,(anonymous_9)
FN:81,(anonymous_10)
FN:92,(anonymous_11)
FN:119,computeInvestmentTimelines
FN:123,(anonymous_13)
FN:131,(anonymous_14)
FN:136,(anonymous_15)
FN:137,(anonymous_16)
FN:138,(anonymous_17)
FNF:18
FNH:17
FNDA:16,formatYmdDisplay
FNDA:18,ymdToMonth
FNDA:8,monthSpanFromDates
FNDA:11,timelineStockKey
FNDA:34,tradeNetFlow
FNDA:1,tradesInTimelineMonth
FNDA:3,(anonymous_6)
FNDA:2,(anonymous_7)
FNDA:8,buildTimeline
FNDA:16,(anonymous_9)
FNDA:16,(anonymous_10)
FNDA:13,(anonymous_11)
FNDA:3,computeInvestmentTimelines
FNDA:8,(anonymous_13)
FNDA:5,(anonymous_14)
FNDA:5,(anonymous_15)
FNDA:5,(anonymous_16)
FNDA:0,(anonymous_17)
DA:3,1
DA:24,16
DA:25,16
DA:29,18
DA:30,18
DA:34,8
DA:35,8
DA:36,8
DA:37,8
DA:38,8
DA:39,8
DA:43,1
DA:44,11
DA:48,1
DA:49,34
DA:50,29
DA:51,29
DA:53,5
DA:54,5
DA:57,1
DA:62,1
DA:64,3
DA:66,2
DA:75,16
DA:76,8
DA:78,8
DA:79,8
DA:81,8
DA:82,16
DA:83,16
DA:84,16
DA:85,16
DA:88,8
DA:89,8
DA:91,8
DA:92,8
DA:93,13
DA:94,13
DA:101,8
DA:102,8
DA:103,8
DA:105,8
DA:119,1
DA:120,3
DA:122,3
DA:123,3
DA:124,8
DA:125,8
DA:126,8
DA:127,8
DA:130,3
DA:132,5
DA:133,5
DA:134,5
DA:136,5
DA:137,5
DA:138,0
DA:141,3
DA:142,3
DA:143,3
DA:145,3
DA:146,3
LF:62
LH:61
BRDA:24,0,0,0
BRDA:24,0,1,16
BRDA:24,1,0,16
BRDA:24,1,1,16
BRDA:29,2,0,0
BRDA:29,2,1,18
BRDA:34,3,0,0
BRDA:34,3,1,8
BRDA:34,4,0,8
BRDA:34,4,1,8
BRDA:44,5,0,11
BRDA:44,5,1,3
BRDA:49,6,0,29
BRDA:49,6,1,5
BRDA:50,7,0,0
BRDA:50,7,1,29
BRDA:53,8,0,0
BRDA:53,8,1,5
BRDA:62,9,0,0
BRDA:62,9,1,1
BRDA:76,10,0,0
BRDA:76,10,1,8
BRDA:83,11,0,0
BRDA:83,11,1,16
BRDA:84,12,0,16
BRDA:84,12,1,13
BRDA:84,13,0,16
BRDA:84,13,1,0
BRDA:85,14,0,16
BRDA:85,14,1,0
BRDA:89,15,0,0
BRDA:89,15,1,8
BRDA:102,16,0,8
BRDA:102,16,1,0
BRDA:103,17,0,8
BRDA:103,17,1,0
BRDA:125,18,0,8
BRDA:125,18,1,5
BRDA:133,19,0,3
BRDA:133,19,1,2
BRDA:137,20,0,5
BRDA:137,20,1,3
BRDA:142,21,0,3
BRDA:142,21,1,0
BRDA:142,22,0,3
BRDA:142,22,1,3
BRF:46
BRH:32
end_of_record
TN:
SF:services/portfolioService.ts
FN:96,groupKey
FN:100,sortTrades
FN:101,(anonymous_2)
FN:106,buildPosition
FN:111,(anonymous_4)
FN:112,(anonymous_5)
FN:137,positionValue
FN:141,positionMergeKey
FN:145,positionDisplayName
FN:150,buildAllocation
FN:158,(anonymous_10)
FN:170,(anonymous_11)
FN:176,(anonymous_12)
FN:179,(anonymous_13)
FN:191,mergeMoversBySymbol
FN:197,(anonymous_15)
FN:228,(anonymous_16)
FN:232,buildPortfolioInsights
FN:237,(anonymous_18)
FN:238,(anonymous_19)
FN:239,(anonymous_20)
FN:240,(anonymous_21)
FN:241,(anonymous_22)
FN:245,(anonymous_23)
FN:247,(anonymous_24)
FN:251,(anonymous_25)
FN:252,(anonymous_26)
FN:256,(anonymous_27)
FN:263,(anonymous_28)
FN:269,(anonymous_29)
FN:274,(anonymous_30)
FN:276,(anonymous_31)
FN:279,(anonymous_32)
FN:283,(anonymous_33)
FN:288,(anonymous_34)
FN:303,(anonymous_35)
FN:304,(anonymous_36)
FN:305,(anonymous_37)
FN:317,(anonymous_38)
FN:324,buildPortfolio
FN:331,(anonymous_40)
FN:377,(anonymous_41)
FN:378,(anonymous_42)
FN:379,(anonymous_43)
FN:387,(anonymous_44)
FN:388,(anonymous_45)
FNF:46
FNH:42
FNDA:7,groupKey
FNDA:3,sortTrades
FNDA:4,(anonymous_2)
FNDA:5,buildPosition
FNDA:6,(anonymous_4)
FNDA:6,(anonymous_5)
FNDA:20,positionValue
FNDA:15,positionMergeKey
FNDA:8,positionDisplayName
FNDA:4,buildAllocation
FNDA:10,(anonymous_10)
FNDA:8,(anonymous_11)
FNDA:4,(anonymous_12)
FNDA:0,(anonymous_13)
FNDA:2,mergeMoversBySymbol
FNDA:5,(anonymous_15)
FNDA:2,(anonymous_16)
FNDA:2,buildPortfolioInsights
FNDA:5,(anonymous_18)
FNDA:5,(anonymous_19)
FNDA:5,(anonymous_20)
FNDA:0,(anonymous_21)
FNDA:0,(anonymous_22)
FNDA:4,(anonymous_23)
FNDA:4,(anonymous_24)
FNDA:5,(anonymous_25)
FNDA:5,(anonymous_26)
FNDA:5,(anonymous_27)
FNDA:3,(anonymous_28)
FNDA:1,(anonymous_29)
FNDA:4,(anonymous_30)
FNDA:4,(anonymous_31)
FNDA:5,(anonymous_32)
FNDA:3,(anonymous_33)
FNDA:3,(anonymous_34)
FNDA:4,(anonymous_35)
FNDA:4,(anonymous_36)
FNDA:4,(anonymous_37)
FNDA:5,(anonymous_38)
FNDA:3,buildPortfolio
FNDA:7,(anonymous_40)
FNDA:5,(anonymous_41)
FNDA:5,(anonymous_42)
FNDA:2,(anonymous_43)
FNDA:0,(anonymous_44)
FNDA:1,(anonymous_45)
DA:97,7
DA:101,3
DA:102,4
DA:111,6
DA:112,6
DA:113,5
DA:114,5
DA:115,5
DA:116,5
DA:118,5
DA:138,20
DA:142,15
DA:146,8
DA:155,4
DA:157,4
DA:158,4
DA:159,10
DA:160,10
DA:161,10
DA:162,10
DA:163,2
DA:165,8
DA:169,4
DA:170,8
DA:176,4
DA:178,4
DA:179,4
DA:180,4
DA:181,0
DA:188,4
DA:195,2
DA:197,2
DA:198,5
DA:199,5
DA:201,5
DA:202,5
DA:205,5
DA:206,5
DA:208,5
DA:209,1
DA:210,1
DA:211,1
DA:214,4
DA:227,2
DA:228,2
DA:232,2
DA:237,5
DA:238,5
DA:239,5
DA:240,2
DA:241,2
DA:242,2
DA:244,2
DA:245,4
DA:246,2
DA:247,4
DA:250,2
DA:251,5
DA:252,5
DA:255,2
DA:256,2
DA:257,5
DA:262,2
DA:263,3
DA:269,1
DA:271,2
DA:272,2
DA:273,2
DA:274,4
DA:276,4
DA:278,2
DA:279,5
DA:281,2
DA:283,3
DA:286,2
DA:288,3
DA:292,2
DA:303,4
DA:304,4
DA:305,4
DA:317,5
DA:324,2
DA:328,3
DA:329,3
DA:331,3
DA:332,7
DA:333,7
DA:334,7
DA:336,7
DA:337,6
DA:338,6
DA:348,6
DA:351,1
DA:353,1
DA:354,1
DA:355,1
DA:356,1
DA:357,1
DA:358,1
DA:359,1
DA:362,1
DA:376,3
DA:377,5
DA:378,5
DA:380,2
DA:381,2
DA:382,2
DA:385,3
DA:387,0
DA:388,1
LF:110
LH:108
BRDA:102,0,0,4
BRDA:102,0,1,2
BRDA:114,1,0,5
BRDA:114,1,1,0
BRDA:115,2,0,3
BRDA:115,2,1,2
BRDA:116,3,0,2
BRDA:116,3,1,3
BRDA:125,4,0,5
BRDA:125,4,1,0
BRDA:131,5,0,2
BRDA:131,5,1,3
BRDA:131,6,0,5
BRDA:131,6,1,3
BRDA:138,7,0,20
BRDA:138,7,1,0
BRDA:142,8,0,15
BRDA:142,8,1,0
BRDA:146,9,0,8
BRDA:146,9,1,0
BRDA:153,10,0,0
BRDA:155,11,0,0
BRDA:155,11,1,4
BRDA:162,12,0,2
BRDA:162,12,1,8
BRDA:180,13,0,0
BRDA:180,13,1,4
BRDA:198,14,0,5
BRDA:198,14,1,0
BRDA:199,15,0,0
BRDA:199,15,1,5
BRDA:199,16,0,5
BRDA:199,16,1,5
BRDA:202,17,0,5
BRDA:202,17,1,0
BRDA:208,18,0,1
BRDA:208,18,1,4
BRDA:235,19,0,0
BRDA:239,20,0,5
BRDA:239,20,1,1
BRDA:259,21,0,5
BRDA:259,21,1,3
BRDA:267,22,0,3
BRDA:267,22,1,0
BRDA:272,23,0,2
BRDA:272,23,1,0
BRDA:281,24,0,2
BRDA:281,24,1,0
BRDA:283,25,0,3
BRDA:283,25,1,0
BRDA:283,26,0,3
BRDA:283,26,1,1
BRDA:286,27,0,2
BRDA:286,27,1,0
BRDA:288,28,0,3
BRDA:288,28,1,1
BRDA:288,29,0,3
BRDA:288,29,1,0
BRDA:298,30,0,2
BRDA:298,30,1,0
BRDA:302,31,0,2
BRDA:302,31,1,0
BRDA:312,32,0,2
BRDA:312,32,1,0
BRDA:312,33,0,2
BRDA:312,33,1,0
BRDA:314,34,0,0
BRDA:314,34,1,0
BRDA:314,35,0,0
BRDA:314,35,1,0
BRDA:326,36,0,1
BRDA:333,37,0,7
BRDA:333,37,1,5
BRDA:336,38,0,6
BRDA:336,38,1,1
BRDA:337,39,0,0
BRDA:337,39,1,6
BRDA:351,40,0,0
BRDA:351,40,1,1
BRDA:351,41,0,1
BRDA:351,41,1,1
BRDA:354,42,0,2
BRDA:354,42,1,1
BRDA:359,43,0,0
BRDA:359,43,1,1
BRDA:380,44,0,2
BRDA:380,44,1,1
BRDA:381,45,0,2
BRDA:381,45,1,1
BRDA:382,46,0,1
BRDA:382,46,1,1
BRF:91
BRH:62
end_of_record
TN:
SF:services/projectDefinitions.ts
FN:215,(anonymous_0)
FN:219,(anonymous_1)
FNF:2
FNH:2
FNDA:24,(anonymous_0)
FNDA:24,(anonymous_1)
DA:31,4
DA:214,4
DA:215,24
DA:219,24
DA:225,4
LF:5
LH:5
BRF:0
BRH:0
end_of_record
TN:
SF:services/reconciliationService.ts
FN:27,(anonymous_0)
FN:30,(anonymous_1)
FN:33,(anonymous_2)
FN:35,(anonymous_3)
FN:38,(anonymous_4)
FN:45,(anonymous_5)
FN:66,(anonymous_6)
FN:81,(anonymous_7)
FN:91,(anonymous_8)
FN:96,(anonymous_9)
FN:99,(anonymous_10)
FN:102,(anonymous_11)
FN:108,(anonymous_12)
FN:115,(anonymous_13)
FN:122,(anonymous_14)
FN:130,(anonymous_15)
FN:134,(anonymous_16)
FN:135,(anonymous_17)
FN:138,(anonymous_18)
FN:145,(anonymous_19)
FN:155,(anonymous_20)
FN:168,(anonymous_21)
FN:189,(anonymous_22)
FN:212,(anonymous_23)
FN:239,(anonymous_24)
FN:243,(anonymous_25)
FN:252,(anonymous_26)
FN:253,(anonymous_27)
FNF:28
FNH:25
FNDA:7,(anonymous_0)
FNDA:7,(anonymous_1)
FNDA:7,(anonymous_2)
FNDA:7,(anonymous_3)
FNDA:1,(anonymous_4)
FNDA:7,(anonymous_5)
FNDA:2,(anonymous_6)
FNDA:1,(anonymous_7)
FNDA:5,(anonymous_8)
FNDA:8,(anonymous_9)
FNDA:4,(anonymous_10)
FNDA:9,(anonymous_11)
FNDA:7,(anonymous_12)
FNDA:1,(anonymous_13)
FNDA:4,(anonymous_14)
FNDA:6,(anonymous_15)
FNDA:10,(anonymous_16)
FNDA:0,(anonymous_17)
FNDA:1,(anonymous_18)
FNDA:4,(anonymous_19)
FNDA:6,(anonymous_20)
FNDA:3,(anonymous_21)
FNDA:2,(anonymous_22)
FNDA:1,(anonymous_23)
FNDA:1,(anonymous_24)
FNDA:1,(anonymous_25)
FNDA:0,(anonymous_26)
FNDA:0,(anonymous_27)
DA:2,1
DA:3,1
DA:5,1
DA:27,1
DA:28,7
DA:30,1
DA:31,7
DA:33,7
DA:35,1
DA:36,7
DA:38,1
DA:39,1
DA:40,1
DA:41,1
DA:45,1
DA:50,7
DA:51,7
DA:52,7
DA:55,7
DA:56,7
DA:57,7
DA:66,1
DA:70,2
DA:71,2
DA:72,2
DA:73,2
DA:74,2
DA:75,1
DA:77,1
DA:78,1
DA:81,1
DA:85,1
DA:86,1
DA:87,1
DA:88,1
DA:91,1
DA:92,5
DA:96,1
DA:97,8
DA:99,1
DA:100,4
DA:102,1
DA:103,9
DA:104,9
DA:108,1
DA:109,7
DA:110,7
DA:111,7
DA:112,7
DA:115,1
DA:121,1
DA:122,1
DA:123,4
DA:124,4
DA:125,2
DA:126,2
DA:130,1
DA:134,10
DA:135,0
DA:138,1
DA:144,1
DA:145,1
DA:146,4
DA:147,4
DA:148,4
DA:149,3
DA:150,3
DA:155,1
DA:156,6
DA:157,6
DA:158,6
DA:160,0
DA:161,0
DA:163,0
DA:164,0
DA:165,0
DA:168,1
DA:174,3
DA:175,3
DA:176,3
DA:189,1
DA:193,2
DA:194,2
DA:195,2
DA:196,2
DA:197,4
DA:198,4
DA:199,4
DA:200,3
DA:201,3
DA:204,2
DA:212,1
DA:216,1
DA:217,1
DA:218,1
DA:220,1
DA:221,2
DA:222,2
DA:223,2
DA:224,2
DA:225,2
DA:226,1
DA:227,1
DA:231,1
DA:239,1
DA:243,1
DA:244,1
DA:245,1
DA:246,1
DA:247,0
DA:249,1
DA:252,1
DA:253,0
DA:254,0
DA:255,0
LF:115
LH:105
BRDA:40,0,0,0
BRDA:40,0,1,1
BRDA:48,1,0,0
BRDA:52,2,0,0
BRDA:52,2,1,7
BRDA:67,3,0,0
BRDA:68,4,0,0
BRDA:74,5,0,1
BRDA:74,5,1,1
BRDA:77,6,0,0
BRDA:77,6,1,1
BRDA:86,7,0,0
BRDA:86,7,1,1
BRDA:92,8,0,5
BRDA:92,8,1,5
BRDA:92,8,2,0
BRDA:92,9,0,5
BRDA:92,9,1,0
BRDA:93,10,0,0
BRDA:93,10,1,0
BRDA:97,11,0,8
BRDA:97,11,1,0
BRDA:100,12,0,4
BRDA:100,12,1,1
BRDA:103,13,0,0
BRDA:103,13,1,9
BRDA:103,14,0,9
BRDA:103,14,1,0
BRDA:104,15,0,9
BRDA:104,15,1,0
BRDA:110,16,0,0
BRDA:110,16,1,7
BRDA:112,17,0,7
BRDA:112,17,1,7
BRDA:119,18,0,1
BRDA:121,19,0,1
BRDA:123,20,0,0
BRDA:123,20,1,4
BRDA:124,21,0,2
BRDA:124,21,1,2
BRDA:125,22,0,0
BRDA:125,22,1,2
BRDA:125,23,0,2
BRDA:125,23,1,2
BRDA:134,24,0,6
BRDA:134,24,1,0
BRDA:142,25,0,1
BRDA:144,26,0,1
BRDA:147,27,0,0
BRDA:147,27,1,4
BRDA:148,28,0,1
BRDA:148,28,1,3
BRDA:149,29,0,0
BRDA:149,29,1,3
BRDA:149,30,0,3
BRDA:149,30,1,3
BRDA:156,31,0,6
BRDA:156,31,1,0
BRDA:156,32,0,6
BRDA:156,32,1,0
BRDA:157,33,0,6
BRDA:157,33,1,0
BRDA:157,34,0,6
BRDA:157,34,1,6
BRDA:160,35,0,0
BRDA:160,35,1,0
BRDA:160,36,0,0
BRDA:160,36,1,0
BRDA:163,37,0,0
BRDA:163,37,1,0
BRDA:164,38,0,0
BRDA:164,38,1,0
BRDA:175,39,0,3
BRDA:175,39,1,3
BRDA:182,40,0,3
BRDA:182,40,1,3
BRDA:182,40,2,2
BRDA:199,41,0,3
BRDA:199,41,1,1
BRDA:222,42,0,0
BRDA:222,42,1,2
BRDA:225,43,0,1
BRDA:225,43,1,1
BRDA:241,44,0,0
BRDA:246,45,0,1
BRDA:246,45,1,0
BRDA:247,46,0,0
BRDA:247,46,1,0
BRDA:247,47,0,0
BRDA:247,47,1,0
BRDA:249,48,0,1
BRDA:249,48,1,0
BRF:92
BRH:52
end_of_record
TN:
SF:services/shared.ts
FN:41,aggregateTravelProjects
FN:45,(anonymous_1)
FN:52,(anonymous_2)
FN:53,(anonymous_3)
FN:54,(anonymous_4)
FN:81,(anonymous_5)
FN:86,(anonymous_6)
FN:87,(anonymous_7)
FN:90,(anonymous_8)
FN:95,(anonymous_9)
FN:110,rankTravelSpendByYear
FN:113,(anonymous_11)
FN:128,(anonymous_12)
FN:130,(anonymous_13)
FN:135,(anonymous_14)
FN:138,(anonymous_15)
FNF:16
FNH:16
FNDA:1,aggregateTravelProjects
FNDA:7433,(anonymous_1)
FNDA:19,(anonymous_2)
FNDA:730,(anonymous_3)
FNDA:730,(anonymous_4)
FNDA:730,(anonymous_5)
FNDA:89,(anonymous_6)
FNDA:126,(anonymous_7)
FNDA:730,(anonymous_8)
FNDA:730,(anonymous_9)
FNDA:1,rankTravelSpendByYear
FNDA:19,(anonymous_11)
FNDA:4,(anonymous_12)
FNDA:19,(anonymous_13)
FNDA:27,(anonymous_14)
FNDA:3,(anonymous_15)
DA:5,1
DA:7,1
DA:33,1
DA:41,1
DA:42,1
DA:43,1
DA:45,1
DA:46,7433
DA:47,752
DA:48,730
DA:49,730
DA:52,1
DA:53,730
DA:54,730
DA:57,19
DA:58,19
DA:59,19
DA:60,19
DA:61,19
DA:64,19
DA:65,19
DA:66,19
DA:69,19
DA:70,19
DA:72,19
DA:73,19
DA:74,19
DA:77,19
DA:80,19
DA:81,19
DA:82,730
DA:83,730
DA:85,19
DA:86,89
DA:87,126
DA:90,730
DA:91,19
DA:94,19
DA:95,730
DA:98,19
DA:110,1
DA:111,1
DA:113,1
DA:114,19
DA:115,19
DA:116,19
DA:117,19
DA:118,0
DA:119,0
DA:120,0
DA:122,19
DA:123,19
DA:124,19
DA:127,1
DA:129,4
DA:130,19
DA:131,4
DA:135,27
DA:138,3
LF:59
LH:56
BRDA:46,0,0,6681
BRDA:46,0,1,752
BRDA:46,1,0,7433
BRDA:46,1,1,6650
BRDA:47,2,0,22
BRDA:47,2,1,730
BRDA:48,3,0,19
BRDA:48,3,1,711
BRDA:57,4,0,19
BRDA:57,4,1,0
BRDA:59,5,0,19
BRDA:59,5,1,0
BRDA:59,6,0,19
BRDA:59,6,1,19
BRDA:64,7,0,19
BRDA:64,7,1,0
BRDA:65,8,0,19
BRDA:65,8,1,0
BRDA:65,9,0,19
BRDA:65,9,1,19
BRDA:73,10,0,19
BRDA:73,10,1,0
BRDA:73,11,0,19
BRDA:73,11,1,19
BRDA:82,12,0,730
BRDA:82,12,1,0
BRDA:83,13,0,730
BRDA:83,13,1,89
BRDA:95,14,0,32
BRDA:95,14,1,698
BRDA:95,15,0,730
BRDA:95,15,1,711
BRDA:116,16,0,19
BRDA:116,16,1,0
BRDA:118,17,0,0
BRDA:118,17,1,0
BRDA:120,18,0,0
BRDA:120,18,1,0
BRDA:122,19,0,0
BRDA:122,19,1,19
BRDA:123,20,0,4
BRDA:123,20,1,15
BRF:42
BRH:30
end_of_record
TN:
SF:services/stockInfoService.ts
FN:26,createEmptyStockInfoCache
FN:30,cacheUri
FN:35,toCacheDate
FN:39,isCache
FN:47,buildStockNameMap
FN:50,(anonymous_14)
FN:59,(anonymous_15)
FN:65,loadStockInfoCache
FN:81,saveStockInfoCache
FN:87,fetchTaiwanStockInfo
FN:98,(anonymous_19)
FN:104,(anonymous_20)
FN:108,syncStockInfo
FNF:13
FNH:13
FNDA:3,createEmptyStockInfoCache
FNDA:6,cacheUri
FNDA:2,toCacheDate
FNDA:1,isCache
FNDA:2,buildStockNameMap
FNDA:5,(anonymous_14)
FNDA:4,(anonymous_15)
FNDA:3,loadStockInfoCache
FNDA:1,saveStockInfoCache
FNDA:2,fetchTaiwanStockInfo
FNDA:2,(anonymous_19)
FNDA:2,(anonymous_20)
FNDA:2,syncStockInfo
DA:1,1
DA:23,1
DA:24,1
DA:26,1
DA:27,3
DA:31,6
DA:32,6
DA:36,2
DA:40,1
DA:47,1
DA:48,2
DA:50,2
DA:51,5
DA:52,5
DA:53,5
DA:54,5
DA:58,2
DA:59,2
DA:60,4
DA:62,2
DA:65,1
DA:66,3
DA:67,3
DA:68,3
DA:70,2
DA:73,2
DA:74,1
DA:76,1
DA:77,1
DA:82,1
DA:88,2
DA:89,2
DA:90,1
DA:92,1
DA:93,1
DA:94,0
DA:97,1
DA:98,2
DA:104,2
DA:108,1
DA:111,2
DA:112,2
DA:113,2
DA:114,2
DA:116,2
DA:117,0
DA:120,2
DA:121,2
DA:122,2
DA:123,1
DA:128,1
DA:129,1
DA:131,1
DA:132,1
LF:54
LH:52
BRDA:31,0,0,6
BRDA:31,0,1,0
BRDA:32,1,0,6
BRDA:32,1,1,0
BRDA:40,2,0,1
BRDA:40,2,1,1
BRDA:40,2,2,1
BRDA:40,2,3,1
BRDA:51,3,0,0
BRDA:51,3,1,5
BRDA:51,4,0,5
BRDA:51,4,1,5
BRDA:53,5,0,5
BRDA:53,5,1,0
BRDA:53,6,0,5
BRDA:53,6,1,1
BRDA:53,7,0,1
BRDA:53,7,1,0
BRDA:53,8,0,1
BRDA:53,8,1,0
BRDA:68,9,0,1
BRDA:68,9,1,2
BRDA:74,10,0,1
BRDA:74,10,1,0
BRDA:90,11,0,0
BRDA:90,11,1,1
BRDA:93,12,0,0
BRDA:93,12,1,1
BRDA:93,13,0,1
BRDA:93,13,1,1
BRDA:93,13,2,1
BRDA:94,14,0,0
BRDA:94,14,1,0
BRDA:99,15,0,2
BRDA:99,15,1,0
BRDA:100,16,0,2
BRDA:100,16,1,0
BRDA:101,17,0,2
BRDA:101,17,1,0
BRDA:101,18,0,2
BRDA:101,18,1,0
BRDA:102,19,0,2
BRDA:102,19,1,0
BRDA:102,20,0,2
BRDA:102,20,1,0
BRDA:104,21,0,2
BRDA:104,21,1,2
BRDA:109,22,0,0
BRDA:111,23,0,2
BRDA:111,23,1,0
BRDA:113,24,0,2
BRDA:113,24,1,1
BRDA:116,25,0,0
BRDA:116,25,1,2
BRDA:116,26,0,2
BRDA:116,26,1,0
BRDA:116,26,2,0
BRDA:131,27,0,1
BRDA:131,27,1,0
BRF:59
BRH:36
end_of_record
TN:
SF:services/stockPriceService.ts
FN:24,createEmptyStockPriceCache
FN:28,cacheUri
FN:33,toCacheDate
FN:37,toApiDate
FN:41,isCache
FN:48,mergeStockPriceCache
FN:55,(anonymous_15)
FN:70,loadStockPriceCache
FN:86,saveStockPriceCache
FN:92,getLatestQuotes
FN:100,(anonymous_19)
FN:102,(anonymous_20)
FN:117,getPreviousQuotes
FN:125,(anonymous_22)
FN:127,(anonymous_23)
FN:142,fetchSymbolPrices
FN:153,(anonymous_25)
FN:158,(anonymous_26)
FN:164,syncStockPrices
FN:173,(anonymous_28)
FNF:20
FNH:19
FNDA:7,createEmptyStockPriceCache
FNDA:7,cacheUri
FNDA:4,toCacheDate
FNDA:2,toApiDate
FNDA:1,isCache
FNDA:7,mergeStockPriceCache
FNDA:10,(anonymous_15)
FNDA:3,loadStockPriceCache
FNDA:2,saveStockPriceCache
FNDA:1,getLatestQuotes
FNDA:1,(anonymous_19)
FNDA:3,(anonymous_20)
FNDA:1,getPreviousQuotes
FNDA:1,(anonymous_22)
FNDA:3,(anonymous_23)
FNDA:2,fetchSymbolPrices
FNDA:2,(anonymous_25)
FNDA:2,(anonymous_26)
FNDA:2,syncStockPrices
FNDA:0,(anonymous_28)
DA:1,1
DA:21,1
DA:22,1
DA:24,1
DA:25,7
DA:29,7
DA:30,7
DA:33,1
DA:34,4
DA:38,2
DA:42,1
DA:48,1
DA:53,7
DA:55,7
DA:56,10
DA:57,10
DA:63,7
DA:70,1
DA:71,3
DA:72,3
DA:73,3
DA:75,2
DA:78,2
DA:79,1
DA:81,1
DA:82,1
DA:87,2
DA:92,1
DA:97,1
DA:98,1
DA:100,1
DA:101,1
DA:102,3
DA:104,1
DA:105,1
DA:107,1
DA:114,1
DA:117,1
DA:122,1
DA:123,1
DA:125,1
DA:126,1
DA:127,3
DA:129,1
DA:130,1
DA:132,1
DA:139,1
DA:143,2
DA:144,2
DA:145,1
DA:147,1
DA:148,1
DA:149,0
DA:152,1
DA:153,2
DA:159,2
DA:164,1
DA:168,2
DA:169,2
DA:170,2
DA:171,2
DA:173,2
DA:174,0
DA:177,2
DA:178,2
DA:179,2
DA:180,2
DA:181,2
DA:183,2
DA:184,2
DA:185,2
DA:186,1
DA:187,1
DA:189,1
DA:193,2
DA:194,2
DA:195,2
DA:197,0
DA:200,2
LF:79
LH:76
BRDA:29,0,0,7
BRDA:29,0,1,0
BRDA:30,1,0,7
BRDA:30,1,1,0
BRDA:42,2,0,1
BRDA:42,2,1,1
BRDA:42,2,2,1
BRDA:42,2,3,1
BRDA:51,3,0,2
BRDA:56,4,0,0
BRDA:56,4,1,10
BRDA:56,5,0,10
BRDA:56,5,1,10
BRDA:56,5,2,10
BRDA:56,5,3,10
BRDA:58,6,0,10
BRDA:58,6,1,5
BRDA:73,7,0,1
BRDA:73,7,1,2
BRDA:79,8,0,1
BRDA:79,8,1,0
BRDA:95,9,0,0
BRDA:101,10,0,1
BRDA:101,10,1,0
BRDA:105,11,0,0
BRDA:105,11,1,1
BRDA:120,12,0,0
BRDA:126,13,0,1
BRDA:126,13,1,0
BRDA:130,14,0,0
BRDA:130,14,1,1
BRDA:145,15,0,0
BRDA:145,15,1,1
BRDA:148,16,0,0
BRDA:148,16,1,1
BRDA:148,17,0,1
BRDA:148,17,1,1
BRDA:148,17,2,1
BRDA:149,18,0,0
BRDA:149,18,1,0
BRDA:154,19,0,2
BRDA:154,19,1,0
BRDA:155,20,0,2
BRDA:155,20,1,0
BRDA:159,21,0,2
BRDA:159,21,1,1
BRDA:159,21,2,1
BRDA:166,22,0,0
BRDA:168,23,0,2
BRDA:168,23,1,0
BRDA:171,24,0,2
BRDA:171,24,1,1
BRDA:173,25,0,0
BRDA:173,25,1,2
BRDA:173,26,0,2
BRDA:173,26,1,0
BRDA:173,26,2,0
BRDA:173,27,0,0
BRDA:173,27,1,0
BRDA:178,28,0,2
BRDA:178,28,1,2
BRDA:187,29,0,1
BRDA:187,29,1,0
BRDA:189,30,0,1
BRDA:189,30,1,0
BRDA:197,31,0,0
BRDA:197,31,1,0
BRF:67
BRH:40
end_of_record
TN:
SF:services/stockTradeService.ts
FN:95,resolveStockSymbol
FN:105,withResolvedSymbols
FN:109,(anonymous_2)
FN:154,chineseNumberToInteger
FN:186,normalizeStockNoteLines
FN:192,(anonymous_5)
FN:194,(anonymous_6)
FN:197,parseQuantity
FN:211,stripTradePrefix
FN:215,parseName
FN:220,parseSellPrices
FN:230,parseBuyPrice
FN:241,amountTolerance
FN:245,getOwnership
FN:249,getSourceId
FN:254,isSecuritiesAccount
FN:258,isCashAccount
FN:262,getTradeSide
FN:271,getStockAccount
FN:275,makeIssue
FN:296,parseRecordLines
FN:305,(anonymous_21)
FN:334,(anonymous_22)
FN:345,(anonymous_23)
FN:368,deriveStockData
FN:372,(anonymous_25)
FNF:26
FNH:26
FNDA:246,resolveStockSymbol
FNDA:1,withResolvedSymbols
FNDA:1,(anonymous_2)
FNDA:2,chineseNumberToInteger
FNDA:6992,normalizeStockNoteLines
FNDA:14255,(anonymous_5)
FNDA:11058,(anonymous_6)
FNDA:246,parseQuantity
FNDA:440,stripTradePrefix
FNDA:246,parseName
FNDA:52,parseSellPrices
FNDA:194,parseBuyPrice
FNDA:164,amountTolerance
FNDA:240,getOwnership
FNDA:177,getSourceId
FNDA:9567,isSecuritiesAccount
FNDA:6731,isCashAccount
FNDA:6758,getTradeSide
FNDA:167,getStockAccount
FNDA:6,makeIssue
FNDA:165,parseRecordLines
FNDA:246,(anonymous_21)
FNDA:245,(anonymous_22)
FNDA:240,(anonymous_23)
FNDA:12,deriveStockData
FNDA:6796,(anonymous_25)
DA:2,3
DA:58,3
DA:61,3
DA:63,3
DA:76,3
DA:95,3
DA:99,246
DA:100,246
DA:101,246
DA:105,3
DA:109,1
DA:115,3
DA:116,3
DA:138,3
DA:152,3
DA:155,2
DA:157,2
DA:158,2
DA:160,2
DA:161,3
DA:162,2
DA:163,2
DA:165,1
DA:166,1
DA:167,1
DA:168,1
DA:170,0
DA:171,0
DA:172,0
DA:173,0
DA:175,0
DA:176,0
DA:177,0
DA:178,0
DA:180,0
DA:183,2
DA:186,3
DA:187,6992
DA:192,14255
DA:194,11058
DA:198,246
DA:199,246
DA:201,246
DA:202,246
DA:203,2
DA:204,2
DA:207,244
DA:208,244
DA:212,440
DA:216,246
DA:217,246
DA:221,52
DA:222,52
DA:224,51
DA:225,51
DA:226,51
DA:227,51
DA:231,194
DA:234,194
DA:235,194
DA:237,194
DA:238,194
DA:242,164
DA:246,240
DA:250,177
DA:255,9567
DA:259,6731
DA:263,6758
DA:264,6758
DA:265,6758
DA:266,6684
DA:267,6562
DA:268,6517
DA:272,167
DA:281,6
DA:301,165
DA:302,165
DA:303,165
DA:305,165
DA:306,246
DA:307,246
DA:308,246
DA:310,246
DA:311,246
DA:312,246
DA:313,246
DA:315,246
DA:316,246
DA:317,246
DA:319,245
DA:329,165
DA:330,1
DA:331,1
DA:334,164
DA:335,245
DA:336,245
DA:338,164
DA:339,164
DA:340,3
DA:341,3
DA:344,161
DA:345,240
DA:364,161
DA:368,3
DA:369,12
DA:370,12
DA:372,12
DA:373,6796
DA:375,6758
DA:376,6758
DA:377,6758
DA:379,6758
DA:380,6591
DA:383,6591
DA:384,0
DA:386,6591
DA:389,167
DA:390,2
DA:391,2
DA:394,165
DA:395,165
DA:396,161
DA:397,161
DA:400,4
DA:403,12
LF:125
LH:115
BRDA:58,0,0,3
BRDA:58,0,1,0
BRDA:64,1,0,3
BRDA:64,1,1,0
BRDA:65,2,0,3
BRDA:65,2,1,0
BRDA:66,3,0,3
BRDA:66,3,1,0
BRDA:67,4,0,3
BRDA:67,4,1,0
BRDA:68,5,0,3
BRDA:68,5,1,0
BRDA:69,6,0,3
BRDA:69,6,1,3
BRDA:99,7,0,246
BRDA:99,7,1,0
BRDA:100,8,0,0
BRDA:100,8,1,246
BRDA:101,9,0,246
BRDA:101,9,1,1
BRDA:101,9,2,1
BRDA:111,10,0,1
BRDA:111,10,1,0
BRDA:155,11,0,0
BRDA:155,11,1,2
BRDA:161,12,0,2
BRDA:161,12,1,1
BRDA:165,13,0,1
BRDA:165,13,1,0
BRDA:166,14,0,1
BRDA:166,14,1,0
BRDA:170,15,0,0
BRDA:170,15,1,0
BRDA:171,16,0,0
BRDA:171,16,1,0
BRDA:175,17,0,0
BRDA:175,17,1,0
BRDA:176,18,0,0
BRDA:176,18,1,0
BRDA:187,19,0,6992
BRDA:187,19,1,3196
BRDA:194,20,0,11058
BRDA:194,20,1,8927
BRDA:199,21,0,0
BRDA:199,21,1,246
BRDA:202,22,0,2
BRDA:202,22,1,244
BRDA:204,23,0,2
BRDA:204,23,1,0
BRDA:204,24,0,2
BRDA:204,24,1,2
BRDA:208,25,0,244
BRDA:208,25,1,0
BRDA:208,26,0,244
BRDA:208,26,1,244
BRDA:216,27,0,246
BRDA:216,27,1,0
BRDA:222,28,0,1
BRDA:222,28,1,51
BRDA:226,29,0,0
BRDA:226,29,1,51
BRDA:226,30,0,51
BRDA:226,30,1,51
BRDA:234,31,0,194
BRDA:234,31,1,0
BRDA:235,32,0,0
BRDA:235,32,1,194
BRDA:238,33,0,194
BRDA:238,33,1,0
BRDA:246,34,0,79
BRDA:246,34,1,161
BRDA:250,35,0,177
BRDA:250,35,1,0
BRDA:250,35,2,0
BRDA:251,36,0,0
BRDA:251,36,1,0
BRDA:251,36,2,0
BRDA:263,37,0,6758
BRDA:263,37,1,5302
BRDA:264,38,0,6758
BRDA:264,38,1,613
BRDA:265,39,0,74
BRDA:265,39,1,6684
BRDA:265,40,0,6758
BRDA:265,40,1,6684
BRDA:266,41,0,122
BRDA:266,41,1,6562
BRDA:266,42,0,6684
BRDA:266,42,1,2968
BRDA:267,43,0,45
BRDA:267,43,1,6517
BRDA:267,44,0,6562
BRDA:267,44,1,47
BRDA:272,45,0,167
BRDA:272,45,1,0
BRDA:272,46,0,122
BRDA:272,46,1,45
BRDA:279,47,0,2
BRDA:284,48,0,6
BRDA:284,48,1,0
BRDA:286,49,0,6
BRDA:286,49,1,0
BRDA:286,50,0,6
BRDA:286,50,1,0
BRDA:287,51,0,0
BRDA:287,51,1,6
BRDA:288,52,0,0
BRDA:288,52,1,0
BRDA:292,53,0,2
BRDA:292,53,1,4
BRDA:308,54,0,52
BRDA:308,54,1,194
BRDA:310,55,0,0
BRDA:310,55,1,246
BRDA:310,56,0,246
BRDA:310,56,1,246
BRDA:311,57,0,0
BRDA:311,57,1,246
BRDA:312,58,0,0
BRDA:312,58,1,246
BRDA:312,59,0,246
BRDA:312,59,1,194
BRDA:313,60,0,1
BRDA:313,60,1,245
BRDA:313,61,0,246
BRDA:313,61,1,52
BRDA:313,61,2,51
BRDA:315,62,0,0
BRDA:315,62,1,246
BRDA:315,63,0,246
BRDA:315,63,1,246
BRDA:316,64,0,0
BRDA:316,64,1,246
BRDA:316,65,0,246
BRDA:316,65,1,194
BRDA:317,66,0,1
BRDA:317,66,1,245
BRDA:317,67,0,246
BRDA:317,67,1,52
BRDA:317,67,2,51
BRDA:329,68,0,1
BRDA:329,68,1,164
BRDA:329,69,0,165
BRDA:329,69,1,164
BRDA:335,70,0,194
BRDA:335,70,1,51
BRDA:336,71,0,245
BRDA:336,71,1,0
BRDA:338,72,0,164
BRDA:338,72,1,0
BRDA:338,73,0,164
BRDA:338,73,1,0
BRDA:339,74,0,3
BRDA:339,74,1,161
BRDA:348,75,0,240
BRDA:348,75,1,0
BRDA:356,76,0,190
BRDA:356,76,1,50
BRDA:356,77,0,190
BRDA:356,77,1,0
BRDA:356,78,0,50
BRDA:356,78,1,0
BRDA:361,79,0,240
BRDA:361,79,1,0
BRDA:373,80,0,38
BRDA:373,80,1,6758
BRDA:373,81,0,6796
BRDA:373,81,1,0
BRDA:376,82,0,6758
BRDA:376,82,1,3195
BRDA:379,83,0,6591
BRDA:379,83,1,167
BRDA:380,84,0,6591
BRDA:380,84,1,37
BRDA:380,84,2,37
BRDA:380,85,0,6591
BRDA:380,85,1,0
BRDA:381,86,0,37
BRDA:381,86,1,0
BRDA:382,87,0,37
BRDA:382,87,1,0
BRDA:383,88,0,0
BRDA:383,88,1,6591
BRDA:389,89,0,2
BRDA:389,89,1,165
BRDA:395,90,0,161
BRDA:395,90,1,4
BRF:187
BRH:130
end_of_record
TN:
SF:utils/dateUtils.ts
FN:10,parseFormattedDate
FN:39,zeroPadDate
FN:52,getStartOfWeek
FN:59,getEndOfWeek
FN:64,addDays
FN:70,addWeeks
FN:74,addMonths
FN:80,addYears
FNF:8
FNH:2
FNDA:26787,parseFormattedDate
FNDA:13294,zeroPadDate
FNDA:0,getStartOfWeek
FNDA:0,getEndOfWeek
FNDA:0,addDays
FNDA:0,addWeeks
FNDA:0,addMonths
FNDA:0,addYears
DA:10,11
DA:11,26787
DA:14,26787
DA:16,26787
DA:17,286
DA:18,286
DA:19,286
DA:20,286
DA:21,286
DA:26,26501
DA:27,26501
DA:28,26501
DA:29,26501
DA:30,26501
DA:33,0
DA:39,11
DA:40,13294
DA:41,13294
DA:42,13294
DA:43,69
DA:44,69
DA:45,69
DA:46,69
DA:52,11
DA:53,0
DA:54,0
DA:55,0
DA:56,0
DA:59,11
DA:60,0
DA:61,0
DA:64,11
DA:65,0
DA:66,0
DA:67,0
DA:70,11
DA:71,0
DA:74,11
DA:75,0
DA:76,0
DA:77,0
DA:80,11
DA:81,0
DA:82,0
DA:83,0
LF:45
LH:28
BRDA:11,0,0,0
BRDA:11,0,1,26787
BRDA:11,1,0,26787
BRDA:11,1,1,26787
BRDA:14,2,0,286
BRDA:14,2,1,26501
BRDA:16,3,0,286
BRDA:16,3,1,26501
BRDA:20,4,0,286
BRDA:20,4,1,0
BRDA:20,5,0,286
BRDA:20,5,1,286
BRDA:20,5,2,286
BRDA:26,6,0,26501
BRDA:26,6,1,0
BRDA:26,7,0,26501
BRDA:26,7,1,26501
BRDA:40,8,0,0
BRDA:40,8,1,13294
BRDA:42,9,0,13225
BRDA:42,9,1,69
BRF:21
BRH:17
end_of_record
